<?xml version="1.0" encoding="UTF-8"?>
<!-- Generated by org.testng.reporters.JUnitReportReporter -->
<testsuite skipped="0" hostname="aravindramesh" name="iam.create.program.TC_02_create_program_with_non_mandatory_Fileds" tests="1" failures="0" timestamp="26 May 2020 10:08:01 GMT" time="0.010" errors="0">
  <testcase name="TC__02_create_program_with_non_mandatory_Fileds" time="0.010" classname="iam.create.program.TC_02_create_program_with_non_mandatory_Fileds"/>
</testsuite> <!-- iam.create.program.TC_02_create_program_with_non_mandatory_Fileds -->
