<?xml version="1.0" encoding="UTF-8"?>
<!-- Generated by org.testng.reporters.JUnitReportReporter -->
<testsuite skipped="0" hostname="aravindramesh" name="iam.USERS.update_users.TC_18_Update_user_by_auth_sign_level" tests="1" failures="0" timestamp="27 Jul 2020 08:02:19 GMT" time="0.004" errors="0">
  <testcase name="TC__18_Update_user_by_auth_sign_level" time="0.004" classname="iam.USERS.update_users.TC_18_Update_user_by_auth_sign_level"/>
</testsuite> <!-- iam.USERS.update_users.TC_18_Update_user_by_auth_sign_level -->
