<?xml version="1.0" encoding="UTF-8"?>
<!-- Generated by org.testng.reporters.JUnitReportReporter -->
<testsuite skipped="0" hostname="aravindramesh" name="iam.configuration_update_configuration.TC_05_Update_configuration_without_comptype_field" tests="1" failures="0" timestamp="06 May 2020 04:37:47 GMT" time="0.005" errors="0">
  <testcase name="TC_05__Update_configuration_without_comptype_field" time="0.005" classname="iam.configuration_update_configuration.TC_05_Update_configuration_without_comptype_field"/>
</testsuite> <!-- iam.configuration_update_configuration.TC_05_Update_configuration_without_comptype_field -->
