<?xml version="1.0" encoding="UTF-8"?>
<!-- Generated by org.testng.reporters.JUnitReportReporter -->
<testsuite skipped="0" hostname="aravindramesh" name="iam.USERS_get_list_of_users.TC_6_verify_whether_user_able_to_get_userinformation_with_different_group" tests="1" failures="0" timestamp="27 Jul 2020 09:27:51 GMT" time="0.499" errors="0">
  <testcase name="TC_6_verify_whether_user_able_to_get_userinformation_with__different_group" time="0.499" classname="iam.USERS_get_list_of_users.TC_6_verify_whether_user_able_to_get_userinformation_with_different_group"/>
</testsuite> <!-- iam.USERS_get_list_of_users.TC_6_verify_whether_user_able_to_get_userinformation_with_different_group -->
