<?xml version="1.0" encoding="UTF-8"?>
<!-- Generated by org.testng.reporters.JUnitReportReporter -->
<testsuite skipped="0" hostname="aravindramesh" name="iam.USERS_get_list_of_users.TC_02_3_verify_whether_user_able_to_get_all_ACTIVE_status_user_information2" tests="1" failures="0" timestamp="27 Jul 2020 09:27:51 GMT" time="0.141" errors="0">
  <testcase name="TC__02_03_verify_whether_user_able_to_get_all_ACTIVE_user_information2" time="0.141" classname="iam.USERS_get_list_of_users.TC_02_3_verify_whether_user_able_to_get_all_ACTIVE_status_user_information2"/>
</testsuite> <!-- iam.USERS_get_list_of_users.TC_02_3_verify_whether_user_able_to_get_all_ACTIVE_status_user_information2 -->
