<?xml version="1.0" encoding="UTF-8"?>
<!-- Generated by org.testng.reporters.JUnitReportReporter -->
<testsuite skipped="0" hostname="aravindramesh" name="sample.update" tests="1" failures="0" timestamp="15 May 2020 07:03:50 GMT" time="0.019" errors="0">
  <testcase name="TC_01__create_update_access_with_mandatory_Fileds" time="0.019" classname="sample.update"/>
</testsuite> <!-- sample.update -->
