<?xml version="1.0" encoding="UTF-8"?>
<!-- Generated by org.testng.reporters.JUnitReportReporter -->
<testsuite skipped="0" hostname="aravindramesh" name="iam.create_user.TC_58_user_able_to_create_inquirer_user" tests="1" failures="0" timestamp="21 May 2020 08:30:15 GMT" time="0.010" errors="0">
  <testcase name="TC__58_user_able_to_create_inquirer_user" time="0.010" classname="iam.create_user.TC_58_user_able_to_create_inquirer_user"/>
</testsuite> <!-- iam.create_user.TC_58_user_able_to_create_inquirer_user -->
