<?xml version="1.0" encoding="UTF-8"?>
<!-- Generated by org.testng.reporters.JUnitReportReporter -->
<testsuite skipped="1" hostname="aravindramesh" name="iam.PROGRAM_delete_program.TC_01_delete_program_by_valid_program_key" tests="2" failures="0" timestamp="26 Jun 2020 06:31:49 GMT" time="0.001" errors="1">
  <testcase name="delteprogram1" time="0.001" classname="iam.PROGRAM_delete_program.TC_01_delete_program_by_valid_program_key">
    <error type="java.lang.StackOverflowError">
      <![CDATA[java.lang.StackOverflowError
	at iam.PROGRAM_delete_program.TC_01_delete_program_by_valid_program_key.delteprogram1(TC_01_delete_program_by_valid_program_key.java:20)
	at iam.PROGRAM_delete_program.TC_01_delete_program_by_valid_program_key.delteprogram1(TC_01_delete_program_by_valid_program_key.java:20)
	at iam.PROGRAM_delete_program.TC_01_delete_program_by_valid_program_key.delteprogram1(TC_01_delete_program_by_valid_program_key.java:20)
	at iam.PROGRAM_delete_program.TC_01_delete_program_by_valid_program_key.delteprogram1(TC_01_delete_program_by_valid_program_key.java:20)
	at iam.PROGRAM_delete_program.TC_01_delete_program_by_valid_program_key.delteprogram1(TC_01_delete_program_by_valid_program_key.java:20)
	at iam.PROGRAM_delete_program.TC_01_delete_program_by_valid_program_key.delteprogram1(TC_01_delete_program_by_valid_program_key.java:20)
	at iam.PROGRAM_delete_program.TC_01_delete_program_by_valid_program_key.delteprogram1(TC_01_delete_program_by_valid_program_key.java:20)
	at iam.PROGRAM_delete_program.TC_01_delete_program_by_valid_program_key.delteprogram1(TC_01_delete_program_by_valid_program_key.java:20)
	at iam.PROGRAM_delete_program.TC_01_delete_program_by_valid_program_key.delteprogram1(TC_01_delete_program_by_valid_program_key.java:20)
	at iam.PROGRAM_delete_program.TC_01_delete_program_by_valid_program_key.delteprogram1(TC_01_delete_program_by_valid_program_key.java:20)
	at iam.PROGRAM_delete_program.TC_01_delete_program_by_valid_program_key.delteprogram1(TC_01_delete_program_by_valid_program_key.java:20)
	at iam.PROGRAM_delete_program.TC_01_delete_program_by_valid_program_key.delteprogram1(TC_01_delete_program_by_valid_program_key.java:20)
	at iam.PROGRAM_delete_program.TC_01_delete_program_by_valid_program_key.delteprogram1(TC_01_delete_program_by_valid_program_key.java:20)
	at iam.PROGRAM_delete_program.TC_01_delete_program_by_valid_program_key.delteprogram1(TC_01_delete_program_by_valid_program_key.java:20)
	at iam.PROGRAM_delete_program.TC_01_delete_program_by_valid_program_key.delteprogram1(TC_01_delete_program_by_valid_program_key.java:20)
	at iam.PROGRAM_delete_program.TC_01_delete_program_by_valid_program_key.delteprogram1(TC_01_delete_program_by_valid_program_key.java:20)
	at iam.PROGRAM_delete_program.TC_01_delete_program_by_valid_program_key.delteprogram1(TC_01_delete_program_by_valid_program_key.java:20)
	at iam.PROGRAM_delete_program.TC_01_delete_program_by_valid_program_key.delteprogram1(TC_01_delete_program_by_valid_program_key.java:20)
	at iam.PROGRAM_delete_program.TC_01_delete_program_by_valid_program_key.delteprogram1(TC_01_delete_program_by_valid_program_key.java:20)
	at iam.PROGRAM_delete_program.TC_01_delete_program_by_valid_program_key.delteprogram1(TC_01_delete_program_by_valid_program_key.java:20)
	at iam.PROGRAM_delete_program.TC_01_delete_program_by_valid_program_key.delteprogram1(TC_01_delete_program_by_valid_program_key.java:20)
	at iam.PROGRAM_delete_program.TC_01_delete_program_by_valid_program_key.delteprogram1(TC_01_delete_program_by_valid_program_key.java:20)
	at iam.PROGRAM_delete_program.TC_01_delete_program_by_valid_program_key.delteprogram1(TC_01_delete_program_by_valid_program_key.java:20)
	at iam.PROGRAM_delete_program.TC_01_delete_program_by_valid_program_key.delteprogram1(TC_01_delete_program_by_valid_program_key.java:20)
	at iam.PROGRAM_delete_program.TC_01_delete_program_by_valid_program_key.delteprogram1(TC_01_delete_program_by_valid_program_key.java:20)
	at iam.PROGRAM_delete_program.TC_01_delete_program_by_valid_program_key.delteprogram1(TC_01_delete_program_by_valid_program_key.java:20)
	at iam.PROGRAM_delete_program.TC_01_delete_program_by_valid_program_key.delteprogram1(TC_01_delete_program_by_valid_program_key.java:20)
	at iam.PROGRAM_delete_program.TC_01_delete_program_by_valid_program_key.delteprogram1(TC_01_delete_program_by_valid_program_key.java:20)
	at iam.PROGRAM_delete_program.TC_01_delete_program_by_valid_program_key.delteprogram1(TC_01_delete_program_by_valid_program_key.java:20)
	at iam.PROGRAM_delete_program.TC_01_delete_program_by_valid_program_key.delteprogram1(TC_01_delete_program_by_valid_program_key.java:20)
	at iam.PROGRAM_delete_program.TC_01_delete_program_by_valid_program_key.delteprogram1(TC_01_delete_program_by_valid_program_key.java:20)
	at iam.PROGRAM_delete_program.TC_01_delete_program_by_valid_program_key.delteprogram1(TC_01_delete_program_by_valid_program_key.java:20)
	at iam.PROGRAM_delete_program.TC_01_delete_program_by_valid_program_key.delteprogram1(TC_01_delete_program_by_valid_program_key.java:20)
	at iam.PROGRAM_delete_program.TC_01_delete_program_by_valid_program_key.delteprogram1(TC_01_delete_program_by_valid_program_key.java:20)
	at iam.PROGRAM_delete_program.TC_01_delete_program_by_valid_program_key.delteprogram1(TC_01_delete_program_by_valid_program_key.java:20)
	at iam.PROGRAM_delete_program.TC_01_delete_program_by_valid_program_key.delteprogram1(TC_01_delete_program_by_valid_program_key.java:20)
	at iam.PROGRAM_delete_program.TC_01_delete_program_by_valid_program_key.delteprogram1(TC_01_delete_program_by_valid_program_key.java:20)
	at iam.PROGRAM_delete_program.TC_01_delete_program_by_valid_program_key.delteprogram1(TC_01_delete_program_by_valid_program_key.java:20)
	at iam.PROGRAM_delete_program.TC_01_delete_program_by_valid_program_key.delteprogram1(TC_01_delete_program_by_valid_program_key.java:20)
	at iam.PROGRAM_delete_program.TC_01_delete_program_by_valid_program_key.delteprogram1(TC_01_delete_program_by_valid_program_key.java:20)
	at iam.PROGRAM_delete_program.TC_01_delete_program_by_valid_program_key.delteprogram1(TC_01_delete_program_by_valid_program_key.java:20)
	at iam.PROGRAM_delete_program.TC_01_delete_program_by_valid_program_key.delteprogram1(TC_01_delete_program_by_valid_program_key.java:20)
	at iam.PROGRAM_delete_program.TC_01_delete_program_by_valid_program_key.delteprogram1(TC_01_delete_program_by_valid_program_key.java:20)
	at iam.PROGRAM_delete_program.TC_01_delete_program_by_valid_program_key.delteprogram1(TC_01_delete_program_by_valid_program_key.java:20)
	at iam.PROGRAM_delete_program.TC_01_delete_program_by_valid_program_key.delteprogram1(TC_01_delete_program_by_valid_program_key.java:20)
	at iam.PROGRAM_delete_program.TC_01_delete_program_by_valid_program_key.delteprogram1(TC_01_delete_program_by_valid_program_key.java:20)
	at iam.PROGRAM_delete_program.TC_01_delete_program_by_valid_program_key.delteprogram1(TC_01_delete_program_by_valid_program_key.java:20)
	at iam.PROGRAM_delete_program.TC_01_delete_program_by_valid_program_key.delteprogram1(TC_01_delete_program_by_valid_program_key.java:20)
	at iam.PROGRAM_delete_program.TC_01_delete_program_by_valid_program_key.delteprogram1(TC_01_delete_program_by_valid_program_key.java:20)
	at iam.PROGRAM_delete_program.TC_01_delete_program_by_valid_program_key.delteprogram1(TC_01_delete_program_by_valid_program_key.java:20)
	at iam.PROGRAM_delete_program.TC_01_delete_program_by_valid_program_key.delteprogram1(TC_01_delete_program_by_valid_program_key.java:20)
	at iam.PROGRAM_delete_program.TC_01_delete_program_by_valid_program_key.delteprogram1(TC_01_delete_program_by_valid_program_key.java:20)
	at iam.PROGRAM_delete_program.TC_01_delete_program_by_valid_program_key.delteprogram1(TC_01_delete_program_by_valid_program_key.java:20)
	at iam.PROGRAM_delete_program.TC_01_delete_program_by_valid_program_key.delteprogram1(TC_01_delete_program_by_valid_program_key.java:20)
	at iam.PROGRAM_delete_program.TC_01_delete_program_by_valid_program_key.delteprogram1(TC_01_delete_program_by_valid_program_key.java:20)
	at iam.PROGRAM_delete_program.TC_01_delete_program_by_valid_program_key.delteprogram1(TC_01_delete_program_by_valid_program_key.java:20)
	at iam.PROGRAM_delete_program.TC_01_delete_program_by_valid_program_key.delteprogram1(TC_01_delete_program_by_valid_program_key.java:20)
	at iam.PROGRAM_delete_program.TC_01_delete_program_by_valid_program_key.delteprogram1(TC_01_delete_program_by_valid_program_key.java:20)
	at iam.PROGRAM_delete_program.TC_01_delete_program_by_valid_program_key.delteprogram1(TC_01_delete_program_by_valid_program_key.java:20)
	at iam.PROGRAM_delete_program.TC_01_delete_program_by_valid_program_key.delteprogram1(TC_01_delete_program_by_valid_program_key.java:20)
	at iam.PROGRAM_delete_program.TC_01_delete_program_by_valid_program_key.delteprogram1(TC_01_delete_program_by_valid_program_key.java:20)
	at iam.PROGRAM_delete_program.TC_01_delete_program_by_valid_program_key.delteprogram1(TC_01_delete_program_by_valid_program_key.java:20)
	at iam.PROGRAM_delete_program.TC_01_delete_program_by_valid_program_key.delteprogram1(TC_01_delete_program_by_valid_program_key.java:20)
	at iam.PROGRAM_delete_program.TC_01_delete_program_by_valid_program_key.delteprogram1(TC_01_delete_program_by_valid_program_key.java:20)
	at iam.PROGRAM_delete_program.TC_01_delete_program_by_valid_program_key.delteprogram1(TC_01_delete_program_by_valid_program_key.java:20)
	at iam.PROGRAM_delete_program.TC_01_delete_program_by_valid_program_key.delteprogram1(TC_01_delete_program_by_valid_program_key.java:20)
	at iam.PROGRAM_delete_program.TC_01_delete_program_by_valid_program_key.delteprogram1(TC_01_delete_program_by_valid_program_key.java:20)
	at iam.PROGRAM_delete_program.TC_01_delete_program_by_valid_program_key.delteprogram1(TC_01_delete_program_by_valid_program_key.java:20)
	at iam.PROGRAM_delete_program.TC_01_delete_program_by_valid_program_key.delteprogram1(TC_01_delete_program_by_valid_program_key.java:20)
	at iam.PROGRAM_delete_program.TC_01_delete_program_by_valid_program_key.delteprogram1(TC_01_delete_program_by_valid_program_key.java:20)
	at iam.PROGRAM_delete_program.TC_01_delete_program_by_valid_program_key.delteprogram1(TC_01_delete_program_by_valid_program_key.java:20)
	at iam.PROGRAM_delete_program.TC_01_delete_program_by_valid_program_key.delteprogram1(TC_01_delete_program_by_valid_program_key.java:20)
	at iam.PROGRAM_delete_program.TC_01_delete_program_by_valid_program_key.delteprogram1(TC_01_delete_program_by_valid_program_key.java:20)
	at iam.PROGRAM_delete_program.TC_01_delete_program_by_valid_program_key.delteprogram1(TC_01_delete_program_by_valid_program_key.java:20)
	at iam.PROGRAM_delete_program.TC_01_delete_program_by_valid_program_key.delteprogram1(TC_01_delete_program_by_valid_program_key.java:20)
	at iam.PROGRAM_delete_program.TC_01_delete_program_by_valid_program_key.delteprogram1(TC_01_delete_program_by_valid_program_key.java:20)
	at iam.PROGRAM_delete_program.TC_01_delete_program_by_valid_program_key.delteprogram1(TC_01_delete_program_by_valid_program_key.java:20)
	at iam.PROGRAM_delete_program.TC_01_delete_program_by_valid_program_key.delteprogram1(TC_01_delete_program_by_valid_program_key.java:20)
	at iam.PROGRAM_delete_program.TC_01_delete_program_by_valid_program_key.delteprogram1(TC_01_delete_program_by_valid_program_key.java:20)
	at iam.PROGRAM_delete_program.TC_01_delete_program_by_valid_program_key.delteprogram1(TC_01_delete_program_by_valid_program_key.java:20)
	at iam.PROGRAM_delete_program.TC_01_delete_program_by_valid_program_key.delteprogram1(TC_01_delete_program_by_valid_program_key.java:20)
	at iam.PROGRAM_delete_program.TC_01_delete_program_by_valid_program_key.delteprogram1(TC_01_delete_program_by_valid_program_key.java:20)
	at iam.PROGRAM_delete_program.TC_01_delete_program_by_valid_program_key.delteprogram1(TC_01_delete_program_by_valid_program_key.java:20)
	at iam.PROGRAM_delete_program.TC_01_delete_program_by_valid_program_key.delteprogram1(TC_01_delete_program_by_valid_program_key.java:20)
	at iam.PROGRAM_delete_program.TC_01_delete_program_by_valid_program_key.delteprogram1(TC_01_delete_program_by_valid_program_key.java:20)
	at iam.PROGRAM_delete_program.TC_01_delete_program_by_valid_program_key.delteprogram1(TC_01_delete_program_by_valid_program_key.java:20)
	at iam.PROGRAM_delete_program.TC_01_delete_program_by_valid_program_key.delteprogram1(TC_01_delete_program_by_valid_program_key.java:20)
	at iam.PROGRAM_delete_program.TC_01_delete_program_by_valid_program_key.delteprogram1(TC_01_delete_program_by_valid_program_key.java:20)
	at iam.PROGRAM_delete_program.TC_01_delete_program_by_valid_program_key.delteprogram1(TC_01_delete_program_by_valid_program_key.java:20)
	at iam.PROGRAM_delete_program.TC_01_delete_program_by_valid_program_key.delteprogram1(TC_01_delete_program_by_valid_program_key.java:20)
	at iam.PROGRAM_delete_program.TC_01_delete_program_by_valid_program_key.delteprogram1(TC_01_delete_program_by_valid_program_key.java:20)
	at iam.PROGRAM_delete_program.TC_01_delete_program_by_valid_program_key.delteprogram1(TC_01_delete_program_by_valid_program_key.java:20)
	at iam.PROGRAM_delete_program.TC_01_delete_program_by_valid_program_key.delteprogram1(TC_01_delete_program_by_valid_program_key.java:20)
	at iam.PROGRAM_delete_program.TC_01_delete_program_by_valid_program_key.delteprogram1(TC_01_delete_program_by_valid_program_key.java:20)
	at iam.PROGRAM_delete_program.TC_01_delete_program_by_valid_program_key.delteprogram1(TC_01_delete_program_by_valid_program_key.java:20)
	at iam.PROGRAM_delete_program.TC_01_delete_program_by_valid_program_key.delteprogram1(TC_01_delete_program_by_valid_program_key.java:20)
	at iam.PROGRAM_delete_program.TC_01_delete_program_by_valid_program_key.delteprogram1(TC_01_delete_program_by_valid_program_key.java:20)
	at iam.PROGRAM_delete_program.TC_01_delete_program_by_valid_program_key.delteprogram1(TC_01_delete_program_by_valid_program_key.java:20)
	at iam.PROGRAM_delete_program.TC_01_delete_program_by_valid_program_key.delteprogram1(TC_01_delete_program_by_valid_program_key.java:20)
	at iam.PROGRAM_delete_program.TC_01_delete_program_by_valid_program_key.delteprogram1(TC_01_delete_program_by_valid_program_key.java:20)
	at iam.PROGRAM_delete_program.TC_01_delete_program_by_valid_program_key.delteprogram1(TC_01_delete_program_by_valid_program_key.java:20)
	at iam.PROGRAM_delete_program.TC_01_delete_program_by_valid_program_key.delteprogram1(TC_01_delete_program_by_valid_program_key.java:20)
	at iam.PROGRAM_delete_program.TC_01_delete_program_by_valid_program_key.delteprogram1(TC_01_delete_program_by_valid_program_key.java:20)
	at iam.PROGRAM_delete_program.TC_01_delete_program_by_valid_program_key.delteprogram1(TC_01_delete_program_by_valid_program_key.java:20)
	at iam.PROGRAM_delete_program.TC_01_delete_program_by_valid_program_key.delteprogram1(TC_01_delete_program_by_valid_program_key.java:20)
	at iam.PROGRAM_delete_program.TC_01_delete_program_by_valid_program_key.delteprogram1(TC_01_delete_program_by_valid_program_key.java:20)
	at iam.PROGRAM_delete_program.TC_01_delete_program_by_valid_program_key.delteprogram1(TC_01_delete_program_by_valid_program_key.java:20)
	at iam.PROGRAM_delete_program.TC_01_delete_program_by_valid_program_key.delteprogram1(TC_01_delete_program_by_valid_program_key.java:20)
	at iam.PROGRAM_delete_program.TC_01_delete_program_by_valid_program_key.delteprogram1(TC_01_delete_program_by_valid_program_key.java:20)
	at iam.PROGRAM_delete_program.TC_01_delete_program_by_valid_program_key.delteprogram1(TC_01_delete_program_by_valid_program_key.java:20)
	at iam.PROGRAM_delete_program.TC_01_delete_program_by_valid_program_key.delteprogram1(TC_01_delete_program_by_valid_program_key.java:20)
	at iam.PROGRAM_delete_program.TC_01_delete_program_by_valid_program_key.delteprogram1(TC_01_delete_program_by_valid_program_key.java:20)
	at iam.PROGRAM_delete_program.TC_01_delete_program_by_valid_program_key.delteprogram1(TC_01_delete_program_by_valid_program_key.java:20)
	at iam.PROGRAM_delete_program.TC_01_delete_program_by_valid_program_key.delteprogram1(TC_01_delete_program_by_valid_program_key.java:20)
	at iam.PROGRAM_delete_program.TC_01_delete_program_by_valid_program_key.delteprogram1(TC_01_delete_program_by_valid_program_key.java:20)
	at iam.PROGRAM_delete_program.TC_01_delete_program_by_valid_program_key.delteprogram1(TC_01_delete_program_by_valid_program_key.java:20)
	at iam.PROGRAM_delete_program.TC_01_delete_program_by_valid_program_key.delteprogram1(TC_01_delete_program_by_valid_program_key.java:20)
	at iam.PROGRAM_delete_program.TC_01_delete_program_by_valid_program_key.delteprogram1(TC_01_delete_program_by_valid_program_key.java:20)
	at iam.PROGRAM_delete_program.TC_01_delete_program_by_valid_program_key.delteprogram1(TC_01_delete_program_by_valid_program_key.java:20)
	at iam.PROGRAM_delete_program.TC_01_delete_program_by_valid_program_key.delteprogram1(TC_01_delete_program_by_valid_program_key.java:20)
	at iam.PROGRAM_delete_program.TC_01_delete_program_by_valid_program_key.delteprogram1(TC_01_delete_program_by_valid_program_key.java:20)
	at iam.PROGRAM_delete_program.TC_01_delete_program_by_valid_program_key.delteprogram1(TC_01_delete_program_by_valid_program_key.java:20)
	at iam.PROGRAM_delete_program.TC_01_delete_program_by_valid_program_key.delteprogram1(TC_01_delete_program_by_valid_program_key.java:20)
	at iam.PROGRAM_delete_program.TC_01_delete_program_by_valid_program_key.delteprogram1(TC_01_delete_program_by_valid_program_key.java:20)
	at iam.PROGRAM_delete_program.TC_01_delete_program_by_valid_program_key.delteprogram1(TC_01_delete_program_by_valid_program_key.java:20)
	at iam.PROGRAM_delete_program.TC_01_delete_program_by_valid_program_key.delteprogram1(TC_01_delete_program_by_valid_program_key.java:20)
	at iam.PROGRAM_delete_program.TC_01_delete_program_by_valid_program_key.delteprogram1(TC_01_delete_program_by_valid_program_key.java:20)
	at iam.PROGRAM_delete_program.TC_01_delete_program_by_valid_program_key.delteprogram1(TC_01_delete_program_by_valid_program_key.java:20)
	at iam.PROGRAM_delete_program.TC_01_delete_program_by_valid_program_key.delteprogram1(TC_01_delete_program_by_valid_program_key.java:20)
	at iam.PROGRAM_delete_program.TC_01_delete_program_by_valid_program_key.delteprogram1(TC_01_delete_program_by_valid_program_key.java:20)
	at iam.PROGRAM_delete_program.TC_01_delete_program_by_valid_program_key.delteprogram1(TC_01_delete_program_by_valid_program_key.java:20)
	at iam.PROGRAM_delete_program.TC_01_delete_program_by_valid_program_key.delteprogram1(TC_01_delete_program_by_valid_program_key.java:20)
	at iam.PROGRAM_delete_program.TC_01_delete_program_by_valid_program_key.delteprogram1(TC_01_delete_program_by_valid_program_key.java:20)
	at iam.PROGRAM_delete_program.TC_01_delete_program_by_valid_program_key.delteprogram1(TC_01_delete_program_by_valid_program_key.java:20)
	at iam.PROGRAM_delete_program.TC_01_delete_program_by_valid_program_key.delteprogram1(TC_01_delete_program_by_valid_program_key.java:20)
	at iam.PROGRAM_delete_program.TC_01_delete_program_by_valid_program_key.delteprogram1(TC_01_delete_program_by_valid_program_key.java:20)
	at iam.PROGRAM_delete_program.TC_01_delete_program_by_valid_program_key.delteprogram1(TC_01_delete_program_by_valid_program_key.java:20)
	at iam.PROGRAM_delete_program.TC_01_delete_program_by_valid_program_key.delteprogram1(TC_01_delete_program_by_valid_program_key.java:20)
	at iam.PROGRAM_delete_program.TC_01_delete_program_by_valid_program_key.delteprogram1(TC_01_delete_program_by_valid_program_key.java:20)
	at iam.PROGRAM_delete_program.TC_01_delete_program_by_valid_program_key.delteprogram1(TC_01_delete_program_by_valid_program_key.java:20)
	at iam.PROGRAM_delete_program.TC_01_delete_program_by_valid_program_key.delteprogram1(TC_01_delete_program_by_valid_program_key.java:20)
	at iam.PROGRAM_delete_program.TC_01_delete_program_by_valid_program_key.delteprogram1(TC_01_delete_program_by_valid_program_key.java:20)
	at iam.PROGRAM_delete_program.TC_01_delete_program_by_valid_program_key.delteprogram1(TC_01_delete_program_by_valid_program_key.java:20)
	at iam.PROGRAM_delete_program.TC_01_delete_program_by_valid_program_key.delteprogram1(TC_01_delete_program_by_valid_program_key.java:20)
	at iam.PROGRAM_delete_program.TC_01_delete_program_by_valid_program_key.delteprogram1(TC_01_delete_program_by_valid_program_key.java:20)
	at iam.PROGRAM_delete_program.TC_01_delete_program_by_valid_program_key.delteprogram1(TC_01_delete_program_by_valid_program_key.java:20)
	at iam.PROGRAM_delete_program.TC_01_delete_program_by_valid_program_key.delteprogram1(TC_01_delete_program_by_valid_program_key.java:20)
	at iam.PROGRAM_delete_program.TC_01_delete_program_by_valid_program_key.delteprogram1(TC_01_delete_program_by_valid_program_key.java:20)
	at iam.PROGRAM_delete_program.TC_01_delete_program_by_valid_program_key.delteprogram1(TC_01_delete_program_by_valid_program_key.java:20)
	at iam.PROGRAM_delete_program.TC_01_delete_program_by_valid_program_key.delteprogram1(TC_01_delete_program_by_valid_program_key.java:20)
	at iam.PROGRAM_delete_program.TC_01_delete_program_by_valid_program_key.delteprogram1(TC_01_delete_program_by_valid_program_key.java:20)
	at iam.PROGRAM_delete_program.TC_01_delete_program_by_valid_program_key.delteprogram1(TC_01_delete_program_by_valid_program_key.java:20)
	at iam.PROGRAM_delete_program.TC_01_delete_program_by_valid_program_key.delteprogram1(TC_01_delete_program_by_valid_program_key.java:20)
	at iam.PROGRAM_delete_program.TC_01_delete_program_by_valid_program_key.delteprogram1(TC_01_delete_program_by_valid_program_key.java:20)
	at iam.PROGRAM_delete_program.TC_01_delete_program_by_valid_program_key.delteprogram1(TC_01_delete_program_by_valid_program_key.java:20)
	at iam.PROGRAM_delete_program.TC_01_delete_program_by_valid_program_key.delteprogram1(TC_01_delete_program_by_valid_program_key.java:20)
	at iam.PROGRAM_delete_program.TC_01_delete_program_by_valid_program_key.delteprogram1(TC_01_delete_program_by_valid_program_key.java:20)
	at iam.PROGRAM_delete_program.TC_01_delete_program_by_valid_program_key.delteprogram1(TC_01_delete_program_by_valid_program_key.java:20)
	at iam.PROGRAM_delete_program.TC_01_delete_program_by_valid_program_key.delteprogram1(TC_01_delete_program_by_valid_program_key.java:20)
	at iam.PROGRAM_delete_program.TC_01_delete_program_by_valid_program_key.delteprogram1(TC_01_delete_program_by_valid_program_key.java:20)
	at iam.PROGRAM_delete_program.TC_01_delete_program_by_valid_program_key.delteprogram1(TC_01_delete_program_by_valid_program_key.java:20)
	at iam.PROGRAM_delete_program.TC_01_delete_program_by_valid_program_key.delteprogram1(TC_01_delete_program_by_valid_program_key.java:20)
	at iam.PROGRAM_delete_program.TC_01_delete_program_by_valid_program_key.delteprogram1(TC_01_delete_program_by_valid_program_key.java:20)
	at iam.PROGRAM_delete_program.TC_01_delete_program_by_valid_program_key.delteprogram1(TC_01_delete_program_by_valid_program_key.java:20)
	at iam.PROGRAM_delete_program.TC_01_delete_program_by_valid_program_key.delteprogram1(TC_01_delete_program_by_valid_program_key.java:20)
	at iam.PROGRAM_delete_program.TC_01_delete_program_by_valid_program_key.delteprogram1(TC_01_delete_program_by_valid_program_key.java:20)
	at iam.PROGRAM_delete_program.TC_01_delete_program_by_valid_program_key.delteprogram1(TC_01_delete_program_by_valid_program_key.java:20)
	at iam.PROGRAM_delete_program.TC_01_delete_program_by_valid_program_key.delteprogram1(TC_01_delete_program_by_valid_program_key.java:20)
	at iam.PROGRAM_delete_program.TC_01_delete_program_by_valid_program_key.delteprogram1(TC_01_delete_program_by_valid_program_key.java:20)
	at iam.PROGRAM_delete_program.TC_01_delete_program_by_valid_program_key.delteprogram1(TC_01_delete_program_by_valid_program_key.java:20)
	at iam.PROGRAM_delete_program.TC_01_delete_program_by_valid_program_key.delteprogram1(TC_01_delete_program_by_valid_program_key.java:20)
	at iam.PROGRAM_delete_program.TC_01_delete_program_by_valid_program_key.delteprogram1(TC_01_delete_program_by_valid_program_key.java:20)
	at iam.PROGRAM_delete_program.TC_01_delete_program_by_valid_program_key.delteprogram1(TC_01_delete_program_by_valid_program_key.java:20)
	at iam.PROGRAM_delete_program.TC_01_delete_program_by_valid_program_key.delteprogram1(TC_01_delete_program_by_valid_program_key.java:20)
	at iam.PROGRAM_delete_program.TC_01_delete_program_by_valid_program_key.delteprogram1(TC_01_delete_program_by_valid_program_key.java:20)
	at iam.PROGRAM_delete_program.TC_01_delete_program_by_valid_program_key.delteprogram1(TC_01_delete_program_by_valid_program_key.java:20)
	at iam.PROGRAM_delete_program.TC_01_delete_program_by_valid_program_key.delteprogram1(TC_01_delete_program_by_valid_program_key.java:20)
	at iam.PROGRAM_delete_program.TC_01_delete_program_by_valid_program_key.delteprogram1(TC_01_delete_program_by_valid_program_key.java:20)
	at iam.PROGRAM_delete_program.TC_01_delete_program_by_valid_program_key.delteprogram1(TC_01_delete_program_by_valid_program_key.java:20)
	at iam.PROGRAM_delete_program.TC_01_delete_program_by_valid_program_key.delteprogram1(TC_01_delete_program_by_valid_program_key.java:20)
	at iam.PROGRAM_delete_program.TC_01_delete_program_by_valid_program_key.delteprogram1(TC_01_delete_program_by_valid_program_key.java:20)
	at iam.PROGRAM_delete_program.TC_01_delete_program_by_valid_program_key.delteprogram1(TC_01_delete_program_by_valid_program_key.java:20)
	at iam.PROGRAM_delete_program.TC_01_delete_program_by_valid_program_key.delteprogram1(TC_01_delete_program_by_valid_program_key.java:20)
	at iam.PROGRAM_delete_program.TC_01_delete_program_by_valid_program_key.delteprogram1(TC_01_delete_program_by_valid_program_key.java:20)
	at iam.PROGRAM_delete_program.TC_01_delete_program_by_valid_program_key.delteprogram1(TC_01_delete_program_by_valid_program_key.java:20)
	at iam.PROGRAM_delete_program.TC_01_delete_program_by_valid_program_key.delteprogram1(TC_01_delete_program_by_valid_program_key.java:20)
	at iam.PROGRAM_delete_program.TC_01_delete_program_by_valid_program_key.delteprogram1(TC_01_delete_program_by_valid_program_key.java:20)
	at iam.PROGRAM_delete_program.TC_01_delete_program_by_valid_program_key.delteprogram1(TC_01_delete_program_by_valid_program_key.java:20)
	at iam.PROGRAM_delete_program.TC_01_delete_program_by_valid_program_key.delteprogram1(TC_01_delete_program_by_valid_program_key.java:20)
	at iam.PROGRAM_delete_program.TC_01_delete_program_by_valid_program_key.delteprogram1(TC_01_delete_program_by_valid_program_key.java:20)
	at iam.PROGRAM_delete_program.TC_01_delete_program_by_valid_program_key.delteprogram1(TC_01_delete_program_by_valid_program_key.java:20)
	at iam.PROGRAM_delete_program.TC_01_delete_program_by_valid_program_key.delteprogram1(TC_01_delete_program_by_valid_program_key.java:20)
	at iam.PROGRAM_delete_program.TC_01_delete_program_by_valid_program_key.delteprogram1(TC_01_delete_program_by_valid_program_key.java:20)
	at iam.PROGRAM_delete_program.TC_01_delete_program_by_valid_program_key.delteprogram1(TC_01_delete_program_by_valid_program_key.java:20)
	at iam.PROGRAM_delete_program.TC_01_delete_program_by_valid_program_key.delteprogram1(TC_01_delete_program_by_valid_program_key.java:20)
	at iam.PROGRAM_delete_program.TC_01_delete_program_by_valid_program_key.delteprogram1(TC_01_delete_program_by_valid_program_key.java:20)
	at iam.PROGRAM_delete_program.TC_01_delete_program_by_valid_program_key.delteprogram1(TC_01_delete_program_by_valid_program_key.java:20)
	at iam.PROGRAM_delete_program.TC_01_delete_program_by_valid_program_key.delteprogram1(TC_01_delete_program_by_valid_program_key.java:20)
	at iam.PROGRAM_delete_program.TC_01_delete_program_by_valid_program_key.delteprogram1(TC_01_delete_program_by_valid_program_key.java:20)
	at iam.PROGRAM_delete_program.TC_01_delete_program_by_valid_program_key.delteprogram1(TC_01_delete_program_by_valid_program_key.java:20)
	at iam.PROGRAM_delete_program.TC_01_delete_program_by_valid_program_key.delteprogram1(TC_01_delete_program_by_valid_program_key.java:20)
	at iam.PROGRAM_delete_program.TC_01_delete_program_by_valid_program_key.delteprogram1(TC_01_delete_program_by_valid_program_key.java:20)
	at iam.PROGRAM_delete_program.TC_01_delete_program_by_valid_program_key.delteprogram1(TC_01_delete_program_by_valid_program_key.java:20)
	at iam.PROGRAM_delete_program.TC_01_delete_program_by_valid_program_key.delteprogram1(TC_01_delete_program_by_valid_program_key.java:20)
	at iam.PROGRAM_delete_program.TC_01_delete_program_by_valid_program_key.delteprogram1(TC_01_delete_program_by_valid_program_key.java:20)
	at iam.PROGRAM_delete_program.TC_01_delete_program_by_valid_program_key.delteprogram1(TC_01_delete_program_by_valid_program_key.java:20)
	at iam.PROGRAM_delete_program.TC_01_delete_program_by_valid_program_key.delteprogram1(TC_01_delete_program_by_valid_program_key.java:20)
	at iam.PROGRAM_delete_program.TC_01_delete_program_by_valid_program_key.delteprogram1(TC_01_delete_program_by_valid_program_key.java:20)
	at iam.PROGRAM_delete_program.TC_01_delete_program_by_valid_program_key.delteprogram1(TC_01_delete_program_by_valid_program_key.java:20)
	at iam.PROGRAM_delete_program.TC_01_delete_program_by_valid_program_key.delteprogram1(TC_01_delete_program_by_valid_program_key.java:20)
	at iam.PROGRAM_delete_program.TC_01_delete_program_by_valid_program_key.delteprogram1(TC_01_delete_program_by_valid_program_key.java:20)
	at iam.PROGRAM_delete_program.TC_01_delete_program_by_valid_program_key.delteprogram1(TC_01_delete_program_by_valid_program_key.java:20)
	at iam.PROGRAM_delete_program.TC_01_delete_program_by_valid_program_key.delteprogram1(TC_01_delete_program_by_valid_program_key.java:20)
	at iam.PROGRAM_delete_program.TC_01_delete_program_by_valid_program_key.delteprogram1(TC_01_delete_program_by_valid_program_key.java:20)
	at iam.PROGRAM_delete_program.TC_01_delete_program_by_valid_program_key.delteprogram1(TC_01_delete_program_by_valid_program_key.java:20)
	at iam.PROGRAM_delete_program.TC_01_delete_program_by_valid_program_key.delteprogram1(TC_01_delete_program_by_valid_program_key.java:20)
	at iam.PROGRAM_delete_program.TC_01_delete_program_by_valid_program_key.delteprogram1(TC_01_delete_program_by_valid_program_key.java:20)
	at iam.PROGRAM_delete_program.TC_01_delete_program_by_valid_program_key.delteprogram1(TC_01_delete_program_by_valid_program_key.java:20)
	at iam.PROGRAM_delete_program.TC_01_delete_program_by_valid_program_key.delteprogram1(TC_01_delete_program_by_valid_program_key.java:20)
	at iam.PROGRAM_delete_program.TC_01_delete_program_by_valid_program_key.delteprogram1(TC_01_delete_program_by_valid_program_key.java:20)
	at iam.PROGRAM_delete_program.TC_01_delete_program_by_valid_program_key.delteprogram1(TC_01_delete_program_by_valid_program_key.java:20)
	at iam.PROGRAM_delete_program.TC_01_delete_program_by_valid_program_key.delteprogram1(TC_01_delete_program_by_valid_program_key.java:20)
	at iam.PROGRAM_delete_program.TC_01_delete_program_by_valid_program_key.delteprogram1(TC_01_delete_program_by_valid_program_key.java:20)
	at iam.PROGRAM_delete_program.TC_01_delete_program_by_valid_program_key.delteprogram1(TC_01_delete_program_by_valid_program_key.java:20)
	at iam.PROGRAM_delete_program.TC_01_delete_program_by_valid_program_key.delteprogram1(TC_01_delete_program_by_valid_program_key.java:20)
	at iam.PROGRAM_delete_program.TC_01_delete_program_by_valid_program_key.delteprogram1(TC_01_delete_program_by_valid_program_key.java:20)
	at iam.PROGRAM_delete_program.TC_01_delete_program_by_valid_program_key.delteprogram1(TC_01_delete_program_by_valid_program_key.java:20)
	at iam.PROGRAM_delete_program.TC_01_delete_program_by_valid_program_key.delteprogram1(TC_01_delete_program_by_valid_program_key.java:20)
	at iam.PROGRAM_delete_program.TC_01_delete_program_by_valid_program_key.delteprogram1(TC_01_delete_program_by_valid_program_key.java:20)
	at iam.PROGRAM_delete_program.TC_01_delete_program_by_valid_program_key.delteprogram1(TC_01_delete_program_by_valid_program_key.java:20)
	at iam.PROGRAM_delete_program.TC_01_delete_program_by_valid_program_key.delteprogram1(TC_01_delete_program_by_valid_program_key.java:20)
	at iam.PROGRAM_delete_program.TC_01_delete_program_by_valid_program_key.delteprogram1(TC_01_delete_program_by_valid_program_key.java:20)
	at iam.PROGRAM_delete_program.TC_01_delete_program_by_valid_program_key.delteprogram1(TC_01_delete_program_by_valid_program_key.java:20)
	at iam.PROGRAM_delete_program.TC_01_delete_program_by_valid_program_key.delteprogram1(TC_01_delete_program_by_valid_program_key.java:20)
	at iam.PROGRAM_delete_program.TC_01_delete_program_by_valid_program_key.delteprogram1(TC_01_delete_program_by_valid_program_key.java:20)
	at iam.PROGRAM_delete_program.TC_01_delete_program_by_valid_program_key.delteprogram1(TC_01_delete_program_by_valid_program_key.java:20)
	at iam.PROGRAM_delete_program.TC_01_delete_program_by_valid_program_key.delteprogram1(TC_01_delete_program_by_valid_program_key.java:20)
	at iam.PROGRAM_delete_program.TC_01_delete_program_by_valid_program_key.delteprogram1(TC_01_delete_program_by_valid_program_key.java:20)
	at iam.PROGRAM_delete_program.TC_01_delete_program_by_valid_program_key.delteprogram1(TC_01_delete_program_by_valid_program_key.java:20)
	at iam.PROGRAM_delete_program.TC_01_delete_program_by_valid_program_key.delteprogram1(TC_01_delete_program_by_valid_program_key.java:20)
	at iam.PROGRAM_delete_program.TC_01_delete_program_by_valid_program_key.delteprogram1(TC_01_delete_program_by_valid_program_key.java:20)
	at iam.PROGRAM_delete_program.TC_01_delete_program_by_valid_program_key.delteprogram1(TC_01_delete_program_by_valid_program_key.java:20)
	at iam.PROGRAM_delete_program.TC_01_delete_program_by_valid_program_key.delteprogram1(TC_01_delete_program_by_valid_program_key.java:20)
	at iam.PROGRAM_delete_program.TC_01_delete_program_by_valid_program_key.delteprogram1(TC_01_delete_program_by_valid_program_key.java:20)
	at iam.PROGRAM_delete_program.TC_01_delete_program_by_valid_program_key.delteprogram1(TC_01_delete_program_by_valid_program_key.java:20)
	at iam.PROGRAM_delete_program.TC_01_delete_program_by_valid_program_key.delteprogram1(TC_01_delete_program_by_valid_program_key.java:20)
	at iam.PROGRAM_delete_program.TC_01_delete_program_by_valid_program_key.delteprogram1(TC_01_delete_program_by_valid_program_key.java:20)
	at iam.PROGRAM_delete_program.TC_01_delete_program_by_valid_program_key.delteprogram1(TC_01_delete_program_by_valid_program_key.java:20)
	at iam.PROGRAM_delete_program.TC_01_delete_program_by_valid_program_key.delteprogram1(TC_01_delete_program_by_valid_program_key.java:20)
	at iam.PROGRAM_delete_program.TC_01_delete_program_by_valid_program_key.delteprogram1(TC_01_delete_program_by_valid_program_key.java:20)
	at iam.PROGRAM_delete_program.TC_01_delete_program_by_valid_program_key.delteprogram1(TC_01_delete_program_by_valid_program_key.java:20)
	at iam.PROGRAM_delete_program.TC_01_delete_program_by_valid_program_key.delteprogram1(TC_01_delete_program_by_valid_program_key.java:20)
	at iam.PROGRAM_delete_program.TC_01_delete_program_by_valid_program_key.delteprogram1(TC_01_delete_program_by_valid_program_key.java:20)
	at iam.PROGRAM_delete_program.TC_01_delete_program_by_valid_program_key.delteprogram1(TC_01_delete_program_by_valid_program_key.java:20)
	at iam.PROGRAM_delete_program.TC_01_delete_program_by_valid_program_key.delteprogram1(TC_01_delete_program_by_valid_program_key.java:20)
	at iam.PROGRAM_delete_program.TC_01_delete_program_by_valid_program_key.delteprogram1(TC_01_delete_program_by_valid_program_key.java:20)
	at iam.PROGRAM_delete_program.TC_01_delete_program_by_valid_program_key.delteprogram1(TC_01_delete_program_by_valid_program_key.java:20)
	at iam.PROGRAM_delete_program.TC_01_delete_program_by_valid_program_key.delteprogram1(TC_01_delete_program_by_valid_program_key.java:20)
	at iam.PROGRAM_delete_program.TC_01_delete_program_by_valid_program_key.delteprogram1(TC_01_delete_program_by_valid_program_key.java:20)
	at iam.PROGRAM_delete_program.TC_01_delete_program_by_valid_program_key.delteprogram1(TC_01_delete_program_by_valid_program_key.java:20)
	at iam.PROGRAM_delete_program.TC_01_delete_program_by_valid_program_key.delteprogram1(TC_01_delete_program_by_valid_program_key.java:20)
	at iam.PROGRAM_delete_program.TC_01_delete_program_by_valid_program_key.delteprogram1(TC_01_delete_program_by_valid_program_key.java:20)
	at iam.PROGRAM_delete_program.TC_01_delete_program_by_valid_program_key.delteprogram1(TC_01_delete_program_by_valid_program_key.java:20)
	at iam.PROGRAM_delete_program.TC_01_delete_program_by_valid_program_key.delteprogram1(TC_01_delete_program_by_valid_program_key.java:20)
	at iam.PROGRAM_delete_program.TC_01_delete_program_by_valid_program_key.delteprogram1(TC_01_delete_program_by_valid_program_key.java:20)
	at iam.PROGRAM_delete_program.TC_01_delete_program_by_valid_program_key.delteprogram1(TC_01_delete_program_by_valid_program_key.java:20)
	at iam.PROGRAM_delete_program.TC_01_delete_program_by_valid_program_key.delteprogram1(TC_01_delete_program_by_valid_program_key.java:20)
	at iam.PROGRAM_delete_program.TC_01_delete_program_by_valid_program_key.delteprogram1(TC_01_delete_program_by_valid_program_key.java:20)
	at iam.PROGRAM_delete_program.TC_01_delete_program_by_valid_program_key.delteprogram1(TC_01_delete_program_by_valid_program_key.java:20)
	at iam.PROGRAM_delete_program.TC_01_delete_program_by_valid_program_key.delteprogram1(TC_01_delete_program_by_valid_program_key.java:20)
	at iam.PROGRAM_delete_program.TC_01_delete_program_by_valid_program_key.delteprogram1(TC_01_delete_program_by_valid_program_key.java:20)
	at iam.PROGRAM_delete_program.TC_01_delete_program_by_valid_program_key.delteprogram1(TC_01_delete_program_by_valid_program_key.java:20)
	at iam.PROGRAM_delete_program.TC_01_delete_program_by_valid_program_key.delteprogram1(TC_01_delete_program_by_valid_program_key.java:20)
	at iam.PROGRAM_delete_program.TC_01_delete_program_by_valid_program_key.delteprogram1(TC_01_delete_program_by_valid_program_key.java:20)
	at iam.PROGRAM_delete_program.TC_01_delete_program_by_valid_program_key.delteprogram1(TC_01_delete_program_by_valid_program_key.java:20)
	at iam.PROGRAM_delete_program.TC_01_delete_program_by_valid_program_key.delteprogram1(TC_01_delete_program_by_valid_program_key.java:20)
	at iam.PROGRAM_delete_program.TC_01_delete_program_by_valid_program_key.delteprogram1(TC_01_delete_program_by_valid_program_key.java:20)
	at iam.PROGRAM_delete_program.TC_01_delete_program_by_valid_program_key.delteprogram1(TC_01_delete_program_by_valid_program_key.java:20)
	at iam.PROGRAM_delete_program.TC_01_delete_program_by_valid_program_key.delteprogram1(TC_01_delete_program_by_valid_program_key.java:20)
	at iam.PROGRAM_delete_program.TC_01_delete_program_by_valid_program_key.delteprogram1(TC_01_delete_program_by_valid_program_key.java:20)
	at iam.PROGRAM_delete_program.TC_01_delete_program_by_valid_program_key.delteprogram1(TC_01_delete_program_by_valid_program_key.java:20)
	at iam.PROGRAM_delete_program.TC_01_delete_program_by_valid_program_key.delteprogram1(TC_01_delete_program_by_valid_program_key.java:20)
	at iam.PROGRAM_delete_program.TC_01_delete_program_by_valid_program_key.delteprogram1(TC_01_delete_program_by_valid_program_key.java:20)
	at iam.PROGRAM_delete_program.TC_01_delete_program_by_valid_program_key.delteprogram1(TC_01_delete_program_by_valid_program_key.java:20)
	at iam.PROGRAM_delete_program.TC_01_delete_program_by_valid_program_key.delteprogram1(TC_01_delete_program_by_valid_program_key.java:20)
	at iam.PROGRAM_delete_program.TC_01_delete_program_by_valid_program_key.delteprogram1(TC_01_delete_program_by_valid_program_key.java:20)
	at iam.PROGRAM_delete_program.TC_01_delete_program_by_valid_program_key.delteprogram1(TC_01_delete_program_by_valid_program_key.java:20)
	at iam.PROGRAM_delete_program.TC_01_delete_program_by_valid_program_key.delteprogram1(TC_01_delete_program_by_valid_program_key.java:20)
	at iam.PROGRAM_delete_program.TC_01_delete_program_by_valid_program_key.delteprogram1(TC_01_delete_program_by_valid_program_key.java:20)
	at iam.PROGRAM_delete_program.TC_01_delete_program_by_valid_program_key.delteprogram1(TC_01_delete_program_by_valid_program_key.java:20)
	at iam.PROGRAM_delete_program.TC_01_delete_program_by_valid_program_key.delteprogram1(TC_01_delete_program_by_valid_program_key.java:20)
	at iam.PROGRAM_delete_program.TC_01_delete_program_by_valid_program_key.delteprogram1(TC_01_delete_program_by_valid_program_key.java:20)
	at iam.PROGRAM_delete_program.TC_01_delete_program_by_valid_program_key.delteprogram1(TC_01_delete_program_by_valid_program_key.java:20)
	at iam.PROGRAM_delete_program.TC_01_delete_program_by_valid_program_key.delteprogram1(TC_01_delete_program_by_valid_program_key.java:20)
	at iam.PROGRAM_delete_program.TC_01_delete_program_by_valid_program_key.delteprogram1(TC_01_delete_program_by_valid_program_key.java:20)
	at iam.PROGRAM_delete_program.TC_01_delete_program_by_valid_program_key.delteprogram1(TC_01_delete_program_by_valid_program_key.java:20)
	at iam.PROGRAM_delete_program.TC_01_delete_program_by_valid_program_key.delteprogram1(TC_01_delete_program_by_valid_program_key.java:20)
	at iam.PROGRAM_delete_program.TC_01_delete_program_by_valid_program_key.delteprogram1(TC_01_delete_program_by_valid_program_key.java:20)
	at iam.PROGRAM_delete_program.TC_01_delete_program_by_valid_program_key.delteprogram1(TC_01_delete_program_by_valid_program_key.java:20)
	at iam.PROGRAM_delete_program.TC_01_delete_program_by_valid_program_key.delteprogram1(TC_01_delete_program_by_valid_program_key.java:20)
	at iam.PROGRAM_delete_program.TC_01_delete_program_by_valid_program_key.delteprogram1(TC_01_delete_program_by_valid_program_key.java:20)
	at iam.PROGRAM_delete_program.TC_01_delete_program_by_valid_program_key.delteprogram1(TC_01_delete_program_by_valid_program_key.java:20)
	at iam.PROGRAM_delete_program.TC_01_delete_program_by_valid_program_key.delteprogram1(TC_01_delete_program_by_valid_program_key.java:20)
	at iam.PROGRAM_delete_program.TC_01_delete_program_by_valid_program_key.delteprogram1(TC_01_delete_program_by_valid_program_key.java:20)
	at iam.PROGRAM_delete_program.TC_01_delete_program_by_valid_program_key.delteprogram1(TC_01_delete_program_by_valid_program_key.java:20)
	at iam.PROGRAM_delete_program.TC_01_delete_program_by_valid_program_key.delteprogram1(TC_01_delete_program_by_valid_program_key.java:20)
	at iam.PROGRAM_delete_program.TC_01_delete_program_by_valid_program_key.delteprogram1(TC_01_delete_program_by_valid_program_key.java:20)
	at iam.PROGRAM_delete_program.TC_01_delete_program_by_valid_program_key.delteprogram1(TC_01_delete_program_by_valid_program_key.java:20)
	at iam.PROGRAM_delete_program.TC_01_delete_program_by_valid_program_key.delteprogram1(TC_01_delete_program_by_valid_program_key.java:20)
	at iam.PROGRAM_delete_program.TC_01_delete_program_by_valid_program_key.delteprogram1(TC_01_delete_program_by_valid_program_key.java:20)
	at iam.PROGRAM_delete_program.TC_01_delete_program_by_valid_program_key.delteprogram1(TC_01_delete_program_by_valid_program_key.java:20)
	at iam.PROGRAM_delete_program.TC_01_delete_program_by_valid_program_key.delteprogram1(TC_01_delete_program_by_valid_program_key.java:20)
	at iam.PROGRAM_delete_program.TC_01_delete_program_by_valid_program_key.delteprogram1(TC_01_delete_program_by_valid_program_key.java:20)
	at iam.PROGRAM_delete_program.TC_01_delete_program_by_valid_program_key.delteprogram1(TC_01_delete_program_by_valid_program_key.java:20)
	at iam.PROGRAM_delete_program.TC_01_delete_program_by_valid_program_key.delteprogram1(TC_01_delete_program_by_valid_program_key.java:20)
	at iam.PROGRAM_delete_program.TC_01_delete_program_by_valid_program_key.delteprogram1(TC_01_delete_program_by_valid_program_key.java:20)
	at iam.PROGRAM_delete_program.TC_01_delete_program_by_valid_program_key.delteprogram1(TC_01_delete_program_by_valid_program_key.java:20)
	at iam.PROGRAM_delete_program.TC_01_delete_program_by_valid_program_key.delteprogram1(TC_01_delete_program_by_valid_program_key.java:20)
	at iam.PROGRAM_delete_program.TC_01_delete_program_by_valid_program_key.delteprogram1(TC_01_delete_program_by_valid_program_key.java:20)
	at iam.PROGRAM_delete_program.TC_01_delete_program_by_valid_program_key.delteprogram1(TC_01_delete_program_by_valid_program_key.java:20)
	at iam.PROGRAM_delete_program.TC_01_delete_program_by_valid_program_key.delteprogram1(TC_01_delete_program_by_valid_program_key.java:20)
	at iam.PROGRAM_delete_program.TC_01_delete_program_by_valid_program_key.delteprogram1(TC_01_delete_program_by_valid_program_key.java:20)
	at iam.PROGRAM_delete_program.TC_01_delete_program_by_valid_program_key.delteprogram1(TC_01_delete_program_by_valid_program_key.java:20)
	at iam.PROGRAM_delete_program.TC_01_delete_program_by_valid_program_key.delteprogram1(TC_01_delete_program_by_valid_program_key.java:20)
	at iam.PROGRAM_delete_program.TC_01_delete_program_by_valid_program_key.delteprogram1(TC_01_delete_program_by_valid_program_key.java:20)
	at iam.PROGRAM_delete_program.TC_01_delete_program_by_valid_program_key.delteprogram1(TC_01_delete_program_by_valid_program_key.java:20)
	at iam.PROGRAM_delete_program.TC_01_delete_program_by_valid_program_key.delteprogram1(TC_01_delete_program_by_valid_program_key.java:20)
	at iam.PROGRAM_delete_program.TC_01_delete_program_by_valid_program_key.delteprogram1(TC_01_delete_program_by_valid_program_key.java:20)
	at iam.PROGRAM_delete_program.TC_01_delete_program_by_valid_program_key.delteprogram1(TC_01_delete_program_by_valid_program_key.java:20)
	at iam.PROGRAM_delete_program.TC_01_delete_program_by_valid_program_key.delteprogram1(TC_01_delete_program_by_valid_program_key.java:20)
	at iam.PROGRAM_delete_program.TC_01_delete_program_by_valid_program_key.delteprogram1(TC_01_delete_program_by_valid_program_key.java:20)
	at iam.PROGRAM_delete_program.TC_01_delete_program_by_valid_program_key.delteprogram1(TC_01_delete_program_by_valid_program_key.java:20)
	at iam.PROGRAM_delete_program.TC_01_delete_program_by_valid_program_key.delteprogram1(TC_01_delete_program_by_valid_program_key.java:20)
	at iam.PROGRAM_delete_program.TC_01_delete_program_by_valid_program_key.delteprogram1(TC_01_delete_program_by_valid_program_key.java:20)
	at iam.PROGRAM_delete_program.TC_01_delete_program_by_valid_program_key.delteprogram1(TC_01_delete_program_by_valid_program_key.java:20)
	at iam.PROGRAM_delete_program.TC_01_delete_program_by_valid_program_key.delteprogram1(TC_01_delete_program_by_valid_program_key.java:20)
	at iam.PROGRAM_delete_program.TC_01_delete_program_by_valid_program_key.delteprogram1(TC_01_delete_program_by_valid_program_key.java:20)
	at iam.PROGRAM_delete_program.TC_01_delete_program_by_valid_program_key.delteprogram1(TC_01_delete_program_by_valid_program_key.java:20)
	at iam.PROGRAM_delete_program.TC_01_delete_program_by_valid_program_key.delteprogram1(TC_01_delete_program_by_valid_program_key.java:20)
	at iam.PROGRAM_delete_program.TC_01_delete_program_by_valid_program_key.delteprogram1(TC_01_delete_program_by_valid_program_key.java:20)
	at iam.PROGRAM_delete_program.TC_01_delete_program_by_valid_program_key.delteprogram1(TC_01_delete_program_by_valid_program_key.java:20)
	at iam.PROGRAM_delete_program.TC_01_delete_program_by_valid_program_key.delteprogram1(TC_01_delete_program_by_valid_program_key.java:20)
	at iam.PROGRAM_delete_program.TC_01_delete_program_by_valid_program_key.delteprogram1(TC_01_delete_program_by_valid_program_key.java:20)
	at iam.PROGRAM_delete_program.TC_01_delete_program_by_valid_program_key.delteprogram1(TC_01_delete_program_by_valid_program_key.java:20)
	at iam.PROGRAM_delete_program.TC_01_delete_program_by_valid_program_key.delteprogram1(TC_01_delete_program_by_valid_program_key.java:20)
	at iam.PROGRAM_delete_program.TC_01_delete_program_by_valid_program_key.delteprogram1(TC_01_delete_program_by_valid_program_key.java:20)
	at iam.PROGRAM_delete_program.TC_01_delete_program_by_valid_program_key.delteprogram1(TC_01_delete_program_by_valid_program_key.java:20)
	at iam.PROGRAM_delete_program.TC_01_delete_program_by_valid_program_key.delteprogram1(TC_01_delete_program_by_valid_program_key.java:20)
	at iam.PROGRAM_delete_program.TC_01_delete_program_by_valid_program_key.delteprogram1(TC_01_delete_program_by_valid_program_key.java:20)
	at iam.PROGRAM_delete_program.TC_01_delete_program_by_valid_program_key.delteprogram1(TC_01_delete_program_by_valid_program_key.java:20)
	at iam.PROGRAM_delete_program.TC_01_delete_program_by_valid_program_key.delteprogram1(TC_01_delete_program_by_valid_program_key.java:20)
	at iam.PROGRAM_delete_program.TC_01_delete_program_by_valid_program_key.delteprogram1(TC_01_delete_program_by_valid_program_key.java:20)
	at iam.PROGRAM_delete_program.TC_01_delete_program_by_valid_program_key.delteprogram1(TC_01_delete_program_by_valid_program_key.java:20)
	at iam.PROGRAM_delete_program.TC_01_delete_program_by_valid_program_key.delteprogram1(TC_01_delete_program_by_valid_program_key.java:20)
	at iam.PROGRAM_delete_program.TC_01_delete_program_by_valid_program_key.delteprogram1(TC_01_delete_program_by_valid_program_key.java:20)
	at iam.PROGRAM_delete_program.TC_01_delete_program_by_valid_program_key.delteprogram1(TC_01_delete_program_by_valid_program_key.java:20)
	at iam.PROGRAM_delete_program.TC_01_delete_program_by_valid_program_key.delteprogram1(TC_01_delete_program_by_valid_program_key.java:20)
	at iam.PROGRAM_delete_program.TC_01_delete_program_by_valid_program_key.delteprogram1(TC_01_delete_program_by_valid_program_key.java:20)
	at iam.PROGRAM_delete_program.TC_01_delete_program_by_valid_program_key.delteprogram1(TC_01_delete_program_by_valid_program_key.java:20)
	at iam.PROGRAM_delete_program.TC_01_delete_program_by_valid_program_key.delteprogram1(TC_01_delete_program_by_valid_program_key.java:20)
	at iam.PROGRAM_delete_program.TC_01_delete_program_by_valid_program_key.delteprogram1(TC_01_delete_program_by_valid_program_key.java:20)
	at iam.PROGRAM_delete_program.TC_01_delete_program_by_valid_program_key.delteprogram1(TC_01_delete_program_by_valid_program_key.java:20)
	at iam.PROGRAM_delete_program.TC_01_delete_program_by_valid_program_key.delteprogram1(TC_01_delete_program_by_valid_program_key.java:20)
	at iam.PROGRAM_delete_program.TC_01_delete_program_by_valid_program_key.delteprogram1(TC_01_delete_program_by_valid_program_key.java:20)
	at iam.PROGRAM_delete_program.TC_01_delete_program_by_valid_program_key.delteprogram1(TC_01_delete_program_by_valid_program_key.java:20)
	at iam.PROGRAM_delete_program.TC_01_delete_program_by_valid_program_key.delteprogram1(TC_01_delete_program_by_valid_program_key.java:20)
	at iam.PROGRAM_delete_program.TC_01_delete_program_by_valid_program_key.delteprogram1(TC_01_delete_program_by_valid_program_key.java:20)
	at iam.PROGRAM_delete_program.TC_01_delete_program_by_valid_program_key.delteprogram1(TC_01_delete_program_by_valid_program_key.java:20)
	at iam.PROGRAM_delete_program.TC_01_delete_program_by_valid_program_key.delteprogram1(TC_01_delete_program_by_valid_program_key.java:20)
	at iam.PROGRAM_delete_program.TC_01_delete_program_by_valid_program_key.delteprogram1(TC_01_delete_program_by_valid_program_key.java:20)
	at iam.PROGRAM_delete_program.TC_01_delete_program_by_valid_program_key.delteprogram1(TC_01_delete_program_by_valid_program_key.java:20)
	at iam.PROGRAM_delete_program.TC_01_delete_program_by_valid_program_key.delteprogram1(TC_01_delete_program_by_valid_program_key.java:20)
	at iam.PROGRAM_delete_program.TC_01_delete_program_by_valid_program_key.delteprogram1(TC_01_delete_program_by_valid_program_key.java:20)
	at iam.PROGRAM_delete_program.TC_01_delete_program_by_valid_program_key.delteprogram1(TC_01_delete_program_by_valid_program_key.java:20)
	at iam.PROGRAM_delete_program.TC_01_delete_program_by_valid_program_key.delteprogram1(TC_01_delete_program_by_valid_program_key.java:20)
	at iam.PROGRAM_delete_program.TC_01_delete_program_by_valid_program_key.delteprogram1(TC_01_delete_program_by_valid_program_key.java:20)
	at iam.PROGRAM_delete_program.TC_01_delete_program_by_valid_program_key.delteprogram1(TC_01_delete_program_by_valid_program_key.java:20)
	at iam.PROGRAM_delete_program.TC_01_delete_program_by_valid_program_key.delteprogram1(TC_01_delete_program_by_valid_program_key.java:20)
	at iam.PROGRAM_delete_program.TC_01_delete_program_by_valid_program_key.delteprogram1(TC_01_delete_program_by_valid_program_key.java:20)
	at iam.PROGRAM_delete_program.TC_01_delete_program_by_valid_program_key.delteprogram1(TC_01_delete_program_by_valid_program_key.java:20)
	at iam.PROGRAM_delete_program.TC_01_delete_program_by_valid_program_key.delteprogram1(TC_01_delete_program_by_valid_program_key.java:20)
	at iam.PROGRAM_delete_program.TC_01_delete_program_by_valid_program_key.delteprogram1(TC_01_delete_program_by_valid_program_key.java:20)
	at iam.PROGRAM_delete_program.TC_01_delete_program_by_valid_program_key.delteprogram1(TC_01_delete_program_by_valid_program_key.java:20)
	at iam.PROGRAM_delete_program.TC_01_delete_program_by_valid_program_key.delteprogram1(TC_01_delete_program_by_valid_program_key.java:20)
	at iam.PROGRAM_delete_program.TC_01_delete_program_by_valid_program_key.delteprogram1(TC_01_delete_program_by_valid_program_key.java:20)
	at iam.PROGRAM_delete_program.TC_01_delete_program_by_valid_program_key.delteprogram1(TC_01_delete_program_by_valid_program_key.java:20)
	at iam.PROGRAM_delete_program.TC_01_delete_program_by_valid_program_key.delteprogram1(TC_01_delete_program_by_valid_program_key.java:20)
	at iam.PROGRAM_delete_program.TC_01_delete_program_by_valid_program_key.delteprogram1(TC_01_delete_program_by_valid_program_key.java:20)
	at iam.PROGRAM_delete_program.TC_01_delete_program_by_valid_program_key.delteprogram1(TC_01_delete_program_by_valid_program_key.java:20)
	at iam.PROGRAM_delete_program.TC_01_delete_program_by_valid_program_key.delteprogram1(TC_01_delete_program_by_valid_program_key.java:20)
	at iam.PROGRAM_delete_program.TC_01_delete_program_by_valid_program_key.delteprogram1(TC_01_delete_program_by_valid_program_key.java:20)
	at iam.PROGRAM_delete_program.TC_01_delete_program_by_valid_program_key.delteprogram1(TC_01_delete_program_by_valid_program_key.java:20)
	at iam.PROGRAM_delete_program.TC_01_delete_program_by_valid_program_key.delteprogram1(TC_01_delete_program_by_valid_program_key.java:20)
	at iam.PROGRAM_delete_program.TC_01_delete_program_by_valid_program_key.delteprogram1(TC_01_delete_program_by_valid_program_key.java:20)
	at iam.PROGRAM_delete_program.TC_01_delete_program_by_valid_program_key.delteprogram1(TC_01_delete_program_by_valid_program_key.java:20)
	at iam.PROGRAM_delete_program.TC_01_delete_program_by_valid_program_key.delteprogram1(TC_01_delete_program_by_valid_program_key.java:20)
	at iam.PROGRAM_delete_program.TC_01_delete_program_by_valid_program_key.delteprogram1(TC_01_delete_program_by_valid_program_key.java:20)
	at iam.PROGRAM_delete_program.TC_01_delete_program_by_valid_program_key.delteprogram1(TC_01_delete_program_by_valid_program_key.java:20)
	at iam.PROGRAM_delete_program.TC_01_delete_program_by_valid_program_key.delteprogram1(TC_01_delete_program_by_valid_program_key.java:20)
	at iam.PROGRAM_delete_program.TC_01_delete_program_by_valid_program_key.delteprogram1(TC_01_delete_program_by_valid_program_key.java:20)
	at iam.PROGRAM_delete_program.TC_01_delete_program_by_valid_program_key.delteprogram1(TC_01_delete_program_by_valid_program_key.java:20)
	at iam.PROGRAM_delete_program.TC_01_delete_program_by_valid_program_key.delteprogram1(TC_01_delete_program_by_valid_program_key.java:20)
	at iam.PROGRAM_delete_program.TC_01_delete_program_by_valid_program_key.delteprogram1(TC_01_delete_program_by_valid_program_key.java:20)
	at iam.PROGRAM_delete_program.TC_01_delete_program_by_valid_program_key.delteprogram1(TC_01_delete_program_by_valid_program_key.java:20)
	at iam.PROGRAM_delete_program.TC_01_delete_program_by_valid_program_key.delteprogram1(TC_01_delete_program_by_valid_program_key.java:20)
	at iam.PROGRAM_delete_program.TC_01_delete_program_by_valid_program_key.delteprogram1(TC_01_delete_program_by_valid_program_key.java:20)
	at iam.PROGRAM_delete_program.TC_01_delete_program_by_valid_program_key.delteprogram1(TC_01_delete_program_by_valid_program_key.java:20)
	at iam.PROGRAM_delete_program.TC_01_delete_program_by_valid_program_key.delteprogram1(TC_01_delete_program_by_valid_program_key.java:20)
	at iam.PROGRAM_delete_program.TC_01_delete_program_by_valid_program_key.delteprogram1(TC_01_delete_program_by_valid_program_key.java:20)
	at iam.PROGRAM_delete_program.TC_01_delete_program_by_valid_program_key.delteprogram1(TC_01_delete_program_by_valid_program_key.java:20)
	at iam.PROGRAM_delete_program.TC_01_delete_program_by_valid_program_key.delteprogram1(TC_01_delete_program_by_valid_program_key.java:20)
	at iam.PROGRAM_delete_program.TC_01_delete_program_by_valid_program_key.delteprogram1(TC_01_delete_program_by_valid_program_key.java:20)
	at iam.PROGRAM_delete_program.TC_01_delete_program_by_valid_program_key.delteprogram1(TC_01_delete_program_by_valid_program_key.java:20)
	at iam.PROGRAM_delete_program.TC_01_delete_program_by_valid_program_key.delteprogram1(TC_01_delete_program_by_valid_program_key.java:20)
	at iam.PROGRAM_delete_program.TC_01_delete_program_by_valid_program_key.delteprogram1(TC_01_delete_program_by_valid_program_key.java:20)
	at iam.PROGRAM_delete_program.TC_01_delete_program_by_valid_program_key.delteprogram1(TC_01_delete_program_by_valid_program_key.java:20)
	at iam.PROGRAM_delete_program.TC_01_delete_program_by_valid_program_key.delteprogram1(TC_01_delete_program_by_valid_program_key.java:20)
	at iam.PROGRAM_delete_program.TC_01_delete_program_by_valid_program_key.delteprogram1(TC_01_delete_program_by_valid_program_key.java:20)
	at iam.PROGRAM_delete_program.TC_01_delete_program_by_valid_program_key.delteprogram1(TC_01_delete_program_by_valid_program_key.java:20)
	at iam.PROGRAM_delete_program.TC_01_delete_program_by_valid_program_key.delteprogram1(TC_01_delete_program_by_valid_program_key.java:20)
	at iam.PROGRAM_delete_program.TC_01_delete_program_by_valid_program_key.delteprogram1(TC_01_delete_program_by_valid_program_key.java:20)
	at iam.PROGRAM_delete_program.TC_01_delete_program_by_valid_program_key.delteprogram1(TC_01_delete_program_by_valid_program_key.java:20)
	at iam.PROGRAM_delete_program.TC_01_delete_program_by_valid_program_key.delteprogram1(TC_01_delete_program_by_valid_program_key.java:20)
	at iam.PROGRAM_delete_program.TC_01_delete_program_by_valid_program_key.delteprogram1(TC_01_delete_program_by_valid_program_key.java:20)
	at iam.PROGRAM_delete_program.TC_01_delete_program_by_valid_program_key.delteprogram1(TC_01_delete_program_by_valid_program_key.java:20)
	at iam.PROGRAM_delete_program.TC_01_delete_program_by_valid_program_key.delteprogram1(TC_01_delete_program_by_valid_program_key.java:20)
	at iam.PROGRAM_delete_program.TC_01_delete_program_by_valid_program_key.delteprogram1(TC_01_delete_program_by_valid_program_key.java:20)
	at iam.PROGRAM_delete_program.TC_01_delete_program_by_valid_program_key.delteprogram1(TC_01_delete_program_by_valid_program_key.java:20)
	at iam.PROGRAM_delete_program.TC_01_delete_program_by_valid_program_key.delteprogram1(TC_01_delete_program_by_valid_program_key.java:20)
	at iam.PROGRAM_delete_program.TC_01_delete_program_by_valid_program_key.delteprogram1(TC_01_delete_program_by_valid_program_key.java:20)
	at iam.PROGRAM_delete_program.TC_01_delete_program_by_valid_program_key.delteprogram1(TC_01_delete_program_by_valid_program_key.java:20)
	at iam.PROGRAM_delete_program.TC_01_delete_program_by_valid_program_key.delteprogram1(TC_01_delete_program_by_valid_program_key.java:20)
	at iam.PROGRAM_delete_program.TC_01_delete_program_by_valid_program_key.delteprogram1(TC_01_delete_program_by_valid_program_key.java:20)
	at iam.PROGRAM_delete_program.TC_01_delete_program_by_valid_program_key.delteprogram1(TC_01_delete_program_by_valid_program_key.java:20)
	at iam.PROGRAM_delete_program.TC_01_delete_program_by_valid_program_key.delteprogram1(TC_01_delete_program_by_valid_program_key.java:20)
	at iam.PROGRAM_delete_program.TC_01_delete_program_by_valid_program_key.delteprogram1(TC_01_delete_program_by_valid_program_key.java:20)
	at iam.PROGRAM_delete_program.TC_01_delete_program_by_valid_program_key.delteprogram1(TC_01_delete_program_by_valid_program_key.java:20)
	at iam.PROGRAM_delete_program.TC_01_delete_program_by_valid_program_key.delteprogram1(TC_01_delete_program_by_valid_program_key.java:20)
	at iam.PROGRAM_delete_program.TC_01_delete_program_by_valid_program_key.delteprogram1(TC_01_delete_program_by_valid_program_key.java:20)
	at iam.PROGRAM_delete_program.TC_01_delete_program_by_valid_program_key.delteprogram1(TC_01_delete_program_by_valid_program_key.java:20)
	at iam.PROGRAM_delete_program.TC_01_delete_program_by_valid_program_key.delteprogram1(TC_01_delete_program_by_valid_program_key.java:20)
	at iam.PROGRAM_delete_program.TC_01_delete_program_by_valid_program_key.delteprogram1(TC_01_delete_program_by_valid_program_key.java:20)
	at iam.PROGRAM_delete_program.TC_01_delete_program_by_valid_program_key.delteprogram1(TC_01_delete_program_by_valid_program_key.java:20)
	at iam.PROGRAM_delete_program.TC_01_delete_program_by_valid_program_key.delteprogram1(TC_01_delete_program_by_valid_program_key.java:20)
	at iam.PROGRAM_delete_program.TC_01_delete_program_by_valid_program_key.delteprogram1(TC_01_delete_program_by_valid_program_key.java:20)
	at iam.PROGRAM_delete_program.TC_01_delete_program_by_valid_program_key.delteprogram1(TC_01_delete_program_by_valid_program_key.java:20)
	at iam.PROGRAM_delete_program.TC_01_delete_program_by_valid_program_key.delteprogram1(TC_01_delete_program_by_valid_program_key.java:20)
	at iam.PROGRAM_delete_program.TC_01_delete_program_by_valid_program_key.delteprogram1(TC_01_delete_program_by_valid_program_key.java:20)
	at iam.PROGRAM_delete_program.TC_01_delete_program_by_valid_program_key.delteprogram1(TC_01_delete_program_by_valid_program_key.java:20)
	at iam.PROGRAM_delete_program.TC_01_delete_program_by_valid_program_key.delteprogram1(TC_01_delete_program_by_valid_program_key.java:20)
	at iam.PROGRAM_delete_program.TC_01_delete_program_by_valid_program_key.delteprogram1(TC_01_delete_program_by_valid_program_key.java:20)
	at iam.PROGRAM_delete_program.TC_01_delete_program_by_valid_program_key.delteprogram1(TC_01_delete_program_by_valid_program_key.java:20)
	at iam.PROGRAM_delete_program.TC_01_delete_program_by_valid_program_key.delteprogram1(TC_01_delete_program_by_valid_program_key.java:20)
	at iam.PROGRAM_delete_program.TC_01_delete_program_by_valid_program_key.delteprogram1(TC_01_delete_program_by_valid_program_key.java:20)
	at iam.PROGRAM_delete_program.TC_01_delete_program_by_valid_program_key.delteprogram1(TC_01_delete_program_by_valid_program_key.java:20)
	at iam.PROGRAM_delete_program.TC_01_delete_program_by_valid_program_key.delteprogram1(TC_01_delete_program_by_valid_program_key.java:20)
	at iam.PROGRAM_delete_program.TC_01_delete_program_by_valid_program_key.delteprogram1(TC_01_delete_program_by_valid_program_key.java:20)
	at iam.PROGRAM_delete_program.TC_01_delete_program_by_valid_program_key.delteprogram1(TC_01_delete_program_by_valid_program_key.java:20)
	at iam.PROGRAM_delete_program.TC_01_delete_program_by_valid_program_key.delteprogram1(TC_01_delete_program_by_valid_program_key.java:20)
	at iam.PROGRAM_delete_program.TC_01_delete_program_by_valid_program_key.delteprogram1(TC_01_delete_program_by_valid_program_key.java:20)
	at iam.PROGRAM_delete_program.TC_01_delete_program_by_valid_program_key.delteprogram1(TC_01_delete_program_by_valid_program_key.java:20)
	at iam.PROGRAM_delete_program.TC_01_delete_program_by_valid_program_key.delteprogram1(TC_01_delete_program_by_valid_program_key.java:20)
	at iam.PROGRAM_delete_program.TC_01_delete_program_by_valid_program_key.delteprogram1(TC_01_delete_program_by_valid_program_key.java:20)
	at iam.PROGRAM_delete_program.TC_01_delete_program_by_valid_program_key.delteprogram1(TC_01_delete_program_by_valid_program_key.java:20)
	at iam.PROGRAM_delete_program.TC_01_delete_program_by_valid_program_key.delteprogram1(TC_01_delete_program_by_valid_program_key.java:20)
	at iam.PROGRAM_delete_program.TC_01_delete_program_by_valid_program_key.delteprogram1(TC_01_delete_program_by_valid_program_key.java:20)
	at iam.PROGRAM_delete_program.TC_01_delete_program_by_valid_program_key.delteprogram1(TC_01_delete_program_by_valid_program_key.java:20)
	at iam.PROGRAM_delete_program.TC_01_delete_program_by_valid_program_key.delteprogram1(TC_01_delete_program_by_valid_program_key.java:20)
	at iam.PROGRAM_delete_program.TC_01_delete_program_by_valid_program_key.delteprogram1(TC_01_delete_program_by_valid_program_key.java:20)
	at iam.PROGRAM_delete_program.TC_01_delete_program_by_valid_program_key.delteprogram1(TC_01_delete_program_by_valid_program_key.java:20)
	at iam.PROGRAM_delete_program.TC_01_delete_program_by_valid_program_key.delteprogram1(TC_01_delete_program_by_valid_program_key.java:20)
	at iam.PROGRAM_delete_program.TC_01_delete_program_by_valid_program_key.delteprogram1(TC_01_delete_program_by_valid_program_key.java:20)
	at iam.PROGRAM_delete_program.TC_01_delete_program_by_valid_program_key.delteprogram1(TC_01_delete_program_by_valid_program_key.java:20)
	at iam.PROGRAM_delete_program.TC_01_delete_program_by_valid_program_key.delteprogram1(TC_01_delete_program_by_valid_program_key.java:20)
	at iam.PROGRAM_delete_program.TC_01_delete_program_by_valid_program_key.delteprogram1(TC_01_delete_program_by_valid_program_key.java:20)
	at iam.PROGRAM_delete_program.TC_01_delete_program_by_valid_program_key.delteprogram1(TC_01_delete_program_by_valid_program_key.java:20)
	at iam.PROGRAM_delete_program.TC_01_delete_program_by_valid_program_key.delteprogram1(TC_01_delete_program_by_valid_program_key.java:20)
	at iam.PROGRAM_delete_program.TC_01_delete_program_by_valid_program_key.delteprogram1(TC_01_delete_program_by_valid_program_key.java:20)
	at iam.PROGRAM_delete_program.TC_01_delete_program_by_valid_program_key.delteprogram1(TC_01_delete_program_by_valid_program_key.java:20)
	at iam.PROGRAM_delete_program.TC_01_delete_program_by_valid_program_key.delteprogram1(TC_01_delete_program_by_valid_program_key.java:20)
	at iam.PROGRAM_delete_program.TC_01_delete_program_by_valid_program_key.delteprogram1(TC_01_delete_program_by_valid_program_key.java:20)
	at iam.PROGRAM_delete_program.TC_01_delete_program_by_valid_program_key.delteprogram1(TC_01_delete_program_by_valid_program_key.java:20)
	at iam.PROGRAM_delete_program.TC_01_delete_program_by_valid_program_key.delteprogram1(TC_01_delete_program_by_valid_program_key.java:20)
	at iam.PROGRAM_delete_program.TC_01_delete_program_by_valid_program_key.delteprogram1(TC_01_delete_program_by_valid_program_key.java:20)
	at iam.PROGRAM_delete_program.TC_01_delete_program_by_valid_program_key.delteprogram1(TC_01_delete_program_by_valid_program_key.java:20)
	at iam.PROGRAM_delete_program.TC_01_delete_program_by_valid_program_key.delteprogram1(TC_01_delete_program_by_valid_program_key.java:20)
	at iam.PROGRAM_delete_program.TC_01_delete_program_by_valid_program_key.delteprogram1(TC_01_delete_program_by_valid_program_key.java:20)
	at iam.PROGRAM_delete_program.TC_01_delete_program_by_valid_program_key.delteprogram1(TC_01_delete_program_by_valid_program_key.java:20)
	at iam.PROGRAM_delete_program.TC_01_delete_program_by_valid_program_key.delteprogram1(TC_01_delete_program_by_valid_program_key.java:20)
	at iam.PROGRAM_delete_program.TC_01_delete_program_by_valid_program_key.delteprogram1(TC_01_delete_program_by_valid_program_key.java:20)
	at iam.PROGRAM_delete_program.TC_01_delete_program_by_valid_program_key.delteprogram1(TC_01_delete_program_by_valid_program_key.java:20)
	at iam.PROGRAM_delete_program.TC_01_delete_program_by_valid_program_key.delteprogram1(TC_01_delete_program_by_valid_program_key.java:20)
	at iam.PROGRAM_delete_program.TC_01_delete_program_by_valid_program_key.delteprogram1(TC_01_delete_program_by_valid_program_key.java:20)
	at iam.PROGRAM_delete_program.TC_01_delete_program_by_valid_program_key.delteprogram1(TC_01_delete_program_by_valid_program_key.java:20)
	at iam.PROGRAM_delete_program.TC_01_delete_program_by_valid_program_key.delteprogram1(TC_01_delete_program_by_valid_program_key.java:20)
	at iam.PROGRAM_delete_program.TC_01_delete_program_by_valid_program_key.delteprogram1(TC_01_delete_program_by_valid_program_key.java:20)
	at iam.PROGRAM_delete_program.TC_01_delete_program_by_valid_program_key.delteprogram1(TC_01_delete_program_by_valid_program_key.java:20)
	at iam.PROGRAM_delete_program.TC_01_delete_program_by_valid_program_key.delteprogram1(TC_01_delete_program_by_valid_program_key.java:20)
	at iam.PROGRAM_delete_program.TC_01_delete_program_by_valid_program_key.delteprogram1(TC_01_delete_program_by_valid_program_key.java:20)
	at iam.PROGRAM_delete_program.TC_01_delete_program_by_valid_program_key.delteprogram1(TC_01_delete_program_by_valid_program_key.java:20)
	at iam.PROGRAM_delete_program.TC_01_delete_program_by_valid_program_key.delteprogram1(TC_01_delete_program_by_valid_program_key.java:20)
	at iam.PROGRAM_delete_program.TC_01_delete_program_by_valid_program_key.delteprogram1(TC_01_delete_program_by_valid_program_key.java:20)
	at iam.PROGRAM_delete_program.TC_01_delete_program_by_valid_program_key.delteprogram1(TC_01_delete_program_by_valid_program_key.java:20)
	at iam.PROGRAM_delete_program.TC_01_delete_program_by_valid_program_key.delteprogram1(TC_01_delete_program_by_valid_program_key.java:20)
	at iam.PROGRAM_delete_program.TC_01_delete_program_by_valid_program_key.delteprogram1(TC_01_delete_program_by_valid_program_key.java:20)
	at iam.PROGRAM_delete_program.TC_01_delete_program_by_valid_program_key.delteprogram1(TC_01_delete_program_by_valid_program_key.java:20)
	at iam.PROGRAM_delete_program.TC_01_delete_program_by_valid_program_key.delteprogram1(TC_01_delete_program_by_valid_program_key.java:20)
	at iam.PROGRAM_delete_program.TC_01_delete_program_by_valid_program_key.delteprogram1(TC_01_delete_program_by_valid_program_key.java:20)
	at iam.PROGRAM_delete_program.TC_01_delete_program_by_valid_program_key.delteprogram1(TC_01_delete_program_by_valid_program_key.java:20)
	at iam.PROGRAM_delete_program.TC_01_delete_program_by_valid_program_key.delteprogram1(TC_01_delete_program_by_valid_program_key.java:20)
	at iam.PROGRAM_delete_program.TC_01_delete_program_by_valid_program_key.delteprogram1(TC_01_delete_program_by_valid_program_key.java:20)
	at iam.PROGRAM_delete_program.TC_01_delete_program_by_valid_program_key.delteprogram1(TC_01_delete_program_by_valid_program_key.java:20)
	at iam.PROGRAM_delete_program.TC_01_delete_program_by_valid_program_key.delteprogram1(TC_01_delete_program_by_valid_program_key.java:20)
	at iam.PROGRAM_delete_program.TC_01_delete_program_by_valid_program_key.delteprogram1(TC_01_delete_program_by_valid_program_key.java:20)
	at iam.PROGRAM_delete_program.TC_01_delete_program_by_valid_program_key.delteprogram1(TC_01_delete_program_by_valid_program_key.java:20)
	at iam.PROGRAM_delete_program.TC_01_delete_program_by_valid_program_key.delteprogram1(TC_01_delete_program_by_valid_program_key.java:20)
	at iam.PROGRAM_delete_program.TC_01_delete_program_by_valid_program_key.delteprogram1(TC_01_delete_program_by_valid_program_key.java:20)
	at iam.PROGRAM_delete_program.TC_01_delete_program_by_valid_program_key.delteprogram1(TC_01_delete_program_by_valid_program_key.java:20)
	at iam.PROGRAM_delete_program.TC_01_delete_program_by_valid_program_key.delteprogram1(TC_01_delete_program_by_valid_program_key.java:20)
	at iam.PROGRAM_delete_program.TC_01_delete_program_by_valid_program_key.delteprogram1(TC_01_delete_program_by_valid_program_key.java:20)
	at iam.PROGRAM_delete_program.TC_01_delete_program_by_valid_program_key.delteprogram1(TC_01_delete_program_by_valid_program_key.java:20)
	at iam.PROGRAM_delete_program.TC_01_delete_program_by_valid_program_key.delteprogram1(TC_01_delete_program_by_valid_program_key.java:20)
	at iam.PROGRAM_delete_program.TC_01_delete_program_by_valid_program_key.delteprogram1(TC_01_delete_program_by_valid_program_key.java:20)
	at iam.PROGRAM_delete_program.TC_01_delete_program_by_valid_program_key.delteprogram1(TC_01_delete_program_by_valid_program_key.java:20)
	at iam.PROGRAM_delete_program.TC_01_delete_program_by_valid_program_key.delteprogram1(TC_01_delete_program_by_valid_program_key.java:20)
	at iam.PROGRAM_delete_program.TC_01_delete_program_by_valid_program_key.delteprogram1(TC_01_delete_program_by_valid_program_key.java:20)
	at iam.PROGRAM_delete_program.TC_01_delete_program_by_valid_program_key.delteprogram1(TC_01_delete_program_by_valid_program_key.java:20)
	at iam.PROGRAM_delete_program.TC_01_delete_program_by_valid_program_key.delteprogram1(TC_01_delete_program_by_valid_program_key.java:20)
	at iam.PROGRAM_delete_program.TC_01_delete_program_by_valid_program_key.delteprogram1(TC_01_delete_program_by_valid_program_key.java:20)
	at iam.PROGRAM_delete_program.TC_01_delete_program_by_valid_program_key.delteprogram1(TC_01_delete_program_by_valid_program_key.java:20)
	at iam.PROGRAM_delete_program.TC_01_delete_program_by_valid_program_key.delteprogram1(TC_01_delete_program_by_valid_program_key.java:20)
	at iam.PROGRAM_delete_program.TC_01_delete_program_by_valid_program_key.delteprogram1(TC_01_delete_program_by_valid_program_key.java:20)
	at iam.PROGRAM_delete_program.TC_01_delete_program_by_valid_program_key.delteprogram1(TC_01_delete_program_by_valid_program_key.java:20)
	at iam.PROGRAM_delete_program.TC_01_delete_program_by_valid_program_key.delteprogram1(TC_01_delete_program_by_valid_program_key.java:20)
	at iam.PROGRAM_delete_program.TC_01_delete_program_by_valid_program_key.delteprogram1(TC_01_delete_program_by_valid_program_key.java:20)
	at iam.PROGRAM_delete_program.TC_01_delete_program_by_valid_program_key.delteprogram1(TC_01_delete_program_by_valid_program_key.java:20)
	at iam.PROGRAM_delete_program.TC_01_delete_program_by_valid_program_key.delteprogram1(TC_01_delete_program_by_valid_program_key.java:20)
	at iam.PROGRAM_delete_program.TC_01_delete_program_by_valid_program_key.delteprogram1(TC_01_delete_program_by_valid_program_key.java:20)
	at iam.PROGRAM_delete_program.TC_01_delete_program_by_valid_program_key.delteprogram1(TC_01_delete_program_by_valid_program_key.java:20)
	at iam.PROGRAM_delete_program.TC_01_delete_program_by_valid_program_key.delteprogram1(TC_01_delete_program_by_valid_program_key.java:20)
	at iam.PROGRAM_delete_program.TC_01_delete_program_by_valid_program_key.delteprogram1(TC_01_delete_program_by_valid_program_key.java:20)
	at iam.PROGRAM_delete_program.TC_01_delete_program_by_valid_program_key.delteprogram1(TC_01_delete_program_by_valid_program_key.java:20)
	at iam.PROGRAM_delete_program.TC_01_delete_program_by_valid_program_key.delteprogram1(TC_01_delete_program_by_valid_program_key.java:20)
	at iam.PROGRAM_delete_program.TC_01_delete_program_by_valid_program_key.delteprogram1(TC_01_delete_program_by_valid_program_key.java:20)
	at iam.PROGRAM_delete_program.TC_01_delete_program_by_valid_program_key.delteprogram1(TC_01_delete_program_by_valid_program_key.java:20)
	at iam.PROGRAM_delete_program.TC_01_delete_program_by_valid_program_key.delteprogram1(TC_01_delete_program_by_valid_program_key.java:20)
	at iam.PROGRAM_delete_program.TC_01_delete_program_by_valid_program_key.delteprogram1(TC_01_delete_program_by_valid_program_key.java:20)
	at iam.PROGRAM_delete_program.TC_01_delete_program_by_valid_program_key.delteprogram1(TC_01_delete_program_by_valid_program_key.java:20)
	at iam.PROGRAM_delete_program.TC_01_delete_program_by_valid_program_key.delteprogram1(TC_01_delete_program_by_valid_program_key.java:20)
	at iam.PROGRAM_delete_program.TC_01_delete_program_by_valid_program_key.delteprogram1(TC_01_delete_program_by_valid_program_key.java:20)
	at iam.PROGRAM_delete_program.TC_01_delete_program_by_valid_program_key.delteprogram1(TC_01_delete_program_by_valid_program_key.java:20)
	at iam.PROGRAM_delete_program.TC_01_delete_program_by_valid_program_key.delteprogram1(TC_01_delete_program_by_valid_program_key.java:20)
	at iam.PROGRAM_delete_program.TC_01_delete_program_by_valid_program_key.delteprogram1(TC_01_delete_program_by_valid_program_key.java:20)
	at iam.PROGRAM_delete_program.TC_01_delete_program_by_valid_program_key.delteprogram1(TC_01_delete_program_by_valid_program_key.java:20)
	at iam.PROGRAM_delete_program.TC_01_delete_program_by_valid_program_key.delteprogram1(TC_01_delete_program_by_valid_program_key.java:20)
	at iam.PROGRAM_delete_program.TC_01_delete_program_by_valid_program_key.delteprogram1(TC_01_delete_program_by_valid_program_key.java:20)
	at iam.PROGRAM_delete_program.TC_01_delete_program_by_valid_program_key.delteprogram1(TC_01_delete_program_by_valid_program_key.java:20)
	at iam.PROGRAM_delete_program.TC_01_delete_program_by_valid_program_key.delteprogram1(TC_01_delete_program_by_valid_program_key.java:20)
	at iam.PROGRAM_delete_program.TC_01_delete_program_by_valid_program_key.delteprogram1(TC_01_delete_program_by_valid_program_key.java:20)
	at iam.PROGRAM_delete_program.TC_01_delete_program_by_valid_program_key.delteprogram1(TC_01_delete_program_by_valid_program_key.java:20)
	at iam.PROGRAM_delete_program.TC_01_delete_program_by_valid_program_key.delteprogram1(TC_01_delete_program_by_valid_program_key.java:20)
	at iam.PROGRAM_delete_program.TC_01_delete_program_by_valid_program_key.delteprogram1(TC_01_delete_program_by_valid_program_key.java:20)
	at iam.PROGRAM_delete_program.TC_01_delete_program_by_valid_program_key.delteprogram1(TC_01_delete_program_by_valid_program_key.java:20)
	at iam.PROGRAM_delete_program.TC_01_delete_program_by_valid_program_key.delteprogram1(TC_01_delete_program_by_valid_program_key.java:20)
	at iam.PROGRAM_delete_program.TC_01_delete_program_by_valid_program_key.delteprogram1(TC_01_delete_program_by_valid_program_key.java:20)
	at iam.PROGRAM_delete_program.TC_01_delete_program_by_valid_program_key.delteprogram1(TC_01_delete_program_by_valid_program_key.java:20)
	at iam.PROGRAM_delete_program.TC_01_delete_program_by_valid_program_key.delteprogram1(TC_01_delete_program_by_valid_program_key.java:20)
	at iam.PROGRAM_delete_program.TC_01_delete_program_by_valid_program_key.delteprogram1(TC_01_delete_program_by_valid_program_key.java:20)
	at iam.PROGRAM_delete_program.TC_01_delete_program_by_valid_program_key.delteprogram1(TC_01_delete_program_by_valid_program_key.java:20)
	at iam.PROGRAM_delete_program.TC_01_delete_program_by_valid_program_key.delteprogram1(TC_01_delete_program_by_valid_program_key.java:20)
	at iam.PROGRAM_delete_program.TC_01_delete_program_by_valid_program_key.delteprogram1(TC_01_delete_program_by_valid_program_key.java:20)
	at iam.PROGRAM_delete_program.TC_01_delete_program_by_valid_program_key.delteprogram1(TC_01_delete_program_by_valid_program_key.java:20)
	at iam.PROGRAM_delete_program.TC_01_delete_program_by_valid_program_key.delteprogram1(TC_01_delete_program_by_valid_program_key.java:20)
	at iam.PROGRAM_delete_program.TC_01_delete_program_by_valid_program_key.delteprogram1(TC_01_delete_program_by_valid_program_key.java:20)
	at iam.PROGRAM_delete_program.TC_01_delete_program_by_valid_program_key.delteprogram1(TC_01_delete_program_by_valid_program_key.java:20)
	at iam.PROGRAM_delete_program.TC_01_delete_program_by_valid_program_key.delteprogram1(TC_01_delete_program_by_valid_program_key.java:20)
	at iam.PROGRAM_delete_program.TC_01_delete_program_by_valid_program_key.delteprogram1(TC_01_delete_program_by_valid_program_key.java:20)
	at iam.PROGRAM_delete_program.TC_01_delete_program_by_valid_program_key.delteprogram1(TC_01_delete_program_by_valid_program_key.java:20)
	at iam.PROGRAM_delete_program.TC_01_delete_program_by_valid_program_key.delteprogram1(TC_01_delete_program_by_valid_program_key.java:20)
	at iam.PROGRAM_delete_program.TC_01_delete_program_by_valid_program_key.delteprogram1(TC_01_delete_program_by_valid_program_key.java:20)
	at iam.PROGRAM_delete_program.TC_01_delete_program_by_valid_program_key.delteprogram1(TC_01_delete_program_by_valid_program_key.java:20)
	at iam.PROGRAM_delete_program.TC_01_delete_program_by_valid_program_key.delteprogram1(TC_01_delete_program_by_valid_program_key.java:20)
	at iam.PROGRAM_delete_program.TC_01_delete_program_by_valid_program_key.delteprogram1(TC_01_delete_program_by_valid_program_key.java:20)
	at iam.PROGRAM_delete_program.TC_01_delete_program_by_valid_program_key.delteprogram1(TC_01_delete_program_by_valid_program_key.java:20)
	at iam.PROGRAM_delete_program.TC_01_delete_program_by_valid_program_key.delteprogram1(TC_01_delete_program_by_valid_program_key.java:20)
	at iam.PROGRAM_delete_program.TC_01_delete_program_by_valid_program_key.delteprogram1(TC_01_delete_program_by_valid_program_key.java:20)
	at iam.PROGRAM_delete_program.TC_01_delete_program_by_valid_program_key.delteprogram1(TC_01_delete_program_by_valid_program_key.java:20)
	at iam.PROGRAM_delete_program.TC_01_delete_program_by_valid_program_key.delteprogram1(TC_01_delete_program_by_valid_program_key.java:20)
	at iam.PROGRAM_delete_program.TC_01_delete_program_by_valid_program_key.delteprogram1(TC_01_delete_program_by_valid_program_key.java:20)
	at iam.PROGRAM_delete_program.TC_01_delete_program_by_valid_program_key.delteprogram1(TC_01_delete_program_by_valid_program_key.java:20)
	at iam.PROGRAM_delete_program.TC_01_delete_program_by_valid_program_key.delteprogram1(TC_01_delete_program_by_valid_program_key.java:20)
	at iam.PROGRAM_delete_program.TC_01_delete_program_by_valid_program_key.delteprogram1(TC_01_delete_program_by_valid_program_key.java:20)
	at iam.PROGRAM_delete_program.TC_01_delete_program_by_valid_program_key.delteprogram1(TC_01_delete_program_by_valid_program_key.java:20)
	at iam.PROGRAM_delete_program.TC_01_delete_program_by_valid_program_key.delteprogram1(TC_01_delete_program_by_valid_program_key.java:20)
	at iam.PROGRAM_delete_program.TC_01_delete_program_by_valid_program_key.delteprogram1(TC_01_delete_program_by_valid_program_key.java:20)
	at iam.PROGRAM_delete_program.TC_01_delete_program_by_valid_program_key.delteprogram1(TC_01_delete_program_by_valid_program_key.java:20)
	at iam.PROGRAM_delete_program.TC_01_delete_program_by_valid_program_key.delteprogram1(TC_01_delete_program_by_valid_program_key.java:20)
	at iam.PROGRAM_delete_program.TC_01_delete_program_by_valid_program_key.delteprogram1(TC_01_delete_program_by_valid_program_key.java:20)
	at iam.PROGRAM_delete_program.TC_01_delete_program_by_valid_program_key.delteprogram1(TC_01_delete_program_by_valid_program_key.java:20)
	at iam.PROGRAM_delete_program.TC_01_delete_program_by_valid_program_key.delteprogram1(TC_01_delete_program_by_valid_program_key.java:20)
	at iam.PROGRAM_delete_program.TC_01_delete_program_by_valid_program_key.delteprogram1(TC_01_delete_program_by_valid_program_key.java:20)
	at iam.PROGRAM_delete_program.TC_01_delete_program_by_valid_program_key.delteprogram1(TC_01_delete_program_by_valid_program_key.java:20)
	at iam.PROGRAM_delete_program.TC_01_delete_program_by_valid_program_key.delteprogram1(TC_01_delete_program_by_valid_program_key.java:20)
	at iam.PROGRAM_delete_program.TC_01_delete_program_by_valid_program_key.delteprogram1(TC_01_delete_program_by_valid_program_key.java:20)
	at iam.PROGRAM_delete_program.TC_01_delete_program_by_valid_program_key.delteprogram1(TC_01_delete_program_by_valid_program_key.java:20)
	at iam.PROGRAM_delete_program.TC_01_delete_program_by_valid_program_key.delteprogram1(TC_01_delete_program_by_valid_program_key.java:20)
	at iam.PROGRAM_delete_program.TC_01_delete_program_by_valid_program_key.delteprogram1(TC_01_delete_program_by_valid_program_key.java:20)
	at iam.PROGRAM_delete_program.TC_01_delete_program_by_valid_program_key.delteprogram1(TC_01_delete_program_by_valid_program_key.java:20)
	at iam.PROGRAM_delete_program.TC_01_delete_program_by_valid_program_key.delteprogram1(TC_01_delete_program_by_valid_program_key.java:20)
	at iam.PROGRAM_delete_program.TC_01_delete_program_by_valid_program_key.delteprogram1(TC_01_delete_program_by_valid_program_key.java:20)
	at iam.PROGRAM_delete_program.TC_01_delete_program_by_valid_program_key.delteprogram1(TC_01_delete_program_by_valid_program_key.java:20)
	at iam.PROGRAM_delete_program.TC_01_delete_program_by_valid_program_key.delteprogram1(TC_01_delete_program_by_valid_program_key.java:20)
	at iam.PROGRAM_delete_program.TC_01_delete_program_by_valid_program_key.delteprogram1(TC_01_delete_program_by_valid_program_key.java:20)
	at iam.PROGRAM_delete_program.TC_01_delete_program_by_valid_program_key.delteprogram1(TC_01_delete_program_by_valid_program_key.java:20)
	at iam.PROGRAM_delete_program.TC_01_delete_program_by_valid_program_key.delteprogram1(TC_01_delete_program_by_valid_program_key.java:20)
	at iam.PROGRAM_delete_program.TC_01_delete_program_by_valid_program_key.delteprogram1(TC_01_delete_program_by_valid_program_key.java:20)
	at iam.PROGRAM_delete_program.TC_01_delete_program_by_valid_program_key.delteprogram1(TC_01_delete_program_by_valid_program_key.java:20)
	at iam.PROGRAM_delete_program.TC_01_delete_program_by_valid_program_key.delteprogram1(TC_01_delete_program_by_valid_program_key.java:20)
	at iam.PROGRAM_delete_program.TC_01_delete_program_by_valid_program_key.delteprogram1(TC_01_delete_program_by_valid_program_key.java:20)
	at iam.PROGRAM_delete_program.TC_01_delete_program_by_valid_program_key.delteprogram1(TC_01_delete_program_by_valid_program_key.java:20)
	at iam.PROGRAM_delete_program.TC_01_delete_program_by_valid_program_key.delteprogram1(TC_01_delete_program_by_valid_program_key.java:20)
	at iam.PROGRAM_delete_program.TC_01_delete_program_by_valid_program_key.delteprogram1(TC_01_delete_program_by_valid_program_key.java:20)
	at iam.PROGRAM_delete_program.TC_01_delete_program_by_valid_program_key.delteprogram1(TC_01_delete_program_by_valid_program_key.java:20)
	at iam.PROGRAM_delete_program.TC_01_delete_program_by_valid_program_key.delteprogram1(TC_01_delete_program_by_valid_program_key.java:20)
	at iam.PROGRAM_delete_program.TC_01_delete_program_by_valid_program_key.delteprogram1(TC_01_delete_program_by_valid_program_key.java:20)
	at iam.PROGRAM_delete_program.TC_01_delete_program_by_valid_program_key.delteprogram1(TC_01_delete_program_by_valid_program_key.java:20)
	at iam.PROGRAM_delete_program.TC_01_delete_program_by_valid_program_key.delteprogram1(TC_01_delete_program_by_valid_program_key.java:20)
	at iam.PROGRAM_delete_program.TC_01_delete_program_by_valid_program_key.delteprogram1(TC_01_delete_program_by_valid_program_key.java:20)
	at iam.PROGRAM_delete_program.TC_01_delete_program_by_valid_program_key.delteprogram1(TC_01_delete_program_by_valid_program_key.java:20)
	at iam.PROGRAM_delete_program.TC_01_delete_program_by_valid_program_key.delteprogram1(TC_01_delete_program_by_valid_program_key.java:20)
	at iam.PROGRAM_delete_program.TC_01_delete_program_by_valid_program_key.delteprogram1(TC_01_delete_program_by_valid_program_key.java:20)
	at iam.PROGRAM_delete_program.TC_01_delete_program_by_valid_program_key.delteprogram1(TC_01_delete_program_by_valid_program_key.java:20)
	at iam.PROGRAM_delete_program.TC_01_delete_program_by_valid_program_key.delteprogram1(TC_01_delete_program_by_valid_program_key.java:20)
	at iam.PROGRAM_delete_program.TC_01_delete_program_by_valid_program_key.delteprogram1(TC_01_delete_program_by_valid_program_key.java:20)
	at iam.PROGRAM_delete_program.TC_01_delete_program_by_valid_program_key.delteprogram1(TC_01_delete_program_by_valid_program_key.java:20)
	at iam.PROGRAM_delete_program.TC_01_delete_program_by_valid_program_key.delteprogram1(TC_01_delete_program_by_valid_program_key.java:20)
	at iam.PROGRAM_delete_program.TC_01_delete_program_by_valid_program_key.delteprogram1(TC_01_delete_program_by_valid_program_key.java:20)
	at iam.PROGRAM_delete_program.TC_01_delete_program_by_valid_program_key.delteprogram1(TC_01_delete_program_by_valid_program_key.java:20)
	at iam.PROGRAM_delete_program.TC_01_delete_program_by_valid_program_key.delteprogram1(TC_01_delete_program_by_valid_program_key.java:20)
	at iam.PROGRAM_delete_program.TC_01_delete_program_by_valid_program_key.delteprogram1(TC_01_delete_program_by_valid_program_key.java:20)
	at iam.PROGRAM_delete_program.TC_01_delete_program_by_valid_program_key.delteprogram1(TC_01_delete_program_by_valid_program_key.java:20)
	at iam.PROGRAM_delete_program.TC_01_delete_program_by_valid_program_key.delteprogram1(TC_01_delete_program_by_valid_program_key.java:20)
	at iam.PROGRAM_delete_program.TC_01_delete_program_by_valid_program_key.delteprogram1(TC_01_delete_program_by_valid_program_key.java:20)
	at iam.PROGRAM_delete_program.TC_01_delete_program_by_valid_program_key.delteprogram1(TC_01_delete_program_by_valid_program_key.java:20)
	at iam.PROGRAM_delete_program.TC_01_delete_program_by_valid_program_key.delteprogram1(TC_01_delete_program_by_valid_program_key.java:20)
	at iam.PROGRAM_delete_program.TC_01_delete_program_by_valid_program_key.delteprogram1(TC_01_delete_program_by_valid_program_key.java:20)
	at iam.PROGRAM_delete_program.TC_01_delete_program_by_valid_program_key.delteprogram1(TC_01_delete_program_by_valid_program_key.java:20)
	at iam.PROGRAM_delete_program.TC_01_delete_program_by_valid_program_key.delteprogram1(TC_01_delete_program_by_valid_program_key.java:20)
	at iam.PROGRAM_delete_program.TC_01_delete_program_by_valid_program_key.delteprogram1(TC_01_delete_program_by_valid_program_key.java:20)
	at iam.PROGRAM_delete_program.TC_01_delete_program_by_valid_program_key.delteprogram1(TC_01_delete_program_by_valid_program_key.java:20)
	at iam.PROGRAM_delete_program.TC_01_delete_program_by_valid_program_key.delteprogram1(TC_01_delete_program_by_valid_program_key.java:20)
	at iam.PROGRAM_delete_program.TC_01_delete_program_by_valid_program_key.delteprogram1(TC_01_delete_program_by_valid_program_key.java:20)
	at iam.PROGRAM_delete_program.TC_01_delete_program_by_valid_program_key.delteprogram1(TC_01_delete_program_by_valid_program_key.java:20)
	at iam.PROGRAM_delete_program.TC_01_delete_program_by_valid_program_key.delteprogram1(TC_01_delete_program_by_valid_program_key.java:20)
	at iam.PROGRAM_delete_program.TC_01_delete_program_by_valid_program_key.delteprogram1(TC_01_delete_program_by_valid_program_key.java:20)
	at iam.PROGRAM_delete_program.TC_01_delete_program_by_valid_program_key.delteprogram1(TC_01_delete_program_by_valid_program_key.java:20)
	at iam.PROGRAM_delete_program.TC_01_delete_program_by_valid_program_key.delteprogram1(TC_01_delete_program_by_valid_program_key.java:20)
	at iam.PROGRAM_delete_program.TC_01_delete_program_by_valid_program_key.delteprogram1(TC_01_delete_program_by_valid_program_key.java:20)
	at iam.PROGRAM_delete_program.TC_01_delete_program_by_valid_program_key.delteprogram1(TC_01_delete_program_by_valid_program_key.java:20)
	at iam.PROGRAM_delete_program.TC_01_delete_program_by_valid_program_key.delteprogram1(TC_01_delete_program_by_valid_program_key.java:20)
	at iam.PROGRAM_delete_program.TC_01_delete_program_by_valid_program_key.delteprogram1(TC_01_delete_program_by_valid_program_key.java:20)
	at iam.PROGRAM_delete_program.TC_01_delete_program_by_valid_program_key.delteprogram1(TC_01_delete_program_by_valid_program_key.java:20)
	at iam.PROGRAM_delete_program.TC_01_delete_program_by_valid_program_key.delteprogram1(TC_01_delete_program_by_valid_program_key.java:20)
	at iam.PROGRAM_delete_program.TC_01_delete_program_by_valid_program_key.delteprogram1(TC_01_delete_program_by_valid_program_key.java:20)
	at iam.PROGRAM_delete_program.TC_01_delete_program_by_valid_program_key.delteprogram1(TC_01_delete_program_by_valid_program_key.java:20)
	at iam.PROGRAM_delete_program.TC_01_delete_program_by_valid_program_key.delteprogram1(TC_01_delete_program_by_valid_program_key.java:20)
	at iam.PROGRAM_delete_program.TC_01_delete_program_by_valid_program_key.delteprogram1(TC_01_delete_program_by_valid_program_key.java:20)
	at iam.PROGRAM_delete_program.TC_01_delete_program_by_valid_program_key.delteprogram1(TC_01_delete_program_by_valid_program_key.java:20)
	at iam.PROGRAM_delete_program.TC_01_delete_program_by_valid_program_key.delteprogram1(TC_01_delete_program_by_valid_program_key.java:20)
	at iam.PROGRAM_delete_program.TC_01_delete_program_by_valid_program_key.delteprogram1(TC_01_delete_program_by_valid_program_key.java:20)
	at iam.PROGRAM_delete_program.TC_01_delete_program_by_valid_program_key.delteprogram1(TC_01_delete_program_by_valid_program_key.java:20)
	at iam.PROGRAM_delete_program.TC_01_delete_program_by_valid_program_key.delteprogram1(TC_01_delete_program_by_valid_program_key.java:20)
	at iam.PROGRAM_delete_program.TC_01_delete_program_by_valid_program_key.delteprogram1(TC_01_delete_program_by_valid_program_key.java:20)
	at iam.PROGRAM_delete_program.TC_01_delete_program_by_valid_program_key.delteprogram1(TC_01_delete_program_by_valid_program_key.java:20)
	at iam.PROGRAM_delete_program.TC_01_delete_program_by_valid_program_key.delteprogram1(TC_01_delete_program_by_valid_program_key.java:20)
	at iam.PROGRAM_delete_program.TC_01_delete_program_by_valid_program_key.delteprogram1(TC_01_delete_program_by_valid_program_key.java:20)
	at iam.PROGRAM_delete_program.TC_01_delete_program_by_valid_program_key.delteprogram1(TC_01_delete_program_by_valid_program_key.java:20)
	at iam.PROGRAM_delete_program.TC_01_delete_program_by_valid_program_key.delteprogram1(TC_01_delete_program_by_valid_program_key.java:20)
	at iam.PROGRAM_delete_program.TC_01_delete_program_by_valid_program_key.delteprogram1(TC_01_delete_program_by_valid_program_key.java:20)
	at iam.PROGRAM_delete_program.TC_01_delete_program_by_valid_program_key.delteprogram1(TC_01_delete_program_by_valid_program_key.java:20)
	at iam.PROGRAM_delete_program.TC_01_delete_program_by_valid_program_key.delteprogram1(TC_01_delete_program_by_valid_program_key.java:20)
	at iam.PROGRAM_delete_program.TC_01_delete_program_by_valid_program_key.delteprogram1(TC_01_delete_program_by_valid_program_key.java:20)
	at iam.PROGRAM_delete_program.TC_01_delete_program_by_valid_program_key.delteprogram1(TC_01_delete_program_by_valid_program_key.java:20)
	at iam.PROGRAM_delete_program.TC_01_delete_program_by_valid_program_key.delteprogram1(TC_01_delete_program_by_valid_program_key.java:20)
	at iam.PROGRAM_delete_program.TC_01_delete_program_by_valid_program_key.delteprogram1(TC_01_delete_program_by_valid_program_key.java:20)
	at iam.PROGRAM_delete_program.TC_01_delete_program_by_valid_program_key.delteprogram1(TC_01_delete_program_by_valid_program_key.java:20)
	at iam.PROGRAM_delete_program.TC_01_delete_program_by_valid_program_key.delteprogram1(TC_01_delete_program_by_valid_program_key.java:20)
	at iam.PROGRAM_delete_program.TC_01_delete_program_by_valid_program_key.delteprogram1(TC_01_delete_program_by_valid_program_key.java:20)
	at iam.PROGRAM_delete_program.TC_01_delete_program_by_valid_program_key.delteprogram1(TC_01_delete_program_by_valid_program_key.java:20)
	at iam.PROGRAM_delete_program.TC_01_delete_program_by_valid_program_key.delteprogram1(TC_01_delete_program_by_valid_program_key.java:20)
	at iam.PROGRAM_delete_program.TC_01_delete_program_by_valid_program_key.delteprogram1(TC_01_delete_program_by_valid_program_key.java:20)
	at iam.PROGRAM_delete_program.TC_01_delete_program_by_valid_program_key.delteprogram1(TC_01_delete_program_by_valid_program_key.java:20)
	at iam.PROGRAM_delete_program.TC_01_delete_program_by_valid_program_key.delteprogram1(TC_01_delete_program_by_valid_program_key.java:20)
	at iam.PROGRAM_delete_program.TC_01_delete_program_by_valid_program_key.delteprogram1(TC_01_delete_program_by_valid_program_key.java:20)
	at iam.PROGRAM_delete_program.TC_01_delete_program_by_valid_program_key.delteprogram1(TC_01_delete_program_by_valid_program_key.java:20)
	at iam.PROGRAM_delete_program.TC_01_delete_program_by_valid_program_key.delteprogram1(TC_01_delete_program_by_valid_program_key.java:20)
	at iam.PROGRAM_delete_program.TC_01_delete_program_by_valid_program_key.delteprogram1(TC_01_delete_program_by_valid_program_key.java:20)
	at iam.PROGRAM_delete_program.TC_01_delete_program_by_valid_program_key.delteprogram1(TC_01_delete_program_by_valid_program_key.java:20)
	at iam.PROGRAM_delete_program.TC_01_delete_program_by_valid_program_key.delteprogram1(TC_01_delete_program_by_valid_program_key.java:20)
	at iam.PROGRAM_delete_program.TC_01_delete_program_by_valid_program_key.delteprogram1(TC_01_delete_program_by_valid_program_key.java:20)
	at iam.PROGRAM_delete_program.TC_01_delete_program_by_valid_program_key.delteprogram1(TC_01_delete_program_by_valid_program_key.java:20)
	at iam.PROGRAM_delete_program.TC_01_delete_program_by_valid_program_key.delteprogram1(TC_01_delete_program_by_valid_program_key.java:20)
	at iam.PROGRAM_delete_program.TC_01_delete_program_by_valid_program_key.delteprogram1(TC_01_delete_program_by_valid_program_key.java:20)
	at iam.PROGRAM_delete_program.TC_01_delete_program_by_valid_program_key.delteprogram1(TC_01_delete_program_by_valid_program_key.java:20)
	at iam.PROGRAM_delete_program.TC_01_delete_program_by_valid_program_key.delteprogram1(TC_01_delete_program_by_valid_program_key.java:20)
	at iam.PROGRAM_delete_program.TC_01_delete_program_by_valid_program_key.delteprogram1(TC_01_delete_program_by_valid_program_key.java:20)
	at iam.PROGRAM_delete_program.TC_01_delete_program_by_valid_program_key.delteprogram1(TC_01_delete_program_by_valid_program_key.java:20)
	at iam.PROGRAM_delete_program.TC_01_delete_program_by_valid_program_key.delteprogram1(TC_01_delete_program_by_valid_program_key.java:20)
	at iam.PROGRAM_delete_program.TC_01_delete_program_by_valid_program_key.delteprogram1(TC_01_delete_program_by_valid_program_key.java:20)
	at iam.PROGRAM_delete_program.TC_01_delete_program_by_valid_program_key.delteprogram1(TC_01_delete_program_by_valid_program_key.java:20)
	at iam.PROGRAM_delete_program.TC_01_delete_program_by_valid_program_key.delteprogram1(TC_01_delete_program_by_valid_program_key.java:20)
	at iam.PROGRAM_delete_program.TC_01_delete_program_by_valid_program_key.delteprogram1(TC_01_delete_program_by_valid_program_key.java:20)
	at iam.PROGRAM_delete_program.TC_01_delete_program_by_valid_program_key.delteprogram1(TC_01_delete_program_by_valid_program_key.java:20)
	at iam.PROGRAM_delete_program.TC_01_delete_program_by_valid_program_key.delteprogram1(TC_01_delete_program_by_valid_program_key.java:20)
	at iam.PROGRAM_delete_program.TC_01_delete_program_by_valid_program_key.delteprogram1(TC_01_delete_program_by_valid_program_key.java:20)
	at iam.PROGRAM_delete_program.TC_01_delete_program_by_valid_program_key.delteprogram1(TC_01_delete_program_by_valid_program_key.java:20)
	at iam.PROGRAM_delete_program.TC_01_delete_program_by_valid_program_key.delteprogram1(TC_01_delete_program_by_valid_program_key.java:20)
	at iam.PROGRAM_delete_program.TC_01_delete_program_by_valid_program_key.delteprogram1(TC_01_delete_program_by_valid_program_key.java:20)
	at iam.PROGRAM_delete_program.TC_01_delete_program_by_valid_program_key.delteprogram1(TC_01_delete_program_by_valid_program_key.java:20)
	at iam.PROGRAM_delete_program.TC_01_delete_program_by_valid_program_key.delteprogram1(TC_01_delete_program_by_valid_program_key.java:20)
	at iam.PROGRAM_delete_program.TC_01_delete_program_by_valid_program_key.delteprogram1(TC_01_delete_program_by_valid_program_key.java:20)
	at iam.PROGRAM_delete_program.TC_01_delete_program_by_valid_program_key.delteprogram1(TC_01_delete_program_by_valid_program_key.java:20)
	at iam.PROGRAM_delete_program.TC_01_delete_program_by_valid_program_key.delteprogram1(TC_01_delete_program_by_valid_program_key.java:20)
	at iam.PROGRAM_delete_program.TC_01_delete_program_by_valid_program_key.delteprogram1(TC_01_delete_program_by_valid_program_key.java:20)
	at iam.PROGRAM_delete_program.TC_01_delete_program_by_valid_program_key.delteprogram1(TC_01_delete_program_by_valid_program_key.java:20)
	at iam.PROGRAM_delete_program.TC_01_delete_program_by_valid_program_key.delteprogram1(TC_01_delete_program_by_valid_program_key.java:20)
	at iam.PROGRAM_delete_program.TC_01_delete_program_by_valid_program_key.delteprogram1(TC_01_delete_program_by_valid_program_key.java:20)
	at iam.PROGRAM_delete_program.TC_01_delete_program_by_valid_program_key.delteprogram1(TC_01_delete_program_by_valid_program_key.java:20)
	at iam.PROGRAM_delete_program.TC_01_delete_program_by_valid_program_key.delteprogram1(TC_01_delete_program_by_valid_program_key.java:20)
	at iam.PROGRAM_delete_program.TC_01_delete_program_by_valid_program_key.delteprogram1(TC_01_delete_program_by_valid_program_key.java:20)
	at iam.PROGRAM_delete_program.TC_01_delete_program_by_valid_program_key.delteprogram1(TC_01_delete_program_by_valid_program_key.java:20)
	at iam.PROGRAM_delete_program.TC_01_delete_program_by_valid_program_key.delteprogram1(TC_01_delete_program_by_valid_program_key.java:20)
	at iam.PROGRAM_delete_program.TC_01_delete_program_by_valid_program_key.delteprogram1(TC_01_delete_program_by_valid_program_key.java:20)
	at iam.PROGRAM_delete_program.TC_01_delete_program_by_valid_program_key.delteprogram1(TC_01_delete_program_by_valid_program_key.java:20)
	at iam.PROGRAM_delete_program.TC_01_delete_program_by_valid_program_key.delteprogram1(TC_01_delete_program_by_valid_program_key.java:20)
	at iam.PROGRAM_delete_program.TC_01_delete_program_by_valid_program_key.delteprogram1(TC_01_delete_program_by_valid_program_key.java:20)
	at iam.PROGRAM_delete_program.TC_01_delete_program_by_valid_program_key.delteprogram1(TC_01_delete_program_by_valid_program_key.java:20)
	at iam.PROGRAM_delete_program.TC_01_delete_program_by_valid_program_key.delteprogram1(TC_01_delete_program_by_valid_program_key.java:20)
	at iam.PROGRAM_delete_program.TC_01_delete_program_by_valid_program_key.delteprogram1(TC_01_delete_program_by_valid_program_key.java:20)
	at iam.PROGRAM_delete_program.TC_01_delete_program_by_valid_program_key.delteprogram1(TC_01_delete_program_by_valid_program_key.java:20)
	at iam.PROGRAM_delete_program.TC_01_delete_program_by_valid_program_key.delteprogram1(TC_01_delete_program_by_valid_program_key.java:20)
	at iam.PROGRAM_delete_program.TC_01_delete_program_by_valid_program_key.delteprogram1(TC_01_delete_program_by_valid_program_key.java:20)
	at iam.PROGRAM_delete_program.TC_01_delete_program_by_valid_program_key.delteprogram1(TC_01_delete_program_by_valid_program_key.java:20)
	at iam.PROGRAM_delete_program.TC_01_delete_program_by_valid_program_key.delteprogram1(TC_01_delete_program_by_valid_program_key.java:20)
	at iam.PROGRAM_delete_program.TC_01_delete_program_by_valid_program_key.delteprogram1(TC_01_delete_program_by_valid_program_key.java:20)
	at iam.PROGRAM_delete_program.TC_01_delete_program_by_valid_program_key.delteprogram1(TC_01_delete_program_by_valid_program_key.java:20)
	at iam.PROGRAM_delete_program.TC_01_delete_program_by_valid_program_key.delteprogram1(TC_01_delete_program_by_valid_program_key.java:20)
	at iam.PROGRAM_delete_program.TC_01_delete_program_by_valid_program_key.delteprogram1(TC_01_delete_program_by_valid_program_key.java:20)
	at iam.PROGRAM_delete_program.TC_01_delete_program_by_valid_program_key.delteprogram1(TC_01_delete_program_by_valid_program_key.java:20)
	at iam.PROGRAM_delete_program.TC_01_delete_program_by_valid_program_key.delteprogram1(TC_01_delete_program_by_valid_program_key.java:20)
	at iam.PROGRAM_delete_program.TC_01_delete_program_by_valid_program_key.delteprogram1(TC_01_delete_program_by_valid_program_key.java:20)
	at iam.PROGRAM_delete_program.TC_01_delete_program_by_valid_program_key.delteprogram1(TC_01_delete_program_by_valid_program_key.java:20)
	at iam.PROGRAM_delete_program.TC_01_delete_program_by_valid_program_key.delteprogram1(TC_01_delete_program_by_valid_program_key.java:20)
	at iam.PROGRAM_delete_program.TC_01_delete_program_by_valid_program_key.delteprogram1(TC_01_delete_program_by_valid_program_key.java:20)
	at iam.PROGRAM_delete_program.TC_01_delete_program_by_valid_program_key.delteprogram1(TC_01_delete_program_by_valid_program_key.java:20)
	at iam.PROGRAM_delete_program.TC_01_delete_program_by_valid_program_key.delteprogram1(TC_01_delete_program_by_valid_program_key.java:20)
	at iam.PROGRAM_delete_program.TC_01_delete_program_by_valid_program_key.delteprogram1(TC_01_delete_program_by_valid_program_key.java:20)
	at iam.PROGRAM_delete_program.TC_01_delete_program_by_valid_program_key.delteprogram1(TC_01_delete_program_by_valid_program_key.java:20)
	at iam.PROGRAM_delete_program.TC_01_delete_program_by_valid_program_key.delteprogram1(TC_01_delete_program_by_valid_program_key.java:20)
	at iam.PROGRAM_delete_program.TC_01_delete_program_by_valid_program_key.delteprogram1(TC_01_delete_program_by_valid_program_key.java:20)
	at iam.PROGRAM_delete_program.TC_01_delete_program_by_valid_program_key.delteprogram1(TC_01_delete_program_by_valid_program_key.java:20)
	at iam.PROGRAM_delete_program.TC_01_delete_program_by_valid_program_key.delteprogram1(TC_01_delete_program_by_valid_program_key.java:20)
	at iam.PROGRAM_delete_program.TC_01_delete_program_by_valid_program_key.delteprogram1(TC_01_delete_program_by_valid_program_key.java:20)
	at iam.PROGRAM_delete_program.TC_01_delete_program_by_valid_program_key.delteprogram1(TC_01_delete_program_by_valid_program_key.java:20)
	at iam.PROGRAM_delete_program.TC_01_delete_program_by_valid_program_key.delteprogram1(TC_01_delete_program_by_valid_program_key.java:20)
	at iam.PROGRAM_delete_program.TC_01_delete_program_by_valid_program_key.delteprogram1(TC_01_delete_program_by_valid_program_key.java:20)
	at iam.PROGRAM_delete_program.TC_01_delete_program_by_valid_program_key.delteprogram1(TC_01_delete_program_by_valid_program_key.java:20)
	at iam.PROGRAM_delete_program.TC_01_delete_program_by_valid_program_key.delteprogram1(TC_01_delete_program_by_valid_program_key.java:20)
	at iam.PROGRAM_delete_program.TC_01_delete_program_by_valid_program_key.delteprogram1(TC_01_delete_program_by_valid_program_key.java:20)
	at iam.PROGRAM_delete_program.TC_01_delete_program_by_valid_program_key.delteprogram1(TC_01_delete_program_by_valid_program_key.java:20)
	at iam.PROGRAM_delete_program.TC_01_delete_program_by_valid_program_key.delteprogram1(TC_01_delete_program_by_valid_program_key.java:20)
	at iam.PROGRAM_delete_program.TC_01_delete_program_by_valid_program_key.delteprogram1(TC_01_delete_program_by_valid_program_key.java:20)
	at iam.PROGRAM_delete_program.TC_01_delete_program_by_valid_program_key.delteprogram1(TC_01_delete_program_by_valid_program_key.java:20)
	at iam.PROGRAM_delete_program.TC_01_delete_program_by_valid_program_key.delteprogram1(TC_01_delete_program_by_valid_program_key.java:20)
	at iam.PROGRAM_delete_program.TC_01_delete_program_by_valid_program_key.delteprogram1(TC_01_delete_program_by_valid_program_key.java:20)
	at iam.PROGRAM_delete_program.TC_01_delete_program_by_valid_program_key.delteprogram1(TC_01_delete_program_by_valid_program_key.java:20)
	at iam.PROGRAM_delete_program.TC_01_delete_program_by_valid_program_key.delteprogram1(TC_01_delete_program_by_valid_program_key.java:20)
	at iam.PROGRAM_delete_program.TC_01_delete_program_by_valid_program_key.delteprogram1(TC_01_delete_program_by_valid_program_key.java:20)
	at iam.PROGRAM_delete_program.TC_01_delete_program_by_valid_program_key.delteprogram1(TC_01_delete_program_by_valid_program_key.java:20)
	at iam.PROGRAM_delete_program.TC_01_delete_program_by_valid_program_key.delteprogram1(TC_01_delete_program_by_valid_program_key.java:20)
	at iam.PROGRAM_delete_program.TC_01_delete_program_by_valid_program_key.delteprogram1(TC_01_delete_program_by_valid_program_key.java:20)
	at iam.PROGRAM_delete_program.TC_01_delete_program_by_valid_program_key.delteprogram1(TC_01_delete_program_by_valid_program_key.java:20)
	at iam.PROGRAM_delete_program.TC_01_delete_program_by_valid_program_key.delteprogram1(TC_01_delete_program_by_valid_program_key.java:20)
	at iam.PROGRAM_delete_program.TC_01_delete_program_by_valid_program_key.delteprogram1(TC_01_delete_program_by_valid_program_key.java:20)
	at iam.PROGRAM_delete_program.TC_01_delete_program_by_valid_program_key.delteprogram1(TC_01_delete_program_by_valid_program_key.java:20)
	at iam.PROGRAM_delete_program.TC_01_delete_program_by_valid_program_key.delteprogram1(TC_01_delete_program_by_valid_program_key.java:20)
	at iam.PROGRAM_delete_program.TC_01_delete_program_by_valid_program_key.delteprogram1(TC_01_delete_program_by_valid_program_key.java:20)
	at iam.PROGRAM_delete_program.TC_01_delete_program_by_valid_program_key.delteprogram1(TC_01_delete_program_by_valid_program_key.java:20)
	at iam.PROGRAM_delete_program.TC_01_delete_program_by_valid_program_key.delteprogram1(TC_01_delete_program_by_valid_program_key.java:20)
	at iam.PROGRAM_delete_program.TC_01_delete_program_by_valid_program_key.delteprogram1(TC_01_delete_program_by_valid_program_key.java:20)
	at iam.PROGRAM_delete_program.TC_01_delete_program_by_valid_program_key.delteprogram1(TC_01_delete_program_by_valid_program_key.java:20)
	at iam.PROGRAM_delete_program.TC_01_delete_program_by_valid_program_key.delteprogram1(TC_01_delete_program_by_valid_program_key.java:20)
	at iam.PROGRAM_delete_program.TC_01_delete_program_by_valid_program_key.delteprogram1(TC_01_delete_program_by_valid_program_key.java:20)
	at iam.PROGRAM_delete_program.TC_01_delete_program_by_valid_program_key.delteprogram1(TC_01_delete_program_by_valid_program_key.java:20)
	at iam.PROGRAM_delete_program.TC_01_delete_program_by_valid_program_key.delteprogram1(TC_01_delete_program_by_valid_program_key.java:20)
	at iam.PROGRAM_delete_program.TC_01_delete_program_by_valid_program_key.delteprogram1(TC_01_delete_program_by_valid_program_key.java:20)
	at iam.PROGRAM_delete_program.TC_01_delete_program_by_valid_program_key.delteprogram1(TC_01_delete_program_by_valid_program_key.java:20)
	at iam.PROGRAM_delete_program.TC_01_delete_program_by_valid_program_key.delteprogram1(TC_01_delete_program_by_valid_program_key.java:20)
	at iam.PROGRAM_delete_program.TC_01_delete_program_by_valid_program_key.delteprogram1(TC_01_delete_program_by_valid_program_key.java:20)
	at iam.PROGRAM_delete_program.TC_01_delete_program_by_valid_program_key.delteprogram1(TC_01_delete_program_by_valid_program_key.java:20)
	at iam.PROGRAM_delete_program.TC_01_delete_program_by_valid_program_key.delteprogram1(TC_01_delete_program_by_valid_program_key.java:20)
	at iam.PROGRAM_delete_program.TC_01_delete_program_by_valid_program_key.delteprogram1(TC_01_delete_program_by_valid_program_key.java:20)
	at iam.PROGRAM_delete_program.TC_01_delete_program_by_valid_program_key.delteprogram1(TC_01_delete_program_by_valid_program_key.java:20)
	at iam.PROGRAM_delete_program.TC_01_delete_program_by_valid_program_key.delteprogram1(TC_01_delete_program_by_valid_program_key.java:20)
	at iam.PROGRAM_delete_program.TC_01_delete_program_by_valid_program_key.delteprogram1(TC_01_delete_program_by_valid_program_key.java:20)
	at iam.PROGRAM_delete_program.TC_01_delete_program_by_valid_program_key.delteprogram1(TC_01_delete_program_by_valid_program_key.java:20)
	at iam.PROGRAM_delete_program.TC_01_delete_program_by_valid_program_key.delteprogram1(TC_01_delete_program_by_valid_program_key.java:20)
	at iam.PROGRAM_delete_program.TC_01_delete_program_by_valid_program_key.delteprogram1(TC_01_delete_program_by_valid_program_key.java:20)
	at iam.PROGRAM_delete_program.TC_01_delete_program_by_valid_program_key.delteprogram1(TC_01_delete_program_by_valid_program_key.java:20)
	at iam.PROGRAM_delete_program.TC_01_delete_program_by_valid_program_key.delteprogram1(TC_01_delete_program_by_valid_program_key.java:20)
	at iam.PROGRAM_delete_program.TC_01_delete_program_by_valid_program_key.delteprogram1(TC_01_delete_program_by_valid_program_key.java:20)
	at iam.PROGRAM_delete_program.TC_01_delete_program_by_valid_program_key.delteprogram1(TC_01_delete_program_by_valid_program_key.java:20)
	at iam.PROGRAM_delete_program.TC_01_delete_program_by_valid_program_key.delteprogram1(TC_01_delete_program_by_valid_program_key.java:20)
	at iam.PROGRAM_delete_program.TC_01_delete_program_by_valid_program_key.delteprogram1(TC_01_delete_program_by_valid_program_key.java:20)
	at iam.PROGRAM_delete_program.TC_01_delete_program_by_valid_program_key.delteprogram1(TC_01_delete_program_by_valid_program_key.java:20)
	at iam.PROGRAM_delete_program.TC_01_delete_program_by_valid_program_key.delteprogram1(TC_01_delete_program_by_valid_program_key.java:20)
	at iam.PROGRAM_delete_program.TC_01_delete_program_by_valid_program_key.delteprogram1(TC_01_delete_program_by_valid_program_key.java:20)
	at iam.PROGRAM_delete_program.TC_01_delete_program_by_valid_program_key.delteprogram1(TC_01_delete_program_by_valid_program_key.java:20)
	at iam.PROGRAM_delete_program.TC_01_delete_program_by_valid_program_key.delteprogram1(TC_01_delete_program_by_valid_program_key.java:20)
	at iam.PROGRAM_delete_program.TC_01_delete_program_by_valid_program_key.delteprogram1(TC_01_delete_program_by_valid_program_key.java:20)
	at iam.PROGRAM_delete_program.TC_01_delete_program_by_valid_program_key.delteprogram1(TC_01_delete_program_by_valid_program_key.java:20)
	at iam.PROGRAM_delete_program.TC_01_delete_program_by_valid_program_key.delteprogram1(TC_01_delete_program_by_valid_program_key.java:20)
	at iam.PROGRAM_delete_program.TC_01_delete_program_by_valid_program_key.delteprogram1(TC_01_delete_program_by_valid_program_key.java:20)
	at iam.PROGRAM_delete_program.TC_01_delete_program_by_valid_program_key.delteprogram1(TC_01_delete_program_by_valid_program_key.java:20)
	at iam.PROGRAM_delete_program.TC_01_delete_program_by_valid_program_key.delteprogram1(TC_01_delete_program_by_valid_program_key.java:20)
	at iam.PROGRAM_delete_program.TC_01_delete_program_by_valid_program_key.delteprogram1(TC_01_delete_program_by_valid_program_key.java:20)
	at iam.PROGRAM_delete_program.TC_01_delete_program_by_valid_program_key.delteprogram1(TC_01_delete_program_by_valid_program_key.java:20)
	at iam.PROGRAM_delete_program.TC_01_delete_program_by_valid_program_key.delteprogram1(TC_01_delete_program_by_valid_program_key.java:20)
	at iam.PROGRAM_delete_program.TC_01_delete_program_by_valid_program_key.delteprogram1(TC_01_delete_program_by_valid_program_key.java:20)
	at iam.PROGRAM_delete_program.TC_01_delete_program_by_valid_program_key.delteprogram1(TC_01_delete_program_by_valid_program_key.java:20)
	at iam.PROGRAM_delete_program.TC_01_delete_program_by_valid_program_key.delteprogram1(TC_01_delete_program_by_valid_program_key.java:20)
	at iam.PROGRAM_delete_program.TC_01_delete_program_by_valid_program_key.delteprogram1(TC_01_delete_program_by_valid_program_key.java:20)
	at iam.PROGRAM_delete_program.TC_01_delete_program_by_valid_program_key.delteprogram1(TC_01_delete_program_by_valid_program_key.java:20)
	at iam.PROGRAM_delete_program.TC_01_delete_program_by_valid_program_key.delteprogram1(TC_01_delete_program_by_valid_program_key.java:20)
	at iam.PROGRAM_delete_program.TC_01_delete_program_by_valid_program_key.delteprogram1(TC_01_delete_program_by_valid_program_key.java:20)
	at iam.PROGRAM_delete_program.TC_01_delete_program_by_valid_program_key.delteprogram1(TC_01_delete_program_by_valid_program_key.java:20)
	at iam.PROGRAM_delete_program.TC_01_delete_program_by_valid_program_key.delteprogram1(TC_01_delete_program_by_valid_program_key.java:20)
	at iam.PROGRAM_delete_program.TC_01_delete_program_by_valid_program_key.delteprogram1(TC_01_delete_program_by_valid_program_key.java:20)
	at iam.PROGRAM_delete_program.TC_01_delete_program_by_valid_program_key.delteprogram1(TC_01_delete_program_by_valid_program_key.java:20)
	at iam.PROGRAM_delete_program.TC_01_delete_program_by_valid_program_key.delteprogram1(TC_01_delete_program_by_valid_program_key.java:20)
	at iam.PROGRAM_delete_program.TC_01_delete_program_by_valid_program_key.delteprogram1(TC_01_delete_program_by_valid_program_key.java:20)
	at iam.PROGRAM_delete_program.TC_01_delete_program_by_valid_program_key.delteprogram1(TC_01_delete_program_by_valid_program_key.java:20)
	at iam.PROGRAM_delete_program.TC_01_delete_program_by_valid_program_key.delteprogram1(TC_01_delete_program_by_valid_program_key.java:20)
	at iam.PROGRAM_delete_program.TC_01_delete_program_by_valid_program_key.delteprogram1(TC_01_delete_program_by_valid_program_key.java:20)
	at iam.PROGRAM_delete_program.TC_01_delete_program_by_valid_program_key.delteprogram1(TC_01_delete_program_by_valid_program_key.java:20)
	at iam.PROGRAM_delete_program.TC_01_delete_program_by_valid_program_key.delteprogram1(TC_01_delete_program_by_valid_program_key.java:20)
	at iam.PROGRAM_delete_program.TC_01_delete_program_by_valid_program_key.delteprogram1(TC_01_delete_program_by_valid_program_key.java:20)
	at iam.PROGRAM_delete_program.TC_01_delete_program_by_valid_program_key.delteprogram1(TC_01_delete_program_by_valid_program_key.java:20)
	at iam.PROGRAM_delete_program.TC_01_delete_program_by_valid_program_key.delteprogram1(TC_01_delete_program_by_valid_program_key.java:20)
	at iam.PROGRAM_delete_program.TC_01_delete_program_by_valid_program_key.delteprogram1(TC_01_delete_program_by_valid_program_key.java:20)
	at iam.PROGRAM_delete_program.TC_01_delete_program_by_valid_program_key.delteprogram1(TC_01_delete_program_by_valid_program_key.java:20)
	at iam.PROGRAM_delete_program.TC_01_delete_program_by_valid_program_key.delteprogram1(TC_01_delete_program_by_valid_program_key.java:20)
	at iam.PROGRAM_delete_program.TC_01_delete_program_by_valid_program_key.delteprogram1(TC_01_delete_program_by_valid_program_key.java:20)
	at iam.PROGRAM_delete_program.TC_01_delete_program_by_valid_program_key.delteprogram1(TC_01_delete_program_by_valid_program_key.java:20)
	at iam.PROGRAM_delete_program.TC_01_delete_program_by_valid_program_key.delteprogram1(TC_01_delete_program_by_valid_program_key.java:20)
	at iam.PROGRAM_delete_program.TC_01_delete_program_by_valid_program_key.delteprogram1(TC_01_delete_program_by_valid_program_key.java:20)
	at iam.PROGRAM_delete_program.TC_01_delete_program_by_valid_program_key.delteprogram1(TC_01_delete_program_by_valid_program_key.java:20)
	at iam.PROGRAM_delete_program.TC_01_delete_program_by_valid_program_key.delteprogram1(TC_01_delete_program_by_valid_program_key.java:20)
	at iam.PROGRAM_delete_program.TC_01_delete_program_by_valid_program_key.delteprogram1(TC_01_delete_program_by_valid_program_key.java:20)
	at iam.PROGRAM_delete_program.TC_01_delete_program_by_valid_program_key.delteprogram1(TC_01_delete_program_by_valid_program_key.java:20)
	at iam.PROGRAM_delete_program.TC_01_delete_program_by_valid_program_key.delteprogram1(TC_01_delete_program_by_valid_program_key.java:20)
	at iam.PROGRAM_delete_program.TC_01_delete_program_by_valid_program_key.delteprogram1(TC_01_delete_program_by_valid_program_key.java:20)
	at iam.PROGRAM_delete_program.TC_01_delete_program_by_valid_program_key.delteprogram1(TC_01_delete_program_by_valid_program_key.java:20)
	at iam.PROGRAM_delete_program.TC_01_delete_program_by_valid_program_key.delteprogram1(TC_01_delete_program_by_valid_program_key.java:20)
	at iam.PROGRAM_delete_program.TC_01_delete_program_by_valid_program_key.delteprogram1(TC_01_delete_program_by_valid_program_key.java:20)
	at iam.PROGRAM_delete_program.TC_01_delete_program_by_valid_program_key.delteprogram1(TC_01_delete_program_by_valid_program_key.java:20)
	at iam.PROGRAM_delete_program.TC_01_delete_program_by_valid_program_key.delteprogram1(TC_01_delete_program_by_valid_program_key.java:20)
	at iam.PROGRAM_delete_program.TC_01_delete_program_by_valid_program_key.delteprogram1(TC_01_delete_program_by_valid_program_key.java:20)
	at iam.PROGRAM_delete_program.TC_01_delete_program_by_valid_program_key.delteprogram1(TC_01_delete_program_by_valid_program_key.java:20)
	at iam.PROGRAM_delete_program.TC_01_delete_program_by_valid_program_key.delteprogram1(TC_01_delete_program_by_valid_program_key.java:20)
	at iam.PROGRAM_delete_program.TC_01_delete_program_by_valid_program_key.delteprogram1(TC_01_delete_program_by_valid_program_key.java:20)
	at iam.PROGRAM_delete_program.TC_01_delete_program_by_valid_program_key.delteprogram1(TC_01_delete_program_by_valid_program_key.java:20)
	at iam.PROGRAM_delete_program.TC_01_delete_program_by_valid_program_key.delteprogram1(TC_01_delete_program_by_valid_program_key.java:20)
	at iam.PROGRAM_delete_program.TC_01_delete_program_by_valid_program_key.delteprogram1(TC_01_delete_program_by_valid_program_key.java:20)
	at iam.PROGRAM_delete_program.TC_01_delete_program_by_valid_program_key.delteprogram1(TC_01_delete_program_by_valid_program_key.java:20)
	at iam.PROGRAM_delete_program.TC_01_delete_program_by_valid_program_key.delteprogram1(TC_01_delete_program_by_valid_program_key.java:20)
	at iam.PROGRAM_delete_program.TC_01_delete_program_by_valid_program_key.delteprogram1(TC_01_delete_program_by_valid_program_key.java:20)
	at iam.PROGRAM_delete_program.TC_01_delete_program_by_valid_program_key.delteprogram1(TC_01_delete_program_by_valid_program_key.java:20)
	at iam.PROGRAM_delete_program.TC_01_delete_program_by_valid_program_key.delteprogram1(TC_01_delete_program_by_valid_program_key.java:20)
	at iam.PROGRAM_delete_program.TC_01_delete_program_by_valid_program_key.delteprogram1(TC_01_delete_program_by_valid_program_key.java:20)
	at iam.PROGRAM_delete_program.TC_01_delete_program_by_valid_program_key.delteprogram1(TC_01_delete_program_by_valid_program_key.java:20)
	at iam.PROGRAM_delete_program.TC_01_delete_program_by_valid_program_key.delteprogram1(TC_01_delete_program_by_valid_program_key.java:20)
	at iam.PROGRAM_delete_program.TC_01_delete_program_by_valid_program_key.delteprogram1(TC_01_delete_program_by_valid_program_key.java:20)
	at iam.PROGRAM_delete_program.TC_01_delete_program_by_valid_program_key.delteprogram1(TC_01_delete_program_by_valid_program_key.java:20)
	at iam.PROGRAM_delete_program.TC_01_delete_program_by_valid_program_key.delteprogram1(TC_01_delete_program_by_valid_program_key.java:20)
	at iam.PROGRAM_delete_program.TC_01_delete_program_by_valid_program_key.delteprogram1(TC_01_delete_program_by_valid_program_key.java:20)
	at iam.PROGRAM_delete_program.TC_01_delete_program_by_valid_program_key.delteprogram1(TC_01_delete_program_by_valid_program_key.java:20)
	at iam.PROGRAM_delete_program.TC_01_delete_program_by_valid_program_key.delteprogram1(TC_01_delete_program_by_valid_program_key.java:20)
	at iam.PROGRAM_delete_program.TC_01_delete_program_by_valid_program_key.delteprogram1(TC_01_delete_program_by_valid_program_key.java:20)
	at iam.PROGRAM_delete_program.TC_01_delete_program_by_valid_program_key.delteprogram1(TC_01_delete_program_by_valid_program_key.java:20)
	at iam.PROGRAM_delete_program.TC_01_delete_program_by_valid_program_key.delteprogram1(TC_01_delete_program_by_valid_program_key.java:20)
	at iam.PROGRAM_delete_program.TC_01_delete_program_by_valid_program_key.delteprogram1(TC_01_delete_program_by_valid_program_key.java:20)
	at iam.PROGRAM_delete_program.TC_01_delete_program_by_valid_program_key.delteprogram1(TC_01_delete_program_by_valid_program_key.java:20)
	at iam.PROGRAM_delete_program.TC_01_delete_program_by_valid_program_key.delteprogram1(TC_01_delete_program_by_valid_program_key.java:20)
	at iam.PROGRAM_delete_program.TC_01_delete_program_by_valid_program_key.delteprogram1(TC_01_delete_program_by_valid_program_key.java:20)
	at iam.PROGRAM_delete_program.TC_01_delete_program_by_valid_program_key.delteprogram1(TC_01_delete_program_by_valid_program_key.java:20)
	at iam.PROGRAM_delete_program.TC_01_delete_program_by_valid_program_key.delteprogram1(TC_01_delete_program_by_valid_program_key.java:20)
	at iam.PROGRAM_delete_program.TC_01_delete_program_by_valid_program_key.delteprogram1(TC_01_delete_program_by_valid_program_key.java:20)
	at iam.PROGRAM_delete_program.TC_01_delete_program_by_valid_program_key.delteprogram1(TC_01_delete_program_by_valid_program_key.java:20)
	at iam.PROGRAM_delete_program.TC_01_delete_program_by_valid_program_key.delteprogram1(TC_01_delete_program_by_valid_program_key.java:20)
	at iam.PROGRAM_delete_program.TC_01_delete_program_by_valid_program_key.delteprogram1(TC_01_delete_program_by_valid_program_key.java:20)
	at iam.PROGRAM_delete_program.TC_01_delete_program_by_valid_program_key.delteprogram1(TC_01_delete_program_by_valid_program_key.java:20)
	at iam.PROGRAM_delete_program.TC_01_delete_program_by_valid_program_key.delteprogram1(TC_01_delete_program_by_valid_program_key.java:20)
	at iam.PROGRAM_delete_program.TC_01_delete_program_by_valid_program_key.delteprogram1(TC_01_delete_program_by_valid_program_key.java:20)
	at iam.PROGRAM_delete_program.TC_01_delete_program_by_valid_program_key.delteprogram1(TC_01_delete_program_by_valid_program_key.java:20)
	at iam.PROGRAM_delete_program.TC_01_delete_program_by_valid_program_key.delteprogram1(TC_01_delete_program_by_valid_program_key.java:20)
	at iam.PROGRAM_delete_program.TC_01_delete_program_by_valid_program_key.delteprogram1(TC_01_delete_program_by_valid_program_key.java:20)
	at iam.PROGRAM_delete_program.TC_01_delete_program_by_valid_program_key.delteprogram1(TC_01_delete_program_by_valid_program_key.java:20)
	at iam.PROGRAM_delete_program.TC_01_delete_program_by_valid_program_key.delteprogram1(TC_01_delete_program_by_valid_program_key.java:20)
	at iam.PROGRAM_delete_program.TC_01_delete_program_by_valid_program_key.delteprogram1(TC_01_delete_program_by_valid_program_key.java:20)
	at iam.PROGRAM_delete_program.TC_01_delete_program_by_valid_program_key.delteprogram1(TC_01_delete_program_by_valid_program_key.java:20)
	at iam.PROGRAM_delete_program.TC_01_delete_program_by_valid_program_key.delteprogram1(TC_01_delete_program_by_valid_program_key.java:20)
	at iam.PROGRAM_delete_program.TC_01_delete_program_by_valid_program_key.delteprogram1(TC_01_delete_program_by_valid_program_key.java:20)
	at iam.PROGRAM_delete_program.TC_01_delete_program_by_valid_program_key.delteprogram1(TC_01_delete_program_by_valid_program_key.java:20)
	at iam.PROGRAM_delete_program.TC_01_delete_program_by_valid_program_key.delteprogram1(TC_01_delete_program_by_valid_program_key.java:20)
	at iam.PROGRAM_delete_program.TC_01_delete_program_by_valid_program_key.delteprogram1(TC_01_delete_program_by_valid_program_key.java:20)
	at iam.PROGRAM_delete_program.TC_01_delete_program_by_valid_program_key.delteprogram1(TC_01_delete_program_by_valid_program_key.java:20)
	at iam.PROGRAM_delete_program.TC_01_delete_program_by_valid_program_key.delteprogram1(TC_01_delete_program_by_valid_program_key.java:20)
	at iam.PROGRAM_delete_program.TC_01_delete_program_by_valid_program_key.delteprogram1(TC_01_delete_program_by_valid_program_key.java:20)
	at iam.PROGRAM_delete_program.TC_01_delete_program_by_valid_program_key.delteprogram1(TC_01_delete_program_by_valid_program_key.java:20)
	at iam.PROGRAM_delete_program.TC_01_delete_program_by_valid_program_key.delteprogram1(TC_01_delete_program_by_valid_program_key.java:20)
	at iam.PROGRAM_delete_program.TC_01_delete_program_by_valid_program_key.delteprogram1(TC_01_delete_program_by_valid_program_key.java:20)
	at iam.PROGRAM_delete_program.TC_01_delete_program_by_valid_program_key.delteprogram1(TC_01_delete_program_by_valid_program_key.java:20)
	at iam.PROGRAM_delete_program.TC_01_delete_program_by_valid_program_key.delteprogram1(TC_01_delete_program_by_valid_program_key.java:20)
	at iam.PROGRAM_delete_program.TC_01_delete_program_by_valid_program_key.delteprogram1(TC_01_delete_program_by_valid_program_key.java:20)
	at iam.PROGRAM_delete_program.TC_01_delete_program_by_valid_program_key.delteprogram1(TC_01_delete_program_by_valid_program_key.java:20)
	at iam.PROGRAM_delete_program.TC_01_delete_program_by_valid_program_key.delteprogram1(TC_01_delete_program_by_valid_program_key.java:20)
	at iam.PROGRAM_delete_program.TC_01_delete_program_by_valid_program_key.delteprogram1(TC_01_delete_program_by_valid_program_key.java:20)
	at iam.PROGRAM_delete_program.TC_01_delete_program_by_valid_program_key.delteprogram1(TC_01_delete_program_by_valid_program_key.java:20)
	at iam.PROGRAM_delete_program.TC_01_delete_program_by_valid_program_key.delteprogram1(TC_01_delete_program_by_valid_program_key.java:20)
	at iam.PROGRAM_delete_program.TC_01_delete_program_by_valid_program_key.delteprogram1(TC_01_delete_program_by_valid_program_key.java:20)
	at iam.PROGRAM_delete_program.TC_01_delete_program_by_valid_program_key.delteprogram1(TC_01_delete_program_by_valid_program_key.java:20)
	at iam.PROGRAM_delete_program.TC_01_delete_program_by_valid_program_key.delteprogram1(TC_01_delete_program_by_valid_program_key.java:20)
	at iam.PROGRAM_delete_program.TC_01_delete_program_by_valid_program_key.delteprogram1(TC_01_delete_program_by_valid_program_key.java:20)
	at iam.PROGRAM_delete_program.TC_01_delete_program_by_valid_program_key.delteprogram1(TC_01_delete_program_by_valid_program_key.java:20)
	at iam.PROGRAM_delete_program.TC_01_delete_program_by_valid_program_key.delteprogram1(TC_01_delete_program_by_valid_program_key.java:20)
	at iam.PROGRAM_delete_program.TC_01_delete_program_by_valid_program_key.delteprogram1(TC_01_delete_program_by_valid_program_key.java:20)
	at iam.PROGRAM_delete_program.TC_01_delete_program_by_valid_program_key.delteprogram1(TC_01_delete_program_by_valid_program_key.java:20)
	at iam.PROGRAM_delete_program.TC_01_delete_program_by_valid_program_key.delteprogram1(TC_01_delete_program_by_valid_program_key.java:20)
	at iam.PROGRAM_delete_program.TC_01_delete_program_by_valid_program_key.delteprogram1(TC_01_delete_program_by_valid_program_key.java:20)
	at iam.PROGRAM_delete_program.TC_01_delete_program_by_valid_program_key.delteprogram1(TC_01_delete_program_by_valid_program_key.java:20)
	at iam.PROGRAM_delete_program.TC_01_delete_program_by_valid_program_key.delteprogram1(TC_01_delete_program_by_valid_program_key.java:20)
	at iam.PROGRAM_delete_program.TC_01_delete_program_by_valid_program_key.delteprogram1(TC_01_delete_program_by_valid_program_key.java:20)
	at iam.PROGRAM_delete_program.TC_01_delete_program_by_valid_program_key.delteprogram1(TC_01_delete_program_by_valid_program_key.java:20)
	at iam.PROGRAM_delete_program.TC_01_delete_program_by_valid_program_key.delteprogram1(TC_01_delete_program_by_valid_program_key.java:20)
	at iam.PROGRAM_delete_program.TC_01_delete_program_by_valid_program_key.delteprogram1(TC_01_delete_program_by_valid_program_key.java:20)
	at iam.PROGRAM_delete_program.TC_01_delete_program_by_valid_program_key.delteprogram1(TC_01_delete_program_by_valid_program_key.java:20)
	at iam.PROGRAM_delete_program.TC_01_delete_program_by_valid_program_key.delteprogram1(TC_01_delete_program_by_valid_program_key.java:20)
	at iam.PROGRAM_delete_program.TC_01_delete_program_by_valid_program_key.delteprogram1(TC_01_delete_program_by_valid_program_key.java:20)
	at iam.PROGRAM_delete_program.TC_01_delete_program_by_valid_program_key.delteprogram1(TC_01_delete_program_by_valid_program_key.java:20)
	at iam.PROGRAM_delete_program.TC_01_delete_program_by_valid_program_key.delteprogram1(TC_01_delete_program_by_valid_program_key.java:20)
	at iam.PROGRAM_delete_program.TC_01_delete_program_by_valid_program_key.delteprogram1(TC_01_delete_program_by_valid_program_key.java:20)
	at iam.PROGRAM_delete_program.TC_01_delete_program_by_valid_program_key.delteprogram1(TC_01_delete_program_by_valid_program_key.java:20)
	at iam.PROGRAM_delete_program.TC_01_delete_program_by_valid_program_key.delteprogram1(TC_01_delete_program_by_valid_program_key.java:20)
	at iam.PROGRAM_delete_program.TC_01_delete_program_by_valid_program_key.delteprogram1(TC_01_delete_program_by_valid_program_key.java:20)
	at iam.PROGRAM_delete_program.TC_01_delete_program_by_valid_program_key.delteprogram1(TC_01_delete_program_by_valid_program_key.java:20)
	at iam.PROGRAM_delete_program.TC_01_delete_program_by_valid_program_key.delteprogram1(TC_01_delete_program_by_valid_program_key.java:20)
	at iam.PROGRAM_delete_program.TC_01_delete_program_by_valid_program_key.delteprogram1(TC_01_delete_program_by_valid_program_key.java:20)
	at iam.PROGRAM_delete_program.TC_01_delete_program_by_valid_program_key.delteprogram1(TC_01_delete_program_by_valid_program_key.java:20)
	at iam.PROGRAM_delete_program.TC_01_delete_program_by_valid_program_key.delteprogram1(TC_01_delete_program_by_valid_program_key.java:20)
	at iam.PROGRAM_delete_program.TC_01_delete_program_by_valid_program_key.delteprogram1(TC_01_delete_program_by_valid_program_key.java:20)
	at iam.PROGRAM_delete_program.TC_01_delete_program_by_valid_program_key.delteprogram1(TC_01_delete_program_by_valid_program_key.java:20)
	at iam.PROGRAM_delete_program.TC_01_delete_program_by_valid_program_key.delteprogram1(TC_01_delete_program_by_valid_program_key.java:20)
	at iam.PROGRAM_delete_program.TC_01_delete_program_by_valid_program_key.delteprogram1(TC_01_delete_program_by_valid_program_key.java:20)
	at iam.PROGRAM_delete_program.TC_01_delete_program_by_valid_program_key.delteprogram1(TC_01_delete_program_by_valid_program_key.java:20)
	at iam.PROGRAM_delete_program.TC_01_delete_program_by_valid_program_key.delteprogram1(TC_01_delete_program_by_valid_program_key.java:20)
	at iam.PROGRAM_delete_program.TC_01_delete_program_by_valid_program_key.delteprogram1(TC_01_delete_program_by_valid_program_key.java:20)
	at iam.PROGRAM_delete_program.TC_01_delete_program_by_valid_program_key.delteprogram1(TC_01_delete_program_by_valid_program_key.java:20)
	at iam.PROGRAM_delete_program.TC_01_delete_program_by_valid_program_key.delteprogram1(TC_01_delete_program_by_valid_program_key.java:20)
	at iam.PROGRAM_delete_program.TC_01_delete_program_by_valid_program_key.delteprogram1(TC_01_delete_program_by_valid_program_key.java:20)
	at iam.PROGRAM_delete_program.TC_01_delete_program_by_valid_program_key.delteprogram1(TC_01_delete_program_by_valid_program_key.java:20)
	at iam.PROGRAM_delete_program.TC_01_delete_program_by_valid_program_key.delteprogram1(TC_01_delete_program_by_valid_program_key.java:20)
	at iam.PROGRAM_delete_program.TC_01_delete_program_by_valid_program_key.delteprogram1(TC_01_delete_program_by_valid_program_key.java:20)
	at iam.PROGRAM_delete_program.TC_01_delete_program_by_valid_program_key.delteprogram1(TC_01_delete_program_by_valid_program_key.java:20)
	at iam.PROGRAM_delete_program.TC_01_delete_program_by_valid_program_key.delteprogram1(TC_01_delete_program_by_valid_program_key.java:20)
	at iam.PROGRAM_delete_program.TC_01_delete_program_by_valid_program_key.delteprogram1(TC_01_delete_program_by_valid_program_key.java:20)
	at iam.PROGRAM_delete_program.TC_01_delete_program_by_valid_program_key.delteprogram1(TC_01_delete_program_by_valid_program_key.java:20)
	at iam.PROGRAM_delete_program.TC_01_delete_program_by_valid_program_key.delteprogram1(TC_01_delete_program_by_valid_program_key.java:20)
	at iam.PROGRAM_delete_program.TC_01_delete_program_by_valid_program_key.delteprogram1(TC_01_delete_program_by_valid_program_key.java:20)
	at iam.PROGRAM_delete_program.TC_01_delete_program_by_valid_program_key.delteprogram1(TC_01_delete_program_by_valid_program_key.java:20)
	at iam.PROGRAM_delete_program.TC_01_delete_program_by_valid_program_key.delteprogram1(TC_01_delete_program_by_valid_program_key.java:20)
	at iam.PROGRAM_delete_program.TC_01_delete_program_by_valid_program_key.delteprogram1(TC_01_delete_program_by_valid_program_key.java:20)
	at iam.PROGRAM_delete_program.TC_01_delete_program_by_valid_program_key.delteprogram1(TC_01_delete_program_by_valid_program_key.java:20)
	at iam.PROGRAM_delete_program.TC_01_delete_program_by_valid_program_key.delteprogram1(TC_01_delete_program_by_valid_program_key.java:20)
	at iam.PROGRAM_delete_program.TC_01_delete_program_by_valid_program_key.delteprogram1(TC_01_delete_program_by_valid_program_key.java:20)
	at iam.PROGRAM_delete_program.TC_01_delete_program_by_valid_program_key.delteprogram1(TC_01_delete_program_by_valid_program_key.java:20)
	at iam.PROGRAM_delete_program.TC_01_delete_program_by_valid_program_key.delteprogram1(TC_01_delete_program_by_valid_program_key.java:20)
	at iam.PROGRAM_delete_program.TC_01_delete_program_by_valid_program_key.delteprogram1(TC_01_delete_program_by_valid_program_key.java:20)
	at iam.PROGRAM_delete_program.TC_01_delete_program_by_valid_program_key.delteprogram1(TC_01_delete_program_by_valid_program_key.java:20)
	at iam.PROGRAM_delete_program.TC_01_delete_program_by_valid_program_key.delteprogram1(TC_01_delete_program_by_valid_program_key.java:20)
	at iam.PROGRAM_delete_program.TC_01_delete_program_by_valid_program_key.delteprogram1(TC_01_delete_program_by_valid_program_key.java:20)
	at iam.PROGRAM_delete_program.TC_01_delete_program_by_valid_program_key.delteprogram1(TC_01_delete_program_by_valid_program_key.java:20)
	at iam.PROGRAM_delete_program.TC_01_delete_program_by_valid_program_key.delteprogram1(TC_01_delete_program_by_valid_program_key.java:20)
	at iam.PROGRAM_delete_program.TC_01_delete_program_by_valid_program_key.delteprogram1(TC_01_delete_program_by_valid_program_key.java:20)
	at iam.PROGRAM_delete_program.TC_01_delete_program_by_valid_program_key.delteprogram1(TC_01_delete_program_by_valid_program_key.java:20)
	at iam.PROGRAM_delete_program.TC_01_delete_program_by_valid_program_key.delteprogram1(TC_01_delete_program_by_valid_program_key.java:20)
	at iam.PROGRAM_delete_program.TC_01_delete_program_by_valid_program_key.delteprogram1(TC_01_delete_program_by_valid_program_key.java:20)
	at iam.PROGRAM_delete_program.TC_01_delete_program_by_valid_program_key.delteprogram1(TC_01_delete_program_by_valid_program_key.java:20)
	at iam.PROGRAM_delete_program.TC_01_delete_program_by_valid_program_key.delteprogram1(TC_01_delete_program_by_valid_program_key.java:20)
	at iam.PROGRAM_delete_program.TC_01_delete_program_by_valid_program_key.delteprogram1(TC_01_delete_program_by_valid_program_key.java:20)
	at iam.PROGRAM_delete_program.TC_01_delete_program_by_valid_program_key.delteprogram1(TC_01_delete_program_by_valid_program_key.java:20)
	at iam.PROGRAM_delete_program.TC_01_delete_program_by_valid_program_key.delteprogram1(TC_01_delete_program_by_valid_program_key.java:20)
	at iam.PROGRAM_delete_program.TC_01_delete_program_by_valid_program_key.delteprogram1(TC_01_delete_program_by_valid_program_key.java:20)
	at iam.PROGRAM_delete_program.TC_01_delete_program_by_valid_program_key.delteprogram1(TC_01_delete_program_by_valid_program_key.java:20)
	at iam.PROGRAM_delete_program.TC_01_delete_program_by_valid_program_key.delteprogram1(TC_01_delete_program_by_valid_program_key.java:20)
	at iam.PROGRAM_delete_program.TC_01_delete_program_by_valid_program_key.delteprogram1(TC_01_delete_program_by_valid_program_key.java:20)
	at iam.PROGRAM_delete_program.TC_01_delete_program_by_valid_program_key.delteprogram1(TC_01_delete_program_by_valid_program_key.java:20)
	at iam.PROGRAM_delete_program.TC_01_delete_program_by_valid_program_key.delteprogram1(TC_01_delete_program_by_valid_program_key.java:20)
	at iam.PROGRAM_delete_program.TC_01_delete_program_by_valid_program_key.delteprogram1(TC_01_delete_program_by_valid_program_key.java:20)
	at iam.PROGRAM_delete_program.TC_01_delete_program_by_valid_program_key.delteprogram1(TC_01_delete_program_by_valid_program_key.java:20)
	at iam.PROGRAM_delete_program.TC_01_delete_program_by_valid_program_key.delteprogram1(TC_01_delete_program_by_valid_program_key.java:20)
	at iam.PROGRAM_delete_program.TC_01_delete_program_by_valid_program_key.delteprogram1(TC_01_delete_program_by_valid_program_key.java:20)
	at iam.PROGRAM_delete_program.TC_01_delete_program_by_valid_program_key.delteprogram1(TC_01_delete_program_by_valid_program_key.java:20)
	at iam.PROGRAM_delete_program.TC_01_delete_program_by_valid_program_key.delteprogram1(TC_01_delete_program_by_valid_program_key.java:20)
	at iam.PROGRAM_delete_program.TC_01_delete_program_by_valid_program_key.delteprogram1(TC_01_delete_program_by_valid_program_key.java:20)
	at iam.PROGRAM_delete_program.TC_01_delete_program_by_valid_program_key.delteprogram1(TC_01_delete_program_by_valid_program_key.java:20)
	at iam.PROGRAM_delete_program.TC_01_delete_program_by_valid_program_key.delteprogram1(TC_01_delete_program_by_valid_program_key.java:20)
	at iam.PROGRAM_delete_program.TC_01_delete_program_by_valid_program_key.delteprogram1(TC_01_delete_program_by_valid_program_key.java:20)
	at iam.PROGRAM_delete_program.TC_01_delete_program_by_valid_program_key.delteprogram1(TC_01_delete_program_by_valid_program_key.java:20)
	at iam.PROGRAM_delete_program.TC_01_delete_program_by_valid_program_key.delteprogram1(TC_01_delete_program_by_valid_program_key.java:20)
	at iam.PROGRAM_delete_program.TC_01_delete_program_by_valid_program_key.delteprogram1(TC_01_delete_program_by_valid_program_key.java:20)
	at iam.PROGRAM_delete_program.TC_01_delete_program_by_valid_program_key.delteprogram1(TC_01_delete_program_by_valid_program_key.java:20)
	at iam.PROGRAM_delete_program.TC_01_delete_program_by_valid_program_key.delteprogram1(TC_01_delete_program_by_valid_program_key.java:20)
	at iam.PROGRAM_delete_program.TC_01_delete_program_by_valid_program_key.delteprogram1(TC_01_delete_program_by_valid_program_key.java:20)
]]>
    </error>
  </testcase> <!-- delteprogram1 -->
  <testcase name="TC_01__delete_program_by_valid_program_key" time="0.000" classname="iam.PROGRAM_delete_program.TC_01_delete_program_by_valid_program_key">
    <skipped/>
  </testcase> <!-- TC_01__delete_program_by_valid_program_key -->
</testsuite> <!-- iam.PROGRAM_delete_program.TC_01_delete_program_by_valid_program_key -->
