<?xml version="1.0" encoding="UTF-8"?>
<!-- Generated by org.testng.reporters.JUnitReportReporter -->
<testsuite skipped="0" hostname="aravindramesh" name="iam.create_user.TC_34_create_a_user_with_createdby_field_as_maximum_characters" tests="1" failures="0" timestamp="20 May 2020 05:55:23 GMT" time="0.004" errors="0">
  <testcase name="TC__34_create_a_user_with_createdby_field_as_maximum_characters" time="0.004" classname="iam.create_user.TC_34_create_a_user_with_createdby_field_as_maximum_characters"/>
</testsuite> <!-- iam.create_user.TC_34_create_a_user_with_createdby_field_as_maximum_characters -->
