<?xml version="1.0" encoding="UTF-8"?>
<!-- Generated by org.testng.reporters.JUnitReportReporter -->
<testsuite skipped="0" hostname="aravindramesh" name="iam.PROGRAM_update_program.TC10_update_program_without_CreatedBy_field" tests="1" failures="0" timestamp="09 Jul 2020 10:45:59 GMT" time="0.006" errors="0">
  <testcase name="TC10__update_program_without_CreatedBy_field" time="0.006" classname="iam.PROGRAM_update_program.TC10_update_program_without_CreatedBy_field"/>
</testsuite> <!-- iam.PROGRAM_update_program.TC10_update_program_without_CreatedBy_field -->
