<?xml version="1.0" encoding="UTF-8"?>
<!-- Generated by org.testng.reporters.JUnitReportReporter -->
<testsuite skipped="0" hostname="aravindramesh" name="iam.create_profile.TC_15_create_profile_with_merchaID_as_39characters" tests="1" failures="0" timestamp="14 May 2020 06:24:33 GMT" time="0.010" errors="0">
  <testcase name="TC_13__create_profile_with_merchaID_as_39characters" time="0.010" classname="iam.create_profile.TC_15_create_profile_with_merchaID_as_39characters"/>
</testsuite> <!-- iam.create_profile.TC_15_create_profile_with_merchaID_as_39characters -->
