<?xml version="1.0" encoding="UTF-8"?>
<!-- Generated by org.testng.reporters.JUnitReportReporter -->
<testsuite skipped="0" hostname="aravindramesh" name="iam.USER_create_user.TC_64_user_able_to_create_Inquirer_without_userID2" tests="1" failures="0" timestamp="27 Jul 2020 07:51:35 GMT" time="0.002" errors="0">
  <testcase name="TC__64_user_able_to_create_Inquirer_user_without_userID" time="0.002" classname="iam.USER_create_user.TC_64_user_able_to_create_Inquirer_without_userID2"/>
</testsuite> <!-- iam.USER_create_user.TC_64_user_able_to_create_Inquirer_without_userID2 -->
