<?xml version="1.0" encoding="UTF-8"?>
<!-- Generated by org.testng.reporters.JUnitReportReporter -->
<testsuite skipped="0" hostname="aravindramesh" name="iam.get_list_of_users.TC_5_verify_whether_user_able_to_get_DELETED_status_all_user_information2" tests="1" failures="0" timestamp="29 May 2020 06:19:50 GMT" time="0.076" errors="0">
  <testcase name="TC_5_verify__whether_user_able_to_get_DELETED_status_all_user_information2" time="0.076" classname="iam.get_list_of_users.TC_5_verify_whether_user_able_to_get_DELETED_status_all_user_information2"/>
</testsuite> <!-- iam.get_list_of_users.TC_5_verify_whether_user_able_to_get_DELETED_status_all_user_information2 -->
