<?xml version="1.0" encoding="UTF-8"?>
<!-- Generated by org.testng.reporters.JUnitReportReporter -->
<testsuite skipped="0" hostname="aravindramesh" name="iam.get.program_list.TC_02_get_program_list_by_INvalid_program_id2" tests="1" failures="0" timestamp="28 May 2020 08:37:33 GMT" time="0.011" errors="0">
  <testcase name="TC__01_get_program_list_by_valid_program_id" time="0.011" classname="iam.get.program_list.TC_02_get_program_list_by_INvalid_program_id2"/>
</testsuite> <!-- iam.get.program_list.TC_02_get_program_list_by_INvalid_program_id2 -->
