<?xml version="1.0" encoding="UTF-8"?>
<!-- Generated by org.testng.reporters.JUnitReportReporter -->
<testsuite skipped="0" hostname="aravindramesh" name="iam.create_profile.TC_12_create_profile_with_profileID_as_51characters" tests="1" failures="0" timestamp="14 May 2020 05:58:36 GMT" time="0.010" errors="0">
  <testcase name="TC__12_create_profile_with_profileID_as_51characters" time="0.010" classname="iam.create_profile.TC_12_create_profile_with_profileID_as_51characters"/>
</testsuite> <!-- iam.create_profile.TC_12_create_profile_with_profileID_as_51characters -->
