<?xml version="1.0" encoding="UTF-8"?>
<!-- Generated by org.testng.reporters.JUnitReportReporter -->
<testsuite skipped="0" hostname="aravindramesh" name="iam.create.program.TC_03_create_program_without_GROUPID_Fileds" tests="1" failures="0" timestamp="26 May 2020 10:09:40 GMT" time="0.010" errors="0">
  <testcase name="TC__03_create_program_without_GROUPID_Fileds" time="0.010" classname="iam.create.program.TC_03_create_program_without_GROUPID_Fileds"/>
</testsuite> <!-- iam.create.program.TC_03_create_program_without_GROUPID_Fileds -->
