<?xml version="1.0" encoding="UTF-8"?>
<!-- Generated by org.testng.reporters.JUnitReportReporter -->
<testsuite skipped="0" hostname="aravindramesh" name="iam.PROFILE_create_profile.TC_07_create_profile_without_profiledesc" tests="1" failures="0" timestamp="09 Jul 2020 10:21:05 GMT" time="0.002" errors="0">
  <testcase name="TC__07_create_profile_without_profiledesc" time="0.002" classname="iam.PROFILE_create_profile.TC_07_create_profile_without_profiledesc"/>
</testsuite> <!-- iam.PROFILE_create_profile.TC_07_create_profile_without_profiledesc -->
