<?xml version="1.0" encoding="UTF-8"?>
<!-- Generated by org.testng.reporters.JUnitReportReporter -->
<testsuite skipped="0" hostname="aravindramesh" name="iam.create_user.TC_10_user_able_to_create_admin_user_by_non_mandatory_fields" tests="1" failures="0" timestamp="19 May 2020 05:48:53 GMT" time="0.010" errors="0">
  <testcase name="TC_10__user_able_to_create_admin_user_by_non_mandatory_fields" time="0.010" classname="iam.create_user.TC_10_user_able_to_create_admin_user_by_non_mandatory_fields"/>
</testsuite> <!-- iam.create_user.TC_10_user_able_to_create_admin_user_by_non_mandatory_fields -->
