<?xml version="1.0" encoding="UTF-8"?>
<!-- Generated by org.testng.reporters.JUnitReportReporter -->
<testsuite skipped="0" hostname="aravindramesh" name="iam.USER_Delete_users.TC_02_4_6_8_10_delete_Inactive_admin_Maker_Checker_Inquirer_MAker_Checker_user" tests="1" failures="0" timestamp="27 Jul 2020 08:06:58 GMT" time="0.002" errors="0">
  <testcase name="TC__02_delete_Inactive_admin_user" time="0.002" classname="iam.USER_Delete_users.TC_02_4_6_8_10_delete_Inactive_admin_Maker_Checker_Inquirer_MAker_Checker_user"/>
</testsuite> <!-- iam.USER_Delete_users.TC_02_4_6_8_10_delete_Inactive_admin_Maker_Checker_Inquirer_MAker_Checker_user -->
