<?xml version="1.0" encoding="UTF-8"?>
<!-- Generated by org.testng.reporters.JUnitReportReporter -->
<testsuite skipped="0" hostname="aravindramesh" name="iam.USER_create_user.TC_12_user_able_to_create_new_user_with_already_deleted_userID" tests="1" failures="0" timestamp="27 Jul 2020 07:51:35 GMT" time="0.003" errors="0">
  <testcase name="TC__12_user_able_to_create_new_user_with_already_deleted_userID" time="0.003" classname="iam.USER_create_user.TC_12_user_able_to_create_new_user_with_already_deleted_userID"/>
</testsuite> <!-- iam.USER_create_user.TC_12_user_able_to_create_new_user_with_already_deleted_userID -->
