<?xml version="1.0" encoding="UTF-8"?>
<!-- Generated by org.testng.reporters.JUnitReportReporter -->
<testsuite skipped="0" hostname="aravindramesh" name="iam.USER_create_user.TC_02_57_user_able_to_create_new_user_with_MPIN" tests="1" failures="0" timestamp="27 Jul 2020 07:51:35 GMT" time="0.018" errors="0">
  <testcase name="TC_02__57_user_able_to_create_new_user_with_MPIN" time="0.018" classname="iam.USER_create_user.TC_02_57_user_able_to_create_new_user_with_MPIN"/>
</testsuite> <!-- iam.USER_create_user.TC_02_57_user_able_to_create_new_user_with_MPIN -->
