<?xml version="1.0" encoding="UTF-8"?>
<!-- Generated by org.testng.reporters.JUnitReportReporter -->
<testsuite skipped="0" hostname="aravindramesh" name="iam.create.program.TC_35_create_program_with_IconName_as19_characters" tests="1" failures="0" timestamp="27 May 2020 13:23:34 GMT" time="0.000" errors="0">
  <testcase name="TC__31_create_program_with_serviceID_as_21_characters" time="0.000" classname="iam.create.program.TC_35_create_program_with_IconName_as19_characters"/>
</testsuite> <!-- iam.create.program.TC_35_create_program_with_IconName_as19_characters -->
