<?xml version="1.0" encoding="UTF-8"?>
<!-- Generated by org.testng.reporters.JUnitReportReporter -->
<testsuite skipped="0" hostname="aravindramesh" name="iam.create.program.TC_22_create_program_with_programID_as_51_characters" tests="1" failures="0" timestamp="27 May 2020 09:40:43 GMT" time="0.016" errors="0">
  <testcase name="TC__22_create_program_with_programID_as_51_characters" time="0.016" classname="iam.create.program.TC_22_create_program_with_programID_as_51_characters"/>
</testsuite> <!-- iam.create.program.TC_22_create_program_with_programID_as_51_characters -->
