<?xml version="1.0" encoding="UTF-8"?>
<!-- Generated by org.testng.reporters.JUnitReportReporter -->
<testsuite skipped="0" hostname="aravindramesh" name="iam.PROFILE_update_profile.TC_03_update_profile_with_non_mandatory_Fileds2" tests="1" failures="0" timestamp="09 Jul 2020 10:40:18 GMT" time="0.001" errors="0">
  <testcase name="TC_03__update_profile_with_non_mandatory_Fileds2" time="0.001" classname="iam.PROFILE_update_profile.TC_03_update_profile_with_non_mandatory_Fileds2"/>
</testsuite> <!-- iam.PROFILE_update_profile.TC_03_update_profile_with_non_mandatory_Fileds2 -->
