<?xml version="1.0" encoding="UTF-8"?>
<!-- Generated by org.testng.reporters.JUnitReportReporter -->
<testsuite skipped="0" hostname="aravindramesh" name="iam.GROUP_create_group.TC_01_create_group_access_with_mandatory_Fileds" tests="1" failures="0" timestamp="09 Jul 2020 09:38:30 GMT" time="0.012" errors="0">
  <testcase name="TC_01__create_group_access_with_mandatory_Fileds" time="0.012" classname="iam.GROUP_create_group.TC_01_create_group_access_with_mandatory_Fileds"/>
</testsuite> <!-- iam.GROUP_create_group.TC_01_create_group_access_with_mandatory_Fileds -->
