<?xml version="1.0" encoding="UTF-8"?>
<!-- Generated by org.testng.reporters.JUnitReportReporter -->
<testsuite skipped="0" hostname="aravindramesh" name="iam.PROGRAM_GROUP_create_program_Group.TC_07_create_programgroup_with_invalid_or_not_existing_progkey" tests="1" failures="0" timestamp="25 Jun 2020 10:49:31 GMT" time="0.010" errors="0">
  <testcase name="TC_07__create_programgroup_with_invalid_or_not_existing_progkey" time="0.010" classname="iam.PROGRAM_GROUP_create_program_Group.TC_07_create_programgroup_with_invalid_or_not_existing_progkey"/>
</testsuite> <!-- iam.PROGRAM_GROUP_create_program_Group.TC_07_create_programgroup_with_invalid_or_not_existing_progkey -->
