<?xml version="1.0" encoding="UTF-8"?>
<!-- Generated by org.testng.reporters.JUnitReportReporter -->
<testsuite skipped="0" hostname="aravindramesh" name="iam.PROGRAM_create_program.TC_05_create_program_without_programID_Fileds" tests="1" failures="0" timestamp="09 Jul 2020 10:45:13 GMT" time="0.010" errors="0">
  <testcase name="TC__05_create_program_without_programID_Fileds" time="0.010" classname="iam.PROGRAM_create_program.TC_05_create_program_without_programID_Fileds"/>
</testsuite> <!-- iam.PROGRAM_create_program.TC_05_create_program_without_programID_Fileds -->
