<?xml version="1.0" encoding="UTF-8"?>
<!-- Generated by org.testng.reporters.JUnitReportReporter -->
<testsuite skipped="0" hostname="aravindramesh" name="iam.PROGRAM_update_program.TC_11_update_program_with_Invaalid_Notexisting_programkey" tests="1" failures="0" timestamp="09 Jul 2020 10:45:59 GMT" time="0.001" errors="0">
  <testcase name="TC__11_update_program_with_Invaalid_Notexisting_programkey" time="0.001" classname="iam.PROGRAM_update_program.TC_11_update_program_with_Invaalid_Notexisting_programkey"/>
</testsuite> <!-- iam.PROGRAM_update_program.TC_11_update_program_with_Invaalid_Notexisting_programkey -->
