<?xml version="1.0" encoding="UTF-8"?>
<!-- Generated by org.testng.reporters.JUnitReportReporter -->
<testsuite skipped="0" hostname="aravindramesh" name="iam.GROUP_create_group.TC_04_create_group_access_with_invalid_flagid" tests="1" failures="0" timestamp="09 Jul 2020 09:38:30 GMT" time="0.001" errors="0">
  <testcase name="TC_03__create_group_access_with_invalid_flagid" time="0.001" classname="iam.GROUP_create_group.TC_04_create_group_access_with_invalid_flagid"/>
</testsuite> <!-- iam.GROUP_create_group.TC_04_create_group_access_with_invalid_flagid -->
