<?xml version="1.0" encoding="UTF-8"?>
<!-- Generated by org.testng.reporters.JUnitReportReporter -->
<testsuite skipped="0" hostname="aravindramesh" name="iam.USER_create_user.TC_30_create_user_with_username_field_as_blank_space" tests="1" failures="0" timestamp="27 Jul 2020 07:51:35 GMT" time="0.001" errors="0">
  <testcase name="TC__30_create_user_with_username_field_as_blank_space" time="0.001" classname="iam.USER_create_user.TC_30_create_user_with_username_field_as_blank_space"/>
</testsuite> <!-- iam.USER_create_user.TC_30_create_user_with_username_field_as_blank_space -->
