<?xml version="1.0" encoding="UTF-8"?>
<!-- Generated by org.testng.reporters.JUnitReportReporter -->
<testsuite skipped="0" hostname="aravindramesh" name="iam.PROFILE_create_profile.TC_08_create_profile_without_profileID" tests="1" failures="0" timestamp="09 Jul 2020 10:21:05 GMT" time="0.001" errors="0">
  <testcase name="TC_08__create_profile_without_profileID" time="0.001" classname="iam.PROFILE_create_profile.TC_08_create_profile_without_profileID"/>
</testsuite> <!-- iam.PROFILE_create_profile.TC_08_create_profile_without_profileID -->
