<?xml version="1.0" encoding="UTF-8"?>
<!-- Generated by org.testng.reporters.JUnitReportReporter -->
<testsuite skipped="0" hostname="aravindramesh" name="iam.create.program.TC_19_create_program_with_createdby_fileds_as_51_characters2" tests="1" failures="0" timestamp="27 May 2020 09:23:27 GMT" time="0.009" errors="0">
  <testcase name="TC__19_create_program_with_createdby_fileds_as_51_characters2" time="0.009" classname="iam.create.program.TC_19_create_program_with_createdby_fileds_as_51_characters2"/>
</testsuite> <!-- iam.create.program.TC_19_create_program_with_createdby_fileds_as_51_characters2 -->
