<?xml version="1.0" encoding="UTF-8"?>
<!-- Generated by org.testng.reporters.JUnitReportReporter -->
<testsuite skipped="0" hostname="aravindramesh" name="iam.PROGRAM_Get_program_details_using_programID.TC_02_Get_a_program_Details_by_Invalid_programID" tests="1" failures="0" timestamp="02 Jul 2020 11:05:39 GMT" time="0.018" errors="0">
  <testcase name="TC__02_Get_a_program_Details_by_Invalid_programID" time="0.018" classname="iam.PROGRAM_Get_program_details_using_programID.TC_02_Get_a_program_Details_by_Invalid_programID"/>
</testsuite> <!-- iam.PROGRAM_Get_program_details_using_programID.TC_02_Get_a_program_Details_by_Invalid_programID -->
