<?xml version="1.0" encoding="UTF-8"?>
<!-- Generated by org.testng.reporters.JUnitReportReporter -->
<testsuite skipped="0" hostname="aravindramesh" name="iam.configuration_create_group_configuration.TC_03_create_group_access_with_already_created_groupid" tests="1" failures="0" timestamp="11 May 2020 06:45:38 GMT" time="0.010" errors="0">
  <testcase name="TC_03__create_group_access_with_already_created_groupid" time="0.010" classname="iam.configuration_create_group_configuration.TC_03_create_group_access_with_already_created_groupid"/>
</testsuite> <!-- iam.configuration_create_group_configuration.TC_03_create_group_access_with_already_created_groupid -->
