<?xml version="1.0" encoding="UTF-8"?>
<!-- Generated by org.testng.reporters.JUnitReportReporter -->
<testsuite skipped="0" hostname="aravindramesh" name="iam.USER_Validate_Userdata.TC_02_Validate_user_with_INvalid_userdata" tests="1" failures="0" timestamp="27 Jul 2020 08:07:35 GMT" time="0.002" errors="0">
  <testcase name="TC_02__Validate_user_with_INvalid_userdata" time="0.002" classname="iam.USER_Validate_Userdata.TC_02_Validate_user_with_INvalid_userdata"/>
</testsuite> <!-- iam.USER_Validate_Userdata.TC_02_Validate_user_with_INvalid_userdata -->
