<?xml version="1.0" encoding="UTF-8"?>
<!-- Generated by org.testng.reporters.JUnitReportReporter -->
<testsuite skipped="0" hostname="aravindramesh" name="iam.create_profile.TC_01_create_profile_with_mandatory_Fileds" tests="1" failures="0" timestamp="12 May 2020 10:21:12 GMT" time="0.012" errors="0">
  <testcase name="TC__01_create_profile_with_mandatory_Fileds" time="0.012" classname="iam.create_profile.TC_01_create_profile_with_mandatory_Fileds"/>
</testsuite> <!-- iam.create_profile.TC_01_create_profile_with_mandatory_Fileds -->
