<?xml version="1.0" encoding="UTF-8"?>
<!-- Generated by org.testng.reporters.JUnitReportReporter -->
<testsuite skipped="0" hostname="aravindramesh" name="iam.PROGRAM_create_program.TC_19_create_program_with_createdby_fileds_as_51_characters2" tests="1" failures="0" timestamp="09 Jul 2020 10:42:47 GMT" time="0.002" errors="0">
  <testcase name="TC__19_create_program_with_createdby_fileds_as_51_characters2" time="0.002" classname="iam.PROGRAM_create_program.TC_19_create_program_with_createdby_fileds_as_51_characters2"/>
</testsuite> <!-- iam.PROGRAM_create_program.TC_19_create_program_with_createdby_fileds_as_51_characters2 -->
