<?xml version="1.0" encoding="UTF-8"?>
<!-- Generated by org.testng.reporters.JUnitReportReporter -->
<testsuite skipped="0" hostname="aravindramesh" name="iam.create_user.TC_20_user_able_to_create_new_user_with_groupID_with_blank_space" tests="1" failures="0" timestamp="19 May 2020 11:40:00 GMT" time="0.010" errors="0">
  <testcase name="TC__20_user_able_to_create_new_user_with_groupID_with_blank_space" time="0.010" classname="iam.create_user.TC_20_user_able_to_create_new_user_with_groupID_with_blank_space"/>
</testsuite> <!-- iam.create_user.TC_20_user_able_to_create_new_user_with_groupID_with_blank_space -->
