<?xml version="1.0" encoding="UTF-8"?>
<!-- Generated by org.testng.reporters.JUnitReportReporter -->
<testsuite skipped="0" hostname="aravindramesh" name="iam.PROGRAM_Get_program_details_using_programID.TC_03_Get_a_program_Details_by_already_deleted_programID" tests="1" failures="0" timestamp="01 Jul 2020 11:35:22 GMT" time="0.017" errors="0">
  <testcase name="TC_03__Get_a_program_Details_by_already_deleted_programID" time="0.017" classname="iam.PROGRAM_Get_program_details_using_programID.TC_03_Get_a_program_Details_by_already_deleted_programID"/>
</testsuite> <!-- iam.PROGRAM_Get_program_details_using_programID.TC_03_Get_a_program_Details_by_already_deleted_programID -->
