<?xml version="1.0" encoding="UTF-8"?>
<!-- Generated by org.testng.reporters.JUnitReportReporter -->
<testsuite skipped="0" hostname="aravindramesh" name="iam.create_user.TC_06_user_able_to_create_new_with_password" tests="1" failures="0" timestamp="19 May 2020 05:29:19 GMT" time="0.005" errors="0">
  <testcase name="TC_06_user_able_to_create_new_with_password" time="0.005" classname="iam.create_user.TC_06_user_able_to_create_new_with_password"/>
</testsuite> <!-- iam.create_user.TC_06_user_able_to_create_new_with_password -->
