<?xml version="1.0" encoding="UTF-8"?>
<!-- Generated by org.testng.reporters.JUnitReportReporter -->
<testsuite skipped="0" hostname="aravindramesh" name="iam.get_list_of_users.sample" tests="1" failures="0" timestamp="29 May 2020 09:30:22 GMT" time="0.066" errors="0">
  <testcase name="TC_7_verify_whether_user__able_to_get_userinformation_with_sameUSERID_with_different_group" time="0.066" classname="iam.get_list_of_users.sample"/>
</testsuite> <!-- iam.get_list_of_users.sample -->
