<?xml version="1.0" encoding="UTF-8"?>
<!-- Generated by org.testng.reporters.JUnitReportReporter -->
<testsuite skipped="0" hostname="aravindramesh" name="iam.PROFILE_create_profile.TC_04_create_profile_and_user_link_profile_with_program" tests="1" failures="0" timestamp="09 Jul 2020 10:21:05 GMT" time="0.003" errors="0">
  <testcase name="TC_04__create_profile_and_user_link_profile_with_program" time="0.003" classname="iam.PROFILE_create_profile.TC_04_create_profile_and_user_link_profile_with_program"/>
</testsuite> <!-- iam.PROFILE_create_profile.TC_04_create_profile_and_user_link_profile_with_program -->
