<?xml version="1.0" encoding="UTF-8"?>
<!-- Generated by org.testng.reporters.JUnitReportReporter -->
<testsuite skipped="0" hostname="aravindramesh" name="iam.get_list_of_users.TC_4_verify_whether_user_able_to_get_all_INACTIVE_all_user_information" tests="1" failures="0" timestamp="29 May 2020 05:06:14 GMT" time="0.587" errors="0">
  <testcase name="TC__4_verify_whether_user_able_to_get_all_INACTIVE_all_user_information" time="0.587" classname="iam.get_list_of_users.TC_4_verify_whether_user_able_to_get_all_INACTIVE_all_user_information"/>
</testsuite> <!-- iam.get_list_of_users.TC_4_verify_whether_user_able_to_get_all_INACTIVE_all_user_information -->
