<?xml version="1.0" encoding="UTF-8"?>
<!-- Generated by org.testng.reporters.JUnitReportReporter -->
<testsuite skipped="0" hostname="aravindramesh" name="iam.USERS.update_users.TC_06_Update_user_by_username" tests="1" failures="0" timestamp="27 Jul 2020 08:02:19 GMT" time="0.003" errors="0">
  <testcase name="TC__06_Update_user_by_username" time="0.003" classname="iam.USERS.update_users.TC_06_Update_user_by_username"/>
</testsuite> <!-- iam.USERS.update_users.TC_06_Update_user_by_username -->
