<?xml version="1.0" encoding="UTF-8"?>
<!-- Generated by org.testng.reporters.JUnitReportReporter -->
<testsuite skipped="0" hostname="aravindramesh" name="iam.USERS.update_users.TC_16_17_18_19_Update_user_by_flexifields_ALTuserID_twofactorstatus_authsignlevel_" tests="1" failures="0" timestamp="02 Jun 2020 12:15:36 GMT" time="0.000" errors="0">
  <testcase name="TC_16_17_18__19_Update_user_by_flexifields_ALTuserID_twofactorstatus_authsignlevel_" time="0.000" classname="iam.USERS.update_users.TC_16_17_18_19_Update_user_by_flexifields_ALTuserID_twofactorstatus_authsignlevel_"/>
</testsuite> <!-- iam.USERS.update_users.TC_16_17_18_19_Update_user_by_flexifields_ALTuserID_twofactorstatus_authsignlevel_ -->
