<?xml version="1.0" encoding="UTF-8"?>
<!-- Generated by org.testng.reporters.JUnitReportReporter -->
<testsuite skipped="0" hostname="aravindramesh" name="iam.configuration_get_configuratoin_using_comptype_code_merchantid.TC_01_To_get_config_with_compytype_code_merchantid" tests="1" failures="0" timestamp="15 May 2020 11:08:23 GMT" time="0.013" errors="0">
  <testcase name="TC_01__To_get_config_with_compytype_code_merchantid" time="0.013" classname="iam.configuration_get_configuratoin_using_comptype_code_merchantid.TC_01_To_get_config_with_compytype_code_merchantid"/>
</testsuite> <!-- iam.configuration_get_configuratoin_using_comptype_code_merchantid.TC_01_To_get_config_with_compytype_code_merchantid -->
