<?xml version="1.0" encoding="UTF-8"?>
<!-- Generated by org.testng.reporters.JUnitReportReporter -->
<testsuite skipped="0" hostname="aravindramesh" name="iam.PROFILE_Get_profile_details_by_Profile_ID.TC_04_Get_a_profile_Details_by_createdby_ADMIN_profileID" tests="1" failures="0" timestamp="09 Jul 2020 10:36:54 GMT" time="0.011" errors="0">
  <testcase name="TC_04__Get_a_profile_Details_by_createdby_ADMIN_profileID" time="0.011" classname="iam.PROFILE_Get_profile_details_by_Profile_ID.TC_04_Get_a_profile_Details_by_createdby_ADMIN_profileID"/>
</testsuite> <!-- iam.PROFILE_Get_profile_details_by_Profile_ID.TC_04_Get_a_profile_Details_by_createdby_ADMIN_profileID -->
