<?xml version="1.0" encoding="UTF-8"?>
<!-- Generated by org.testng.reporters.JUnitReportReporter -->
<testsuite skipped="0" hostname="aravindramesh" name="iam.CONFIGURATION_save_configuration.TC_04_To_save_configuration_with_already_saved_configuration" tests="1" failures="0" timestamp="09 Jul 2020 09:17:45 GMT" time="0.001" errors="0">
  <testcase name="TC_04_To__save_configuration_with_already_saved_configuration" time="0.001" classname="iam.CONFIGURATION_save_configuration.TC_04_To_save_configuration_with_already_saved_configuration"/>
</testsuite> <!-- iam.CONFIGURATION_save_configuration.TC_04_To_save_configuration_with_already_saved_configuration -->
