<?xml version="1.0" encoding="UTF-8"?>
<!-- Generated by org.testng.reporters.JUnitReportReporter -->
<testsuite skipped="0" hostname="aravindramesh" name="iam.configuration_create_group_configuration.TC_01_create_group_access_with_mandatory_Fileds" tests="1" failures="0" timestamp="11 May 2020 06:44:54 GMT" time="0.010" errors="0">
  <testcase name="TC_01__create_group_access_with_mandatory_Fileds" time="0.010" classname="iam.configuration_create_group_configuration.TC_01_create_group_access_with_mandatory_Fileds"/>
</testsuite> <!-- iam.configuration_create_group_configuration.TC_01_create_group_access_with_mandatory_Fileds -->
