<?xml version="1.0" encoding="UTF-8"?>
<!-- Generated by org.testng.reporters.JUnitReportReporter -->
<testsuite skipped="0" hostname="aravindramesh" name="iam.create.program.TC_16_create_program_with_FLEXI_FIELD1_as__101_characters" tests="1" failures="0" timestamp="26 May 2020 11:45:54 GMT" time="0.009" errors="0">
  <testcase name="TC__16_create_program_with_FLEXI_FIELD1_as__101_characters" time="0.009" classname="iam.create.program.TC_16_create_program_with_FLEXI_FIELD1_as__101_characters"/>
</testsuite> <!-- iam.create.program.TC_16_create_program_with_FLEXI_FIELD1_as__101_characters -->
