<?xml version="1.0" encoding="UTF-8"?>
<!-- Generated by org.testng.reporters.JUnitReportReporter -->
<testsuite skipped="0" hostname="aravindramesh" name="iam.GROUP_update_group.TC_04_update_group_access_without_updatedby_field" tests="1" failures="0" timestamp="09 Jul 2020 09:44:11 GMT" time="0.002" errors="0">
  <testcase name="TC_04__update_group_access_without_updatedby_field" time="0.002" classname="iam.GROUP_update_group.TC_04_update_group_access_without_updatedby_field"/>
</testsuite> <!-- iam.GROUP_update_group.TC_04_update_group_access_without_updatedby_field -->
