<?xml version="1.0" encoding="UTF-8"?>
<!-- Generated by org.testng.reporters.JUnitReportReporter -->
<testsuite skipped="0" hostname="aravindramesh" name="iam.create.program.TC_36_create_program_with_iconname_as_20_characters" tests="1" failures="0" timestamp="27 May 2020 13:25:24 GMT" time="0.016" errors="0">
  <testcase name="TC__30_create_program_with_iconame_as_20_characters" time="0.016" classname="iam.create.program.TC_36_create_program_with_iconname_as_20_characters"/>
</testsuite> <!-- iam.create.program.TC_36_create_program_with_iconname_as_20_characters -->
