<?xml version="1.0" encoding="UTF-8"?>
<!-- Generated by org.testng.reporters.JUnitReportReporter -->
<testsuite skipped="0" hostname="aravindramesh" name="iam.create.program.TC_09_create_program_with_PRG_TYPE_as_5_characters" tests="1" failures="0" timestamp="26 May 2020 10:52:33 GMT" time="0.010" errors="0">
  <testcase name="TC__09_create_program_with_PRG_TYPE_as_5_characters" time="0.010" classname="iam.create.program.TC_09_create_program_with_PRG_TYPE_as_5_characters"/>
</testsuite> <!-- iam.create.program.TC_09_create_program_with_PRG_TYPE_as_5_characters -->
