<?xml version="1.0" encoding="UTF-8"?>
<!-- Generated by org.testng.reporters.JUnitReportReporter -->
<testsuite skipped="0" hostname="aravindramesh" name="iam.create_user.TC_21_user_able_to_create_new_user_with_groupID_with_numbers" tests="1" failures="0" timestamp="19 May 2020 11:44:19 GMT" time="0.011" errors="0">
  <testcase name="TC__21_user_able_to_create_new_user_with_groupID_with_numbers" time="0.011" classname="iam.create_user.TC_21_user_able_to_create_new_user_with_groupID_with_numbers"/>
</testsuite> <!-- iam.create_user.TC_21_user_able_to_create_new_user_with_groupID_with_numbers -->
