<?xml version="1.0" encoding="UTF-8"?>
<!-- Generated by org.testng.reporters.JUnitReportReporter -->
<testsuite skipped="0" hostname="aravindramesh" name="iam.Get_list_of_profile_detail.TC_07_get_list_profile_detail_which_has_been_INactive_status2" tests="1" failures="0" timestamp="15 May 2020 11:59:55 GMT" time="0.011" errors="0">
  <testcase name="TC_06__get_list_profile_detail_which_has_been_Inactive_status" time="0.011" classname="iam.Get_list_of_profile_detail.TC_07_get_list_profile_detail_which_has_been_INactive_status2"/>
</testsuite> <!-- iam.Get_list_of_profile_detail.TC_07_get_list_profile_detail_which_has_been_INactive_status2 -->
