<?xml version="1.0" encoding="UTF-8"?>
<!-- Generated by org.testng.reporters.JUnitReportReporter -->
<testsuite skipped="0" hostname="aravindramesh" name="iam.update_group.TC_04_update_group_access_without_updatedby_field" tests="1" failures="0" timestamp="11 May 2020 12:28:24 GMT" time="0.009" errors="0">
  <testcase name="TC_04__update_group_access_without_updatedby_field" time="0.009" classname="iam.update_group.TC_04_update_group_access_without_updatedby_field"/>
</testsuite> <!-- iam.update_group.TC_04_update_group_access_without_updatedby_field -->
