<?xml version="1.0" encoding="UTF-8"?>
<!-- Generated by org.testng.reporters.JUnitReportReporter -->
<testsuite skipped="0" hostname="aravindramesh" name="iam.create_user.TC_37_create_a_user_with_createdby_field_as_with_only_numbers" tests="1" failures="0" timestamp="20 May 2020 06:16:45 GMT" time="0.005" errors="0">
  <testcase name="TC_36__create_a_user_with_createdby_field_as_alphanumeric" time="0.005" classname="iam.create_user.TC_37_create_a_user_with_createdby_field_as_with_only_numbers"/>
</testsuite> <!-- iam.create_user.TC_37_create_a_user_with_createdby_field_as_with_only_numbers -->
