<?xml version="1.0" encoding="UTF-8"?>
<!-- Generated by org.testng.reporters.JUnitReportReporter -->
<testsuite skipped="0" hostname="aravindramesh" name="iam.USER_Validate_Userdata.TC_03_Validate_userdata_without_userdetails" tests="1" failures="0" timestamp="27 Jul 2020 08:07:35 GMT" time="0.001" errors="0">
  <testcase name="TC__03_Validate_userdata_without_userdetails" time="0.001" classname="iam.USER_Validate_Userdata.TC_03_Validate_userdata_without_userdetails"/>
</testsuite> <!-- iam.USER_Validate_Userdata.TC_03_Validate_userdata_without_userdetails -->
