<?xml version="1.0" encoding="UTF-8"?>
<!-- Generated by org.testng.reporters.JUnitReportReporter -->
<testsuite skipped="0" hostname="aravindramesh" name="iam.PROFILE_update_profile.TC_04_update_profile_with_mandatory_and_non_mandatory_Fileds" tests="1" failures="0" timestamp="09 Jul 2020 10:40:18 GMT" time="0.003" errors="0">
  <testcase name="TC_04_update__profile_with_mandatory_and_non_mandatory_Fileds" time="0.003" classname="iam.PROFILE_update_profile.TC_04_update_profile_with_mandatory_and_non_mandatory_Fileds"/>
</testsuite> <!-- iam.PROFILE_update_profile.TC_04_update_profile_with_mandatory_and_non_mandatory_Fileds -->
