<?xml version="1.0" encoding="UTF-8"?>
<!-- Generated by org.testng.reporters.JUnitReportReporter -->
<testsuite skipped="0" hostname="aravindramesh" name="iam.create_user.TC_15_23_user_able_to_create_user_with_different_groupID_with_alreadyexisting_userID" tests="1" failures="0" timestamp="19 May 2020 08:06:01 GMT" time="0.005" errors="0">
  <testcase name="TC_15__user_able_to_create_user_with_different_groupID_with_alreadyexisting_userID" time="0.005" classname="iam.create_user.TC_15_23_user_able_to_create_user_with_different_groupID_with_alreadyexisting_userID"/>
</testsuite> <!-- iam.create_user.TC_15_23_user_able_to_create_user_with_different_groupID_with_alreadyexisting_userID -->
