<?xml version="1.0" encoding="UTF-8"?>
<!-- Generated by org.testng.reporters.JUnitReportReporter -->
<testsuite skipped="0" hostname="aravindramesh" name="iam.create.program.TC_07_create_program_without_programname_Fileds3" tests="1" failures="0" timestamp="26 May 2020 10:40:33 GMT" time="0.010" errors="0">
  <testcase name="TC__07_create_program_without_programname_Fileds3" time="0.010" classname="iam.create.program.TC_07_create_program_without_programname_Fileds3"/>
</testsuite> <!-- iam.create.program.TC_07_create_program_without_programname_Fileds3 -->
