<?xml version="1.0" encoding="UTF-8"?>
<!-- Generated by org.testng.reporters.JUnitReportReporter -->
<testsuite skipped="0" hostname="aravindramesh" name="iam.create_user.TC_59_user_able_to_create_inquirer_user_by_non_mandatory_fields2" tests="1" failures="0" timestamp="21 May 2020 08:46:46 GMT" time="0.010" errors="0">
  <testcase name="TC__59_user_able_to_create_inquirer_user_by_non_mandatory_fields2" time="0.010" classname="iam.create_user.TC_59_user_able_to_create_inquirer_user_by_non_mandatory_fields2"/>
</testsuite> <!-- iam.create_user.TC_59_user_able_to_create_inquirer_user_by_non_mandatory_fields2 -->
