<?xml version="1.0" encoding="UTF-8"?>
<!-- Generated by org.testng.reporters.JUnitReportReporter -->
<testsuite skipped="0" hostname="aravindramesh" name="iam.create.program.TC_01_create_program_with_mandatory_Fileds" tests="1" failures="0" timestamp="26 May 2020 09:59:30 GMT" time="0.009" errors="0">
  <testcase name="TC__01_create_profile_with_mandatory_Fileds" time="0.009" classname="iam.create.program.TC_01_create_program_with_mandatory_Fileds"/>
</testsuite> <!-- iam.create.program.TC_01_create_program_with_mandatory_Fileds -->
