<?xml version="1.0" encoding="UTF-8"?>
<!-- Generated by org.testng.reporters.JUnitReportReporter -->
<testsuite skipped="0" hostname="aravindramesh" name="iam.GROUP_create_group.TC_09_create_group_access_with_created_by_admin" tests="1" failures="0" timestamp="09 Jul 2020 09:38:30 GMT" time="0.002" errors="0">
  <testcase name="TC_09_create__group_access_with_created_by_admin" time="0.002" classname="iam.GROUP_create_group.TC_09_create_group_access_with_created_by_admin"/>
</testsuite> <!-- iam.GROUP_create_group.TC_09_create_group_access_with_created_by_admin -->
