<?xml version="1.0" encoding="UTF-8"?>
<!-- Generated by org.testng.reporters.JUnitReportReporter -->
<testsuite skipped="0" hostname="aravindramesh" name="iam.create_profile.TC_9_create_profile_without_profilerole" tests="1" failures="0" timestamp="14 May 2020 04:48:57 GMT" time="0.011" errors="0">
  <testcase name="TC_9__create_profile_without_profilerole" time="0.011" classname="iam.create_profile.TC_9_create_profile_without_profilerole"/>
</testsuite> <!-- iam.create_profile.TC_9_create_profile_without_profilerole -->
