<?xml version="1.0" encoding="UTF-8"?>
<!-- Generated by org.testng.reporters.JUnitReportReporter -->
<testsuite skipped="0" hostname="aravindramesh" name="iam.PROFILE_Get_list_of_profile_detail.TC_06_get_list_profile_detail_which_has_been_active_status" tests="1" failures="0" timestamp="09 Jul 2020 10:24:14 GMT" time="0.003" errors="0">
  <testcase name="TC_06__get_list_profile_detail_which_has_been_active_status" time="0.003" classname="iam.PROFILE_Get_list_of_profile_detail.TC_06_get_list_profile_detail_which_has_been_active_status"/>
</testsuite> <!-- iam.PROFILE_Get_list_of_profile_detail.TC_06_get_list_profile_detail_which_has_been_active_status -->
