<?xml version="1.0" encoding="UTF-8"?>
<!-- Generated by org.testng.reporters.JUnitReportReporter -->
<testsuite skipped="0" hostname="aravindramesh" name="iam.USERS.update_users.TC_16_Update_user_by_flexifields" tests="1" failures="0" timestamp="27 Jul 2020 08:02:19 GMT" time="0.004" errors="0">
  <testcase name="TC_16_Update_user_by__flexifields" time="0.004" classname="iam.USERS.update_users.TC_16_Update_user_by_flexifields"/>
</testsuite> <!-- iam.USERS.update_users.TC_16_Update_user_by_flexifields -->
