<?xml version="1.0" encoding="UTF-8"?>
<!-- Generated by org.testng.reporters.JUnitReportReporter -->
<testsuite skipped="0" hostname="aravindramesh" name="iam.create_profile.TC_08_create_profile_without_profileID" tests="1" failures="0" timestamp="14 May 2020 04:47:06 GMT" time="0.011" errors="0">
  <testcase name="TC_08__create_profile_without_profileID" time="0.011" classname="iam.create_profile.TC_08_create_profile_without_profileID"/>
</testsuite> <!-- iam.create_profile.TC_08_create_profile_without_profileID -->
