<?xml version="1.0" encoding="UTF-8"?>
<!-- Generated by org.testng.reporters.JUnitReportReporter -->
<testsuite skipped="0" hostname="aravindramesh" name="iam.PROGRAM_create_program.TC_01_20_create_program_with_mandatory_Fileds" tests="1" failures="0" timestamp="09 Jul 2020 10:42:47 GMT" time="0.047" errors="0">
  <testcase name="TC__01_create_program_with_mandatory_Fileds" time="0.047" classname="iam.PROGRAM_create_program.TC_01_20_create_program_with_mandatory_Fileds"/>
</testsuite> <!-- iam.PROGRAM_create_program.TC_01_20_create_program_with_mandatory_Fileds -->
