<?xml version="1.0" encoding="UTF-8"?>
<!-- Generated by org.testng.reporters.JUnitReportReporter -->
<testsuite skipped="0" hostname="aravindramesh" name="iam.configuration_create_group_configuration.TC_05_create_group_access_with_created_by_maker" tests="1" failures="0" timestamp="11 May 2020 06:55:36 GMT" time="0.009" errors="0">
  <testcase name="TC_05__create_group_access_with_created_by_maker" time="0.009" classname="iam.configuration_create_group_configuration.TC_05_create_group_access_with_created_by_maker"/>
</testsuite> <!-- iam.configuration_create_group_configuration.TC_05_create_group_access_with_created_by_maker -->
