<?xml version="1.0" encoding="UTF-8"?>
<!-- Generated by org.testng.reporters.JUnitReportReporter -->
<testsuite skipped="0" hostname="aravindramesh" name="iam.PROFILE_Get_profile_details_by_Profile_ID.TC_06_Get_a_profile_Details_by_createdby_CHECKER_profileID" tests="1" failures="0" timestamp="09 Jul 2020 10:36:41 GMT" time="0.002" errors="0">
  <testcase name="TC_06__Get_a_profile_Details_by_createdby_CHECKER_profileID" time="0.002" classname="iam.PROFILE_Get_profile_details_by_Profile_ID.TC_06_Get_a_profile_Details_by_createdby_CHECKER_profileID"/>
</testsuite> <!-- iam.PROFILE_Get_profile_details_by_Profile_ID.TC_06_Get_a_profile_Details_by_createdby_CHECKER_profileID -->
