<?xml version="1.0" encoding="UTF-8"?>
<!-- Generated by org.testng.reporters.JUnitReportReporter -->
<testsuite skipped="0" hostname="aravindramesh" name="iam.create.program.TC_06_create_program_without_createdby_Fileds2" tests="1" failures="0" timestamp="26 May 2020 10:34:49 GMT" time="0.010" errors="0">
  <testcase name="TC__06_create_program_without_createdby_Fileds2" time="0.010" classname="iam.create.program.TC_06_create_program_without_createdby_Fileds2"/>
</testsuite> <!-- iam.create.program.TC_06_create_program_without_createdby_Fileds2 -->
