<?xml version="1.0" encoding="UTF-8"?>
<!-- Generated by org.testng.reporters.JUnitReportReporter -->
<testsuite skipped="0" hostname="aravindramesh" name="iam.USER_Validate_Userdata.TC_04_Validate_userata_with_already_delted_userdata" tests="1" failures="0" timestamp="27 Jul 2020 08:07:35 GMT" time="0.002" errors="0">
  <testcase name="TC__01_Validate_user_with_valid_userdata" time="0.002" classname="iam.USER_Validate_Userdata.TC_04_Validate_userata_with_already_delted_userdata"/>
</testsuite> <!-- iam.USER_Validate_Userdata.TC_04_Validate_userata_with_already_delted_userdata -->
