<?xml version="1.0" encoding="UTF-8"?>
<!-- Generated by org.testng.reporters.JUnitReportReporter -->
<testsuite skipped="0" hostname="aravindramesh" name="iam.PROFILE_create_profile.TC_02_create_profile_with_nonmandatory_Fileds2" tests="1" failures="0" timestamp="09 Jul 2020 10:21:05 GMT" time="0.002" errors="0">
  <testcase name="TC__01_create_profile_with_mandatory_Fileds" time="0.002" classname="iam.PROFILE_create_profile.TC_02_create_profile_with_nonmandatory_Fileds2"/>
</testsuite> <!-- iam.PROFILE_create_profile.TC_02_create_profile_with_nonmandatory_Fileds2 -->
