<?xml version="1.0" encoding="UTF-8"?>
<!-- Generated by org.testng.reporters.JUnitReportReporter -->
<testsuite skipped="0" hostname="aravindramesh" name="iam.USER_create_user.TC_07_39_40_user_able_to_create_new_user_without_password" tests="1" failures="0" timestamp="27 Jul 2020 07:51:35 GMT" time="0.001" errors="0">
  <testcase name="TC_07_39_40__user_able_to_create_new_user_without_password" time="0.001" classname="iam.USER_create_user.TC_07_39_40_user_able_to_create_new_user_without_password"/>
</testsuite> <!-- iam.USER_create_user.TC_07_39_40_user_able_to_create_new_user_without_password -->
