<?xml version="1.0" encoding="UTF-8"?>
<!-- Generated by org.testng.reporters.JUnitReportReporter -->
<testsuite skipped="0" hostname="aravindramesh" name="iam.USER_create_user.TC_15_22_user_able_to_create_user_with_different_groupID_with_alreadyexisting_userID" tests="1" failures="0" timestamp="27 Jul 2020 07:51:35 GMT" time="0.003" errors="0">
  <testcase name="TC_15__22_user_able_to_create_user_with_different_groupID_with_alreadyexisting_userID" time="0.003" classname="iam.USER_create_user.TC_15_22_user_able_to_create_user_with_different_groupID_with_alreadyexisting_userID"/>
</testsuite> <!-- iam.USER_create_user.TC_15_22_user_able_to_create_user_with_different_groupID_with_alreadyexisting_userID -->
