<?xml version="1.0" encoding="UTF-8"?>
<!-- Generated by org.testng.reporters.JUnitReportReporter -->
<testsuite skipped="0" hostname="aravindramesh" name="iam.create_profile.TC_21_create_profile_with_createdby_as_51characters2" tests="1" failures="0" timestamp="14 May 2020 07:12:31 GMT" time="0.010" errors="0">
  <testcase name="TC_20__create_profile_with_createdby_as_51characters" time="0.010" classname="iam.create_profile.TC_21_create_profile_with_createdby_as_51characters2"/>
</testsuite> <!-- iam.create_profile.TC_21_create_profile_with_createdby_as_51characters2 -->
