<?xml version="1.0" encoding="UTF-8"?>
<!-- Generated by org.testng.reporters.JUnitReportReporter -->
<testsuite skipped="0" hostname="aravindramesh" name="iam.CONFIGURATION_delete_configuration.TC_001_delete_configuration_using_valid_configkey" tests="1" failures="0" timestamp="26 Jun 2020 06:22:08 GMT" time="0.005" errors="0">
  <testcase name="TC_01__To_delete_configuration_using_valid_configkey" time="0.005" classname="iam.CONFIGURATION_delete_configuration.TC_001_delete_configuration_using_valid_configkey"/>
</testsuite> <!-- iam.CONFIGURATION_delete_configuration.TC_001_delete_configuration_using_valid_configkey -->
