<?xml version="1.0" encoding="UTF-8"?>
<!-- Generated by org.testng.reporters.JUnitReportReporter -->
<testsuite skipped="0" hostname="aravindramesh" name="iam.GROUP_get_group.TC_01_get_group_access_with_valid_groupID" tests="1" failures="0" timestamp="09 Jul 2020 09:43:49 GMT" time="0.023" errors="0">
  <testcase name="TC_01__get_group_access_with_valid_groupID" time="0.023" classname="iam.GROUP_get_group.TC_01_get_group_access_with_valid_groupID"/>
</testsuite> <!-- iam.GROUP_get_group.TC_01_get_group_access_with_valid_groupID -->
