<?xml version="1.0" encoding="UTF-8"?>
<!-- Generated by org.testng.reporters.JUnitReportReporter -->
<testsuite skipped="0" hostname="aravindramesh" name="iam.create.program.TC_28_create_program_with_parentprogramkey_as_39_characters" tests="1" failures="0" timestamp="27 May 2020 11:19:13 GMT" time="0.010" errors="0">
  <testcase name="TC__28_create_program_with_parentprogramkey_as_39_characters" time="0.010" classname="iam.create.program.TC_28_create_program_with_parentprogramkey_as_39_characters"/>
</testsuite> <!-- iam.create.program.TC_28_create_program_with_parentprogramkey_as_39_characters -->
