<?xml version="1.0" encoding="UTF-8"?>
<!-- Generated by org.testng.reporters.JUnitReportReporter -->
<testsuite skipped="0" hostname="aravindramesh" name="iam.PROGRAM_create_program.TC_22_create_program_with_programID_as_51_characters" tests="1" failures="0" timestamp="09 Jul 2020 10:42:47 GMT" time="0.001" errors="0">
  <testcase name="TC__22_create_program_with_programID_as_51_characters" time="0.001" classname="iam.PROGRAM_create_program.TC_22_create_program_with_programID_as_51_characters"/>
</testsuite> <!-- iam.PROGRAM_create_program.TC_22_create_program_with_programID_as_51_characters -->
