<?xml version="1.0" encoding="UTF-8"?>
<!-- Generated by org.testng.reporters.JUnitReportReporter -->
<testsuite skipped="0" hostname="aravindramesh" name="iam.configuration_create_group_configuration.TC_02_create_group_access_without_nonmandatory_Fileds" tests="1" failures="0" timestamp="11 May 2020 06:41:49 GMT" time="0.011" errors="0">
  <testcase name="TC_02__create_group_access_without_nonmandatory_Fileds" time="0.011" classname="iam.configuration_create_group_configuration.TC_02_create_group_access_without_nonmandatory_Fileds"/>
</testsuite> <!-- iam.configuration_create_group_configuration.TC_02_create_group_access_without_nonmandatory_Fileds -->
