<?xml version="1.0" encoding="UTF-8"?>
<!-- Generated by org.testng.reporters.JUnitReportReporter -->
<testsuite skipped="0" hostname="aravindramesh" name="iam.create.program.TC_04_create_program_without_merchantID_Fileds" tests="1" failures="0" timestamp="26 May 2020 10:19:14 GMT" time="0.011" errors="0">
  <testcase name="TC__04_create_program_without_MERCHANTID_Fileds" time="0.011" classname="iam.create.program.TC_04_create_program_without_merchantID_Fileds"/>
</testsuite> <!-- iam.create.program.TC_04_create_program_without_merchantID_Fileds -->
