<?xml version="1.0" encoding="UTF-8"?>
<!-- Generated by org.testng.reporters.JUnitReportReporter -->
<testsuite skipped="0" hostname="aravindramesh" name="iam.create_user.TC_26_user_able_to_create_new_withuserID_field_with_only_numbers" tests="1" failures="0" timestamp="19 May 2020 12:59:42 GMT" time="0.010" errors="0">
  <testcase name="TC__25_user_able_to_create_new_withuserID_field_with_blank_space" time="0.010" classname="iam.create_user.TC_26_user_able_to_create_new_withuserID_field_with_only_numbers"/>
</testsuite> <!-- iam.create_user.TC_26_user_able_to_create_new_withuserID_field_with_only_numbers -->
