<?xml version="1.0" encoding="UTF-8"?>
<!-- Generated by org.testng.reporters.JUnitReportReporter -->
<testsuite skipped="0" hostname="aravindramesh" name="iam.configuration_get_configuration.TC_01_To_get_list_of_configuration_with_valid_merchantid" tests="1" failures="0" timestamp="08 May 2020 11:51:02 GMT" time="0.005" errors="0">
  <testcase name="TC_01__To_get_list_of_configuration_with_valid_merchantid" time="0.005" classname="iam.configuration_get_configuration.TC_01_To_get_list_of_configuration_with_valid_merchantid"/>
</testsuite> <!-- iam.configuration_get_configuration.TC_01_To_get_list_of_configuration_with_valid_merchantid -->
