<?xml version="1.0" encoding="UTF-8"?>
<!-- Generated by org.testng.reporters.JUnitReportReporter -->
<testsuite skipped="0" hostname="aravindramesh" name="iam.create_user.TC_41_To_verify_set_password_field_as_TRUE_and_enter_without_decrypted_password_in_PWDfield" tests="1" failures="0" timestamp="20 May 2020 06:53:11 GMT" time="0.010" errors="0">
  <testcase name="TC_06_user_able_to_create_new_user_without_password" time="0.010" classname="iam.create_user.TC_41_To_verify_set_password_field_as_TRUE_and_enter_without_decrypted_password_in_PWDfield"/>
</testsuite> <!-- iam.create_user.TC_41_To_verify_set_password_field_as_TRUE_and_enter_without_decrypted_password_in_PWDfield -->
