<?xml version="1.0" encoding="UTF-8"?>
<!-- Generated by org.testng.reporters.JUnitReportReporter -->
<testsuite skipped="0" hostname="aravindramesh" name="iam.PROFILE_update_profile.TC_05_update_profile_without_incrementinh_the_version_field" tests="1" failures="0" timestamp="09 Jul 2020 10:40:18 GMT" time="0.002" errors="0">
  <testcase name="TC_05__update_profile_without_incrementinh_the_version_field" time="0.002" classname="iam.PROFILE_update_profile.TC_05_update_profile_without_incrementinh_the_version_field"/>
</testsuite> <!-- iam.PROFILE_update_profile.TC_05_update_profile_without_incrementinh_the_version_field -->
