<?xml version="1.0" encoding="UTF-8"?>
<!-- Generated by org.testng.reporters.JUnitReportReporter -->
<testsuite skipped="0" hostname="aravindramesh" name="iam.PROGRAM_GROUP_create_program_Group.TC_02_create_programgroup_with_Non_Mandatory_Fileds" tests="1" failures="0" timestamp="25 Jun 2020 09:33:26 GMT" time="0.004" errors="0">
  <testcase name="TC_02__create_programgroup_with_Non_Mandatory_Fileds" time="0.004" classname="iam.PROGRAM_GROUP_create_program_Group.TC_02_create_programgroup_with_Non_Mandatory_Fileds"/>
</testsuite> <!-- iam.PROGRAM_GROUP_create_program_Group.TC_02_create_programgroup_with_Non_Mandatory_Fileds -->
