<?xml version="1.0" encoding="UTF-8"?>
<!-- Generated by org.testng.reporters.JUnitReportReporter -->
<testsuite skipped="0" hostname="aravindramesh" name="iam.create_user.TC_18_user_able_to_create_new_user_with_groupID_as_minimum_4characters" tests="1" failures="0" timestamp="19 May 2020 10:30:26 GMT" time="0.005" errors="0">
  <testcase name="TC__18_user_able_to_create_new_user_with_groupID_as_minimum_4characters" time="0.005" classname="iam.create_user.TC_18_user_able_to_create_new_user_with_groupID_as_minimum_4characters"/>
</testsuite> <!-- iam.create_user.TC_18_user_able_to_create_new_user_with_groupID_as_minimum_4characters -->
