<?xml version="1.0" encoding="UTF-8"?>
<!-- Generated by org.testng.reporters.JUnitReportReporter -->
<testsuite skipped="0" hostname="aravindramesh" name="iam.PROGRAM_update_program.TC_04_update_program_with_without_incrementing_the_version_field" tests="1" failures="0" timestamp="09 Jul 2020 10:45:59 GMT" time="0.002" errors="0">
  <testcase name="TC_04_update__program_with_without_incrementing_the_version_field" time="0.002" classname="iam.PROGRAM_update_program.TC_04_update_program_with_without_incrementing_the_version_field"/>
</testsuite> <!-- iam.PROGRAM_update_program.TC_04_update_program_with_without_incrementing_the_version_field -->
