<?xml version="1.0" encoding="UTF-8"?>
<!-- Generated by org.testng.reporters.JUnitReportReporter -->
<testsuite skipped="0" hostname="aravindramesh" name="iam.USERS_get_list_of_users.TC_01_verify_whether_user_able_to_get_all_user_information" tests="1" failures="0" timestamp="27 Jul 2020 09:27:51 GMT" time="0.050" errors="0">
  <testcase name="TC__01_verify_whether_user_able_to_get_all_user_information" time="0.050" classname="iam.USERS_get_list_of_users.TC_01_verify_whether_user_able_to_get_all_user_information"/>
</testsuite> <!-- iam.USERS_get_list_of_users.TC_01_verify_whether_user_able_to_get_all_user_information -->
