<?xml version="1.0" encoding="UTF-8"?>
<!-- Generated by org.testng.reporters.JUnitReportReporter -->
<testsuite skipped="0" hostname="aravindramesh" name="iam.PROGRAM_get_program_list.TC_04_get_program_list_based_on_by_valid_merchant_with_deleted_status" tests="1" failures="0" timestamp="01 Jun 2020 05:26:27 GMT" time="0.014" errors="0">
  <testcase name="TC__01_get_program_list_by_valid_program_id" time="0.014" classname="iam.PROGRAM_get_program_list.TC_04_get_program_list_based_on_by_valid_merchant_with_deleted_status"/>
</testsuite> <!-- iam.PROGRAM_get_program_list.TC_04_get_program_list_based_on_by_valid_merchant_with_deleted_status -->
