<?xml version="1.0" encoding="UTF-8"?>
<!-- Generated by org.testng.reporters.JUnitReportReporter -->
<testsuite skipped="0" hostname="aravindramesh" name="iam.create.program.TC_14_create_program_with_FLEXI_FIELD1_as__99_characters2" tests="1" failures="0" timestamp="26 May 2020 11:37:50 GMT" time="0.009" errors="0">
  <testcase name="TC__14_create_program_with_FLEXI_FIELD1_as__99_characters2" time="0.009" classname="iam.create.program.TC_14_create_program_with_FLEXI_FIELD1_as__99_characters2"/>
</testsuite> <!-- iam.create.program.TC_14_create_program_with_FLEXI_FIELD1_as__99_characters2 -->
