<?xml version="1.0" encoding="UTF-8"?>
<!-- Generated by org.testng.reporters.JUnitReportReporter -->
<testsuite skipped="0" hostname="aravindramesh" name="iam.USER_create_user.TC_41_To_verify_set_password_field_as_TRUE_and_enter_without_decrypted_password_in_PWDfield" tests="1" failures="0" timestamp="27 Jul 2020 07:51:35 GMT" time="0.003" errors="0">
  <testcase name="TC_41_To__verify_set_password_field_as_TRUE_and_enter_without_decrypted_password_in_PWDfield" time="0.003" classname="iam.USER_create_user.TC_41_To_verify_set_password_field_as_TRUE_and_enter_without_decrypted_password_in_PWDfield"/>
</testsuite> <!-- iam.USER_create_user.TC_41_To_verify_set_password_field_as_TRUE_and_enter_without_decrypted_password_in_PWDfield -->
