<?xml version="1.0" encoding="UTF-8"?>
<!-- Generated by org.testng.reporters.JUnitReportReporter -->
<testsuite skipped="0" hostname="aravindramesh" name="iam.create.program.TC_26_create_program_with_parentprogramkey_as_37_characters" tests="1" failures="0" timestamp="27 May 2020 10:57:50 GMT" time="0.010" errors="0">
  <testcase name="TC__26_create_program_with_parentprogramkey_as_37_characters" time="0.010" classname="iam.create.program.TC_26_create_program_with_parentprogramkey_as_37_characters"/>
</testsuite> <!-- iam.create.program.TC_26_create_program_with_parentprogramkey_as_37_characters -->
