<?xml version="1.0" encoding="UTF-8"?>
<!-- Generated by org.testng.reporters.JUnitReportReporter -->
<testsuite skipped="0" hostname="aravindramesh" name="iam.PROGRAM_Retrive_program_using_programId.TC_02_Retrive_program_using_Invalid_programID" tests="1" failures="0" timestamp="02 Jul 2020 11:07:40 GMT" time="0.012" errors="0">
  <testcase name="TC_02__Retrive_program_using_Invalid_programID" time="0.012" classname="iam.PROGRAM_Retrive_program_using_programId.TC_02_Retrive_program_using_Invalid_programID"/>
</testsuite> <!-- iam.PROGRAM_Retrive_program_using_programId.TC_02_Retrive_program_using_Invalid_programID -->
