<?xml version="1.0" encoding="UTF-8"?>
<!-- Generated by org.testng.reporters.JUnitReportReporter -->
<testsuite skipped="0" hostname="aravindramesh" name="iam.CONFIGURATION_save_configuration.TC_07_To_save_configuration_without_confcode_mandatory_field3" tests="1" failures="0" timestamp="09 Jul 2020 09:17:45 GMT" time="0.001" errors="0">
  <testcase name="TC_07__To_save_configuration_without_confcode_mandatory_field3" time="0.001" classname="iam.CONFIGURATION_save_configuration.TC_07_To_save_configuration_without_confcode_mandatory_field3"/>
</testsuite> <!-- iam.CONFIGURATION_save_configuration.TC_07_To_save_configuration_without_confcode_mandatory_field3 -->
