<?xml version="1.0" encoding="UTF-8"?>
<!-- Generated by org.testng.reporters.JUnitReportReporter -->
<testsuite skipped="0" hostname="aravindramesh" name="iam.update_group.TC_02_update_group_access_without_mandatory_Fileds" tests="1" failures="0" timestamp="11 May 2020 12:25:37 GMT" time="0.010" errors="0">
  <testcase name="TC_02__update_group_access_without_mandatory_Fileds" time="0.010" classname="iam.update_group.TC_02_update_group_access_without_mandatory_Fileds"/>
</testsuite> <!-- iam.update_group.TC_02_update_group_access_without_mandatory_Fileds -->
