<?xml version="1.0" encoding="UTF-8"?>
<!-- Generated by org.testng.reporters.JUnitReportReporter -->
<testsuite skipped="0" hostname="aravindramesh" name="iam.PROFILE_create_profile.TC_22_create_profile_with_profilerole_as_4characters" tests="1" failures="0" timestamp="09 Jul 2020 10:21:05 GMT" time="0.001" errors="0">
  <testcase name="TC__22_create_profile_with_profilerole_as_4characters" time="0.001" classname="iam.PROFILE_create_profile.TC_22_create_profile_with_profilerole_as_4characters"/>
</testsuite> <!-- iam.PROFILE_create_profile.TC_22_create_profile_with_profilerole_as_4characters -->
