<?xml version="1.0" encoding="UTF-8"?>
<!-- Generated by org.testng.reporters.JUnitReportReporter -->
<testsuite skipped="0" hostname="aravindramesh" name="iam.configuration_delete_configuration.TC_01_To_delete_configuration_using_valid_configkey" tests="1" failures="0" timestamp="08 May 2020 12:17:48 GMT" time="0.012" errors="0">
  <testcase name="TC_01__To_delete_configuration_using_valid_configkey" time="0.012" classname="iam.configuration_delete_configuration.TC_01_To_delete_configuration_using_valid_configkey"/>
</testsuite> <!-- iam.configuration_delete_configuration.TC_01_To_delete_configuration_using_valid_configkey -->
