<?xml version="1.0" encoding="UTF-8"?>
<!-- Generated by org.testng.reporters.JUnitReportReporter -->
<testsuite skipped="0" hostname="aravindramesh" name="iam.create_user.TC_19_user_able_to_create_new_user_with_groupID_as_MAximum_characters_50" tests="1" failures="0" timestamp="19 May 2020 10:34:52 GMT" time="0.004" errors="0">
  <testcase name="TC__19_user_able_to_create_new_user_with_groupID_as_MAximum_characters_50" time="0.004" classname="iam.create_user.TC_19_user_able_to_create_new_user_with_groupID_as_MAximum_characters_50"/>
</testsuite> <!-- iam.create_user.TC_19_user_able_to_create_new_user_with_groupID_as_MAximum_characters_50 -->
