<?xml version="1.0" encoding="UTF-8"?>
<!-- Generated by org.testng.reporters.JUnitReportReporter -->
<testsuite skipped="0" hostname="aravindramesh" name="iam.PROGRAM_create_program.TC_21_create_program_with_programID_as_50_characters" tests="1" failures="0" timestamp="09 Jul 2020 10:42:47 GMT" time="0.002" errors="0">
  <testcase name="TC__21_create_program_with_programID_as_50_characters" time="0.002" classname="iam.PROGRAM_create_program.TC_21_create_program_with_programID_as_50_characters"/>
</testsuite> <!-- iam.PROGRAM_create_program.TC_21_create_program_with_programID_as_50_characters -->
