<?xml version="1.0" encoding="UTF-8"?>
<!-- Generated by org.testng.reporters.JUnitReportReporter -->
<testsuite skipped="0" hostname="aravindramesh" name="mobeixapi.testcases.TC_04_Delete_a_Merchant" tests="1" failures="0" timestamp="28 Apr 2020 14:52:18 GMT" time="0.001" errors="0">
  <testcase name="TC_04__Delete_a_Merchant" time="0.001" classname="mobeixapi.testcases.TC_04_Delete_a_Merchant"/>
</testsuite> <!-- mobeixapi.testcases.TC_04_Delete_a_Merchant -->
