<?xml version="1.0" encoding="UTF-8"?>
<!-- Generated by org.testng.reporters.JUnitReportReporter -->
<testsuite skipped="0" hostname="aravindramesh" name="iam.get.program_list.TC_07_get_program_list_by_created_by_maker" tests="1" failures="0" timestamp="28 May 2020 09:09:42 GMT" time="0.014" errors="0">
  <testcase name="TC__07_get_program_list_by_created_by_maker" time="0.014" classname="iam.get.program_list.TC_07_get_program_list_by_created_by_maker"/>
</testsuite> <!-- iam.get.program_list.TC_07_get_program_list_by_created_by_maker -->
