<?xml version="1.0" encoding="UTF-8"?>
<!-- Generated by org.testng.reporters.JUnitReportReporter -->
<testsuite skipped="0" hostname="aravindramesh" name="iam.PROGRAM_Get_program_details_using_programID.TC_04_Get_a_program_Details_by_valid_Active_status_programID" tests="1" failures="0" timestamp="01 Jul 2020 09:39:45 GMT" time="0.005" errors="0">
  <testcase name="TC_04_Get_a_program_Details_by__valid_Active_status_programID" time="0.005" classname="iam.PROGRAM_Get_program_details_using_programID.TC_04_Get_a_program_Details_by_valid_Active_status_programID"/>
</testsuite> <!-- iam.PROGRAM_Get_program_details_using_programID.TC_04_Get_a_program_Details_by_valid_Active_status_programID -->
