<?xml version="1.0" encoding="UTF-8"?>
<!-- Generated by org.testng.reporters.JUnitReportReporter -->
<testsuite skipped="0" hostname="aravindramesh" name="iam.CONFIGURATION_save_configuration.TC_06_To_save_configuration_without_ruletype_mandatory_field2" tests="1" failures="0" timestamp="09 Jul 2020 09:17:45 GMT" time="0.002" errors="0">
  <testcase name="TC_06_To__save_configuration_without_ruletype_mandatory_field" time="0.002" classname="iam.CONFIGURATION_save_configuration.TC_06_To_save_configuration_without_ruletype_mandatory_field2"/>
</testsuite> <!-- iam.CONFIGURATION_save_configuration.TC_06_To_save_configuration_without_ruletype_mandatory_field2 -->
