<?xml version="1.0" encoding="UTF-8"?>
<!-- Generated by org.testng.reporters.JUnitReportReporter -->
<testsuite skipped="0" hostname="aravindramesh" name="iam.PROFILE_Get_list_of_profile_detail.TC_07_get_list_profile_detail_which_has_been_INactive_status2" tests="1" failures="0" timestamp="09 Jul 2020 10:25:02 GMT" time="0.014" errors="0">
  <testcase name="TC_07__get_list_profile_detail_which_has_been_Inactive_status" time="0.014" classname="iam.PROFILE_Get_list_of_profile_detail.TC_07_get_list_profile_detail_which_has_been_INactive_status2"/>
</testsuite> <!-- iam.PROFILE_Get_list_of_profile_detail.TC_07_get_list_profile_detail_which_has_been_INactive_status2 -->
