<?xml version="1.0" encoding="UTF-8"?>
<!-- Generated by org.testng.reporters.JUnitReportReporter -->
<testsuite skipped="0" hostname="aravindramesh" name="iam.CONFIGURATION_update_configuration.TC_02_Update_configuration_with_Non_mandatory_Fileds2" tests="1" failures="0" timestamp="09 Jul 2020 09:19:07 GMT" time="0.001" errors="0">
  <testcase name="TC_02___Update_configuration_with_Non_mandatory_Fileds2" time="0.001" classname="iam.CONFIGURATION_update_configuration.TC_02_Update_configuration_with_Non_mandatory_Fileds2"/>
</testsuite> <!-- iam.CONFIGURATION_update_configuration.TC_02_Update_configuration_with_Non_mandatory_Fileds2 -->
