<?xml version="1.0" encoding="UTF-8"?>
<!-- Generated by org.testng.reporters.JUnitReportReporter -->
<testsuite skipped="0" hostname="aravindramesh" name="iam.create_profile.TC_02_create_profile_with_nonmandatory_Fileds2" tests="1" failures="0" timestamp="13 May 2020 04:32:03 GMT" time="0.010" errors="0">
  <testcase name="TC__01_create_profile_with_mandatory_Fileds" time="0.010" classname="iam.create_profile.TC_02_create_profile_with_nonmandatory_Fileds2"/>
</testsuite> <!-- iam.create_profile.TC_02_create_profile_with_nonmandatory_Fileds2 -->
