<?xml version="1.0" encoding="UTF-8"?>
<!-- Generated by org.testng.reporters.JUnitReportReporter -->
<testsuite skipped="0" hostname="aravindramesh" name="iam.Retrive_all_program_list.TC_01_To_Retrive_all_Programlist" tests="1" failures="0" timestamp="28 May 2020 11:15:10 GMT" time="0.016" errors="0">
  <testcase name="TC__01_To_Retrive_all_Programlist" time="0.016" classname="iam.Retrive_all_program_list.TC_01_To_Retrive_all_Programlist"/>
</testsuite> <!-- iam.Retrive_all_program_list.TC_01_To_Retrive_all_Programlist -->
