<?xml version="1.0" encoding="UTF-8"?>
<!-- Generated by org.testng.reporters.JUnitReportReporter -->
<testsuite skipped="0" hostname="aravindramesh" name="iam.PROFILE.Link_profile_and_Program.TC_04__Link_profile_and_program_with_Invalid_profilekey" tests="1" failures="0" timestamp="07 Jul 2020 11:13:22 GMT" time="0.005" errors="0">
  <testcase name="TC__01__Link_profile_and_program_with_mandatory_fields" time="0.005" classname="iam.PROFILE.Link_profile_and_Program.TC_04__Link_profile_and_program_with_Invalid_profilekey"/>
</testsuite> <!-- iam.PROFILE.Link_profile_and_Program.TC_04__Link_profile_and_program_with_Invalid_profilekey -->
