<?xml version="1.0" encoding="UTF-8"?>
<!-- Generated by org.testng.reporters.JUnitReportReporter -->
<testsuite skipped="0" hostname="aravindramesh" name="iam.PROGRAM_create_program.TC_16_create_program_with_FLEXI_FIELD1_as__101_characters" tests="1" failures="0" timestamp="09 Jul 2020 10:42:47 GMT" time="0.001" errors="0">
  <testcase name="TC__16_create_program_with_FLEXI_FIELD1_as__101_characters" time="0.001" classname="iam.PROGRAM_create_program.TC_16_create_program_with_FLEXI_FIELD1_as__101_characters"/>
</testsuite> <!-- iam.PROGRAM_create_program.TC_16_create_program_with_FLEXI_FIELD1_as__101_characters -->
