<?xml version="1.0" encoding="UTF-8"?>
<!-- Generated by org.testng.reporters.JUnitReportReporter -->
<testsuite skipped="0" hostname="aravindramesh" name="iam.configuration_get_configuration.TC_02_To_get_list_of_configuration_with_invalid_merchantid" tests="1" failures="0" timestamp="06 May 2020 10:21:50 GMT" time="0.013" errors="0">
  <testcase name="TC_02__To_get_list_of_configuration_with_invalid_merchantid" time="0.013" classname="iam.configuration_get_configuration.TC_02_To_get_list_of_configuration_with_invalid_merchantid"/>
</testsuite> <!-- iam.configuration_get_configuration.TC_02_To_get_list_of_configuration_with_invalid_merchantid -->
