<?xml version="1.0" encoding="UTF-8"?>
<!-- Generated by org.testng.reporters.JUnitReportReporter -->
<testsuite skipped="0" hostname="aravindramesh" name="iam.PROFILE.Link_profile_and_Program.TC_03__Link_profile_and_program_with_Invalid_prgID_prgkey" tests="1" failures="0" timestamp="07 Jul 2020 10:53:49 GMT" time="0.005" errors="0">
  <testcase name="TC_03_Link_profile_and_program_with_Invalid_prgID_prgkey" time="0.005" classname="iam.PROFILE.Link_profile_and_Program.TC_03__Link_profile_and_program_with_Invalid_prgID_prgkey"/>
</testsuite> <!-- iam.PROFILE.Link_profile_and_Program.TC_03__Link_profile_and_program_with_Invalid_prgID_prgkey -->
