<?xml version="1.0" encoding="UTF-8"?>
<!-- Generated by org.testng.reporters.JUnitReportReporter -->
<testsuite skipped="0" hostname="aravindramesh" name="iam.USER_create_user.TC_01_27_28_32_33_47_50_56_user_able_to_create_new_user" tests="1" failures="0" timestamp="27 Jul 2020 07:51:35 GMT" time="0.006" errors="0">
  <testcase name="TC__01_27_28_32_33_47_50_56_user_able_to_create_new_user" time="0.006" classname="iam.USER_create_user.TC_01_27_28_32_33_47_50_56_user_able_to_create_new_user"/>
</testsuite> <!-- iam.USER_create_user.TC_01_27_28_32_33_47_50_56_user_able_to_create_new_user -->
