<?xml version="1.0" encoding="UTF-8"?>
<!-- Generated by org.testng.reporters.JUnitReportReporter -->
<testsuite skipped="0" hostname="aravindramesh" name="iam.USER_create_user.TC_24_user_able_to_create_new_withuserID_field_with_maximum_51_characters2" tests="1" failures="0" timestamp="27 Jul 2020 07:51:35 GMT" time="0.003" errors="0">
  <testcase name="TC__24_user_able_to_create_new_withuserID_field_with_maximum_51_characters2" time="0.003" classname="iam.USER_create_user.TC_24_user_able_to_create_new_withuserID_field_with_maximum_51_characters2"/>
</testsuite> <!-- iam.USER_create_user.TC_24_user_able_to_create_new_withuserID_field_with_maximum_51_characters2 -->
