<?xml version="1.0" encoding="UTF-8"?>
<!-- Generated by org.testng.reporters.JUnitReportReporter -->
<testsuite skipped="0" hostname="aravindramesh" name="iam.delete_group.TC_01_delete_group_access_with_valid_groupID" tests="1" failures="0" timestamp="12 May 2020 06:57:26 GMT" time="0.004" errors="0">
  <testcase name="TC_01__get_group_access_with_valid_groupID" time="0.004" classname="iam.delete_group.TC_01_delete_group_access_with_valid_groupID"/>
</testsuite> <!-- iam.delete_group.TC_01_delete_group_access_with_valid_groupID -->
