<?xml version="1.0" encoding="UTF-8"?>
<!-- Generated by org.testng.reporters.JUnitReportReporter -->
<testsuite skipped="0" hostname="aravindramesh" name="iam.get.program_list.TC_01_get_program_list_by_valid_program_id" tests="1" failures="0" timestamp="28 May 2020 07:22:50 GMT" time="0.009" errors="0">
  <testcase name="TC__01_get_program_list_by_valid_program_id" time="0.009" classname="iam.get.program_list.TC_01_get_program_list_by_valid_program_id"/>
</testsuite> <!-- iam.get.program_list.TC_01_get_program_list_by_valid_program_id -->
