<?xml version="1.0" encoding="UTF-8"?>
<!-- Generated by org.testng.reporters.JUnitReportReporter -->
<testsuite skipped="0" hostname="aravindramesh" name="iam.GROUP_get_group.TC_01_get_list_profile_detail_created_by_admin" tests="1" failures="0" timestamp="09 Jul 2020 09:43:49 GMT" time="0.009" errors="0">
  <testcase name="TC_01__get_list_profile_detail_created_by_admin" time="0.009" classname="iam.GROUP_get_group.TC_01_get_list_profile_detail_created_by_admin"/>
</testsuite> <!-- iam.GROUP_get_group.TC_01_get_list_profile_detail_created_by_admin -->
