<?xml version="1.0" encoding="UTF-8"?>
<!-- Generated by org.testng.reporters.JUnitReportReporter -->
<testsuite skipped="0" hostname="aravindramesh" name="iam.create_profile.TC_07_create_profile_without_profiledesc" tests="1" failures="0" timestamp="14 May 2020 04:45:06 GMT" time="0.008" errors="0">
  <testcase name="TC__07_create_profile_without_profiledesc" time="0.008" classname="iam.create_profile.TC_07_create_profile_without_profiledesc"/>
</testsuite> <!-- iam.create_profile.TC_07_create_profile_without_profiledesc -->
