<?xml version="1.0" encoding="UTF-8"?>
<!-- Generated by org.testng.reporters.JUnitReportReporter -->
<testsuite skipped="0" hostname="aravindramesh" name="iam.update_group.TC_03_update_group_access_without_increment_version_mandatory_Fileds2" tests="1" failures="0" timestamp="11 May 2020 12:25:03 GMT" time="0.012" errors="0">
  <testcase name="TC_03__update_group_access_without_increment_version_mandatory_Fileds2" time="0.012" classname="iam.update_group.TC_03_update_group_access_without_increment_version_mandatory_Fileds2"/>
</testsuite> <!-- iam.update_group.TC_03_update_group_access_without_increment_version_mandatory_Fileds2 -->
