<?xml version="1.0" encoding="UTF-8"?>
<!-- Generated by org.testng.reporters.JUnitReportReporter -->
<testsuite skipped="0" hostname="aravindramesh" name="iam.PROGRAM_update_program.TC_09_update_program_without_Merchant_ID_field" tests="1" failures="0" timestamp="09 Jul 2020 10:45:59 GMT" time="0.004" errors="0">
  <testcase name="TC__09_update_program_without_Merchant_ID_field" time="0.004" classname="iam.PROGRAM_update_program.TC_09_update_program_without_Merchant_ID_field"/>
</testsuite> <!-- iam.PROGRAM_update_program.TC_09_update_program_without_Merchant_ID_field -->
