<?xml version="1.0" encoding="UTF-8"?>
<!-- Generated by org.testng.reporters.JUnitReportReporter -->
<testsuite skipped="0" hostname="aravindramesh" name="iam.PROGRAM_GROUP_create_program_Group.TC_01_create_programgroup_with_mandatory_Fileds" tests="1" failures="0" timestamp="25 Jun 2020 09:30:30 GMT" time="0.005" errors="0">
  <testcase name="TC_01__create_programgroup_with_mandatory_Fileds" time="0.005" classname="iam.PROGRAM_GROUP_create_program_Group.TC_01_create_programgroup_with_mandatory_Fileds"/>
</testsuite> <!-- iam.PROGRAM_GROUP_create_program_Group.TC_01_create_programgroup_with_mandatory_Fileds -->
