<?xml version="1.0" encoding="UTF-8"?>
<!-- Generated by org.testng.reporters.JUnitReportReporter -->
<testsuite skipped="0" hostname="aravindramesh" name="iam.PROGRAM_update_program.TC_05update_program_without_program_name_field" tests="1" failures="0" timestamp="09 Jul 2020 10:48:10 GMT" time="0.004" errors="0">
  <testcase name="TC__05update_program_without_program_name_field" time="0.004" classname="iam.PROGRAM_update_program.TC_05update_program_without_program_name_field"/>
</testsuite> <!-- iam.PROGRAM_update_program.TC_05update_program_without_program_name_field -->
