<?xml version="1.0" encoding="UTF-8"?>
<!-- Generated by org.testng.reporters.JUnitReportReporter -->
<testsuite skipped="0" hostname="aravindramesh" name="iam.USER_Delete_users.TC_11_delete_a_user_not_exist" tests="1" failures="0" timestamp="27 Jul 2020 08:06:58 GMT" time="0.002" errors="0">
  <testcase name="TC_11_delete_a_user_not_exist" time="0.002" classname="iam.USER_Delete_users.TC_11_delete_a_user_not_exist"/>
</testsuite> <!-- iam.USER_Delete_users.TC_11_delete_a_user_not_exist -->
