<?xml version="1.0" encoding="UTF-8"?>
<!-- Generated by org.testng.reporters.JUnitReportReporter -->
<testsuite skipped="0" hostname="aravindramesh" name="iam.PROGRAM_delete_program.TC_01_delete_program_by_valid_programkey" tests="1" failures="0" timestamp="26 Jun 2020 06:34:03 GMT" time="0.004" errors="0">
  <testcase name="TC_01_delete_program_by_valid_programkey_" time="0.004" classname="iam.PROGRAM_delete_program.TC_01_delete_program_by_valid_programkey"/>
</testsuite> <!-- iam.PROGRAM_delete_program.TC_01_delete_program_by_valid_programkey -->
