<?xml version="1.0" encoding="UTF-8"?>
<!-- Generated by org.testng.reporters.JUnitReportReporter -->
<testsuite skipped="0" hostname="aravindramesh" name="iam.create_user.TC_22_user_able_to_create_new_withuserID_field_with_minimum7_characters" tests="1" failures="0" timestamp="19 May 2020 12:31:20 GMT" time="0.005" errors="0">
  <testcase name="TC__22_user_able_to_create_new_withuserID_field_with_minimum7_characters" time="0.005" classname="iam.create_user.TC_22_user_able_to_create_new_withuserID_field_with_minimum7_characters"/>
</testsuite> <!-- iam.create_user.TC_22_user_able_to_create_new_withuserID_field_with_minimum7_characters -->
