<?xml version="1.0" encoding="UTF-8"?>
<!-- Generated by org.testng.reporters.JUnitReportReporter -->
<testsuite skipped="0" hostname="aravindramesh" name="iam.USER_Validate_Userdata.TC_01_Validate_user_with_valid_userdata" tests="1" failures="0" timestamp="27 Jul 2020 08:07:35 GMT" time="0.006" errors="0">
  <testcase name="TC__01_Validate_user_with_valid_userdata" time="0.006" classname="iam.USER_Validate_Userdata.TC_01_Validate_user_with_valid_userdata"/>
</testsuite> <!-- iam.USER_Validate_Userdata.TC_01_Validate_user_with_valid_userdata -->
