<?xml version="1.0" encoding="UTF-8"?>
<!-- Generated by org.testng.reporters.JUnitReportReporter -->
<testsuite skipped="0" hostname="aravindramesh" name="iam.PROFILE_Get_profile_details_by_Profile_ID.TC_01_Get_a_profile_Details_by_createdby_ADMIN" tests="1" failures="0" timestamp="03 Jul 2020 11:49:49 GMT" time="0.004" errors="0">
  <testcase name="TC_01_Get_a__profile_Details_by_createdby_ADMIN" time="0.004" classname="iam.PROFILE_Get_profile_details_by_Profile_ID.TC_01_Get_a_profile_Details_by_createdby_ADMIN"/>
</testsuite> <!-- iam.PROFILE_Get_profile_details_by_Profile_ID.TC_01_Get_a_profile_Details_by_createdby_ADMIN -->
