<?xml version="1.0" encoding="UTF-8"?>
<!-- Generated by org.testng.reporters.JUnitReportReporter -->
<testsuite skipped="0" hostname="aravindramesh" name="iam.GROUP_update_group.TC_01_update_group_access_with_mandatory_Fileds" tests="1" failures="0" timestamp="09 Jul 2020 09:58:59 GMT" time="0.009" errors="0">
  <testcase name="TC_01__update_group_access_with_mandatory_Fileds" time="0.009" classname="iam.GROUP_update_group.TC_01_update_group_access_with_mandatory_Fileds"/>
</testsuite> <!-- iam.GROUP_update_group.TC_01_update_group_access_with_mandatory_Fileds -->
