<?xml version="1.0" encoding="UTF-8"?>
<!-- Generated by org.testng.reporters.JUnitReportReporter -->
<testsuite skipped="0" hostname="aravindramesh" name="iam.create_user.TC_01_user_able_to_create_new_user" tests="1" failures="0" timestamp="18 May 2020 12:35:52 GMT" time="0.005" errors="0">
  <testcase name="TC_01_user_able_to_create_new_user" time="0.005" classname="iam.create_user.TC_01_user_able_to_create_new_user"/>
</testsuite> <!-- iam.create_user.TC_01_user_able_to_create_new_user -->
