<?xml version="1.0" encoding="UTF-8"?>
<!-- Generated by org.testng.reporters.JUnitReportReporter -->
<testsuite skipped="0" hostname="aravindramesh" name="iam.PROFILE.Link_profile_and_Program.TC_01__Link_profile_and_program_with_mandatory_fields" tests="1" failures="0" timestamp="08 Jul 2020 05:56:35 GMT" time="0.004" errors="0">
  <testcase name="TC__01__Link_profile_and_program_with_mandatory_fields" time="0.004" classname="iam.PROFILE.Link_profile_and_Program.TC_01__Link_profile_and_program_with_mandatory_fields"/>
</testsuite> <!-- iam.PROFILE.Link_profile_and_Program.TC_01__Link_profile_and_program_with_mandatory_fields -->
