<?xml version="1.0" encoding="UTF-8"?>
<!-- Generated by org.testng.reporters.JUnitReportReporter -->
<testsuite skipped="0" hostname="aravindramesh" name="iam.PROGRAM_Retrieve_all_program_list.TC_01_To_Retrive_all_Program_list" tests="1" failures="0" timestamp="08 Jul 2020 07:59:45 GMT" time="0.010" errors="0">
  <testcase name="TC__01_To_Retrive_all_Program_data_list" time="0.010" classname="iam.PROGRAM_Retrieve_all_program_list.TC_01_To_Retrive_all_Program_list"/>
</testsuite> <!-- iam.PROGRAM_Retrieve_all_program_list.TC_01_To_Retrive_all_Program_list -->
