<?xml version="1.0" encoding="UTF-8"?>
<!-- Generated by org.testng.reporters.JUnitReportReporter -->
<testsuite skipped="0" hostname="aravindramesh" name="iam.create_user.TC_51_To_verify_MPIN_field_with_invalid_MPIN" tests="1" failures="0" timestamp="21 May 2020 06:02:14 GMT" time="0.005" errors="0">
  <testcase name="TC__51_To_verify_MPIN_field_with_invalid_MPIN" time="0.005" classname="iam.create_user.TC_51_To_verify_MPIN_field_with_invalid_MPIN"/>
</testsuite> <!-- iam.create_user.TC_51_To_verify_MPIN_field_with_invalid_MPIN -->
