<?xml version="1.0" encoding="UTF-8"?>
<!-- Generated by org.testng.reporters.JUnitReportReporter -->
<testsuite skipped="0" hostname="aravindramesh" name="iam.create.program.TC_29_create_program_with_serviceID_as_19_characters" tests="1" failures="0" timestamp="27 May 2020 13:18:32 GMT" time="0.015" errors="0">
  <testcase name="TC__29_create_program_with_serviceID_as_19_characters" time="0.015" classname="iam.create.program.TC_29_create_program_with_serviceID_as_19_characters"/>
</testsuite> <!-- iam.create.program.TC_29_create_program_with_serviceID_as_19_characters -->
