<?xml version="1.0" encoding="UTF-8"?>
<!-- Generated by org.testng.reporters.JUnitReportReporter -->
<testsuite skipped="0" hostname="aravindramesh" name="iam.PROFILE_Get_profile_details_by_Profile_ID.TC_07_Get_a_profile_Details_by_createdby_MAKER_CHECKER_profileID2" tests="1" failures="0" timestamp="09 Jul 2020 10:36:41 GMT" time="0.004" errors="0">
  <testcase name="TC_07_Get_a__profile_Details_by_createdby_MAKER_CHECKER_profileID2" time="0.004" classname="iam.PROFILE_Get_profile_details_by_Profile_ID.TC_07_Get_a_profile_Details_by_createdby_MAKER_CHECKER_profileID2"/>
</testsuite> <!-- iam.PROFILE_Get_profile_details_by_Profile_ID.TC_07_Get_a_profile_Details_by_createdby_MAKER_CHECKER_profileID2 -->
