<?xml version="1.0" encoding="UTF-8"?>
<!-- Generated by org.testng.reporters.JUnitReportReporter -->
<testsuite skipped="0" hostname="aravindramesh" name="iam.PROGRAM_create_program.TC_31_create_program_with_serviceID_as_21_characters" tests="1" failures="0" timestamp="24 Jun 2020 05:45:04 GMT" time="0.009" errors="0">
  <testcase name="TC__31_create_program_with_serviceID_as_21_characters" time="0.009" classname="iam.PROGRAM_create_program.TC_31_create_program_with_serviceID_as_21_characters"/>
</testsuite> <!-- iam.PROGRAM_create_program.TC_31_create_program_with_serviceID_as_21_characters -->
