<?xml version="1.0" encoding="UTF-8"?>
<!-- Generated by org.testng.reporters.JUnitReportReporter -->
<testsuite skipped="0" hostname="aravindramesh" name="iam.create_user.TC_02_user_able_to_create_new_user_with_MPIN" tests="1" failures="0" timestamp="21 May 2020 07:50:31 GMT" time="0.004" errors="0">
  <testcase name="TC_02__user_able_to_create_new_user_with_MPIN" time="0.004" classname="iam.create_user.TC_02_user_able_to_create_new_user_with_MPIN"/>
</testsuite> <!-- iam.create_user.TC_02_user_able_to_create_new_user_with_MPIN -->
