<?xml version="1.0" encoding="UTF-8"?>
<!-- Generated by org.testng.reporters.JUnitReportReporter -->
<testsuite skipped="0" hostname="aravindramesh" name="iam.create_user.TC_29__create_user_with_username_field_as_maximum_51_characters" tests="1" failures="0" timestamp="20 May 2020 05:15:16 GMT" time="0.004" errors="0">
  <testcase name="TC_28_create_user_with_username_field_as_maximum_characters" time="0.004" classname="iam.create_user.TC_29__create_user_with_username_field_as_maximum_51_characters"/>
</testsuite> <!-- iam.create_user.TC_29__create_user_with_username_field_as_maximum_51_characters -->
