<?xml version="1.0" encoding="UTF-8"?>
<!-- Generated by org.testng.reporters.JUnitReportReporter -->
<testsuite skipped="0" hostname="aravindramesh" name="iam.PROFILE_update_profile.TC_01_update_profile_with_mandatory_Fileds" tests="1" failures="0" timestamp="29 Jun 2020 07:26:47 GMT" time="0.004" errors="0">
  <testcase name="TC__01_create_profile_with_mandatory_Fileds" time="0.004" classname="iam.PROFILE_update_profile.TC_01_update_profile_with_mandatory_Fileds"/>
</testsuite> <!-- iam.PROFILE_update_profile.TC_01_update_profile_with_mandatory_Fileds -->
