<?xml version="1.0" encoding="UTF-8"?>
<!-- Generated by org.testng.reporters.JUnitReportReporter -->
<testsuite skipped="0" hostname="aravindramesh" name="iam.configuration_save_configuration.TC_04_To_save_configuration_with_Non_mandatory_Fileds" tests="1" failures="0" timestamp="30 Apr 2020 09:33:02 GMT" time="0.002" errors="0">
  <testcase name="TC_04_To__save_configuration_with_Non_mandatory_Fileds" time="0.002" classname="iam.configuration_save_configuration.TC_04_To_save_configuration_with_Non_mandatory_Fileds"/>
</testsuite> <!-- iam.configuration_save_configuration.TC_04_To_save_configuration_with_Non_mandatory_Fileds -->
