<?xml version="1.0" encoding="UTF-8"?>
<!-- Generated by org.testng.reporters.JUnitReportReporter -->
<testsuite skipped="0" hostname="aravindramesh" name="iam.create_profile.TC_06_create_profile_without_groupID" tests="1" failures="0" timestamp="14 May 2020 04:32:02 GMT" time="0.010" errors="0">
  <testcase name="TC__01_create_profile_with_mandatory_Fileds" time="0.010" classname="iam.create_profile.TC_06_create_profile_without_groupID"/>
</testsuite> <!-- iam.create_profile.TC_06_create_profile_without_groupID -->
