<?xml version="1.0" encoding="UTF-8"?>
<!-- Generated by org.testng.reporters.JUnitReportReporter -->
<testsuite skipped="0" hostname="aravindramesh" name="mobeixapi.testcases.TC_01_Create_a_Merchant" tests="1" failures="0" timestamp="28 Apr 2020 14:52:18 GMT" time="0.047" errors="0">
  <testcase name="TC_01__Create_a_Merchant" time="0.047" classname="mobeixapi.testcases.TC_01_Create_a_Merchant"/>
</testsuite> <!-- mobeixapi.testcases.TC_01_Create_a_Merchant -->
