<?xml version="1.0" encoding="UTF-8"?>
<!-- Generated by org.testng.reporters.JUnitReportReporter -->
<testsuite skipped="0" hostname="aravindramesh" name="iam.create.program.TC_11_create_program_with_PRG_URL_as__200_characters" tests="1" failures="0" timestamp="26 May 2020 11:12:11 GMT" time="0.010" errors="0">
  <testcase name="TC__11_create_program_with_PRG_URL_as__200_characters" time="0.010" classname="iam.create.program.TC_11_create_program_with_PRG_URL_as__200_characters"/>
</testsuite> <!-- iam.create.program.TC_11_create_program_with_PRG_URL_as__200_characters -->
