<?xml version="1.0" encoding="UTF-8"?>
<!-- Generated by org.testng.reporters.JUnitReportReporter -->
<testsuite skipped="0" hostname="aravindramesh" name="iam.PROFILE_update_profile.TC_01_02_10_11_12_13_14_15update_profile_with_mandatory_Fileds" tests="1" failures="0" timestamp="09 Jul 2020 10:40:18 GMT" time="0.012" errors="0">
  <testcase name="TC_01_02_10_11_12__13_14_15update_profile_with_mandatory_Fileds" time="0.012" classname="iam.PROFILE_update_profile.TC_01_02_10_11_12_13_14_15update_profile_with_mandatory_Fileds"/>
</testsuite> <!-- iam.PROFILE_update_profile.TC_01_02_10_11_12_13_14_15update_profile_with_mandatory_Fileds -->
