<?xml version="1.0" encoding="UTF-8"?>
<!-- Generated by org.testng.reporters.JUnitReportReporter -->
<testsuite skipped="0" hostname="aravindramesh" name="iam.PROGRAM_Get_program_details_using_programID.TC_10_Get_a_program_Details_by_createby_maker_checker_programID" tests="1" failures="0" timestamp="01 Jul 2020 10:05:51 GMT" time="0.004" errors="0">
  <testcase name="TC_10_Get_a_program_Details_by__createby_maker_checker_programID" time="0.004" classname="iam.PROGRAM_Get_program_details_using_programID.TC_10_Get_a_program_Details_by_createby_maker_checker_programID"/>
</testsuite> <!-- iam.PROGRAM_Get_program_details_using_programID.TC_10_Get_a_program_Details_by_createby_maker_checker_programID -->
