<?xml version="1.0" encoding="UTF-8"?>
<!-- Generated by org.testng.reporters.JUnitReportReporter -->
<testsuite skipped="0" hostname="aravindramesh" name="iam.USER_create_user.TC_29__create_user_with_username_field_as_maximum_51_characters" tests="1" failures="0" timestamp="27 Jul 2020 07:51:35 GMT" time="0.003" errors="0">
  <testcase name="TC_29_create_user_with_username_field_as_maximum_characters" time="0.003" classname="iam.USER_create_user.TC_29__create_user_with_username_field_as_maximum_51_characters"/>
</testsuite> <!-- iam.USER_create_user.TC_29__create_user_with_username_field_as_maximum_51_characters -->
