<?xml version="1.0" encoding="UTF-8"?>
<!-- Generated by org.testng.reporters.JUnitReportReporter -->
<testsuite skipped="0" hostname="aravindramesh" name="iam.get.program_list.TC_03_get_program_list_by_already_deleted_program_based_on_valid_merchantID" tests="1" failures="0" timestamp="28 May 2020 08:54:37 GMT" time="0.015" errors="0">
  <testcase name="TC__03_get_program_list_by_already_deleted_program_based_on_valid_merchantID" time="0.015" classname="iam.get.program_list.TC_03_get_program_list_by_already_deleted_program_based_on_valid_merchantID"/>
</testsuite> <!-- iam.get.program_list.TC_03_get_program_list_by_already_deleted_program_based_on_valid_merchantID -->
