<?xml version="1.0" encoding="UTF-8"?>
<!-- Generated by org.testng.reporters.JUnitReportReporter -->
<testsuite skipped="0" hostname="aravindramesh" name="iam.create_user.TC_30_create_user_with_username_field_as_blank_space" tests="1" failures="0" timestamp="20 May 2020 05:31:07 GMT" time="0.005" errors="0">
  <testcase name="TC__30_create_user_with_username_field_as_blank_space" time="0.005" classname="iam.create_user.TC_30_create_user_with_username_field_as_blank_space"/>
</testsuite> <!-- iam.create_user.TC_30_create_user_with_username_field_as_blank_space -->
