<?xml version="1.0" encoding="UTF-8"?>
<!-- Generated by org.testng.reporters.JUnitReportReporter -->
<testsuite skipped="0" hostname="aravindramesh" name="iam.create.program.TC_23_create_program_with_merchantID_as_38_characters2" tests="1" failures="0" timestamp="27 May 2020 10:14:05 GMT" time="0.001" errors="0">
  <testcase name="TC__23_create_program_with_merchantID_as_39_characters2" time="0.001" classname="iam.create.program.TC_23_create_program_with_merchantID_as_38_characters2"/>
</testsuite> <!-- iam.create.program.TC_23_create_program_with_merchantID_as_38_characters2 -->
