<?xml version="1.0" encoding="UTF-8"?>
<!-- Generated by org.testng.reporters.JUnitReportReporter -->
<testsuite skipped="0" hostname="aravindramesh" name="iam.create_profile.TC_11_create_profile_with_profileID_as_50characters" tests="1" failures="0" timestamp="14 May 2020 05:55:12 GMT" time="0.009" errors="0">
  <testcase name="TC_10__create_profile_with_profileID_as_50characters" time="0.009" classname="iam.create_profile.TC_11_create_profile_with_profileID_as_50characters"/>
</testsuite> <!-- iam.create_profile.TC_11_create_profile_with_profileID_as_50characters -->
