<?xml version="1.0" encoding="UTF-8"?>
<!-- Generated by org.testng.reporters.JUnitReportReporter -->
<testsuite skipped="0" hostname="aravindramesh" name="iam.USER_Delete_users.TC_01_delete_active_admin_user" tests="1" failures="0" timestamp="04 Jun 2020 13:16:30 GMT" time="0.004" errors="0">
  <testcase name="TC__01_delete_active_admin_user" time="0.004" classname="iam.USER_Delete_users.TC_01_delete_active_admin_user"/>
</testsuite> <!-- iam.USER_Delete_users.TC_01_delete_active_admin_user -->
