<?xml version="1.0" encoding="UTF-8"?>
<!-- Generated by org.testng.reporters.JUnitReportReporter -->
<testsuite skipped="0" hostname="aravindramesh" name="iam.create_user.TC_14_user_able_to_create_admin_witout_userID" tests="1" failures="0" timestamp="19 May 2020 07:14:20 GMT" time="0.005" errors="0">
  <testcase name="TC__14_user_able_to_create_admin_witout_userID" time="0.005" classname="iam.create_user.TC_14_user_able_to_create_admin_witout_userID"/>
</testsuite> <!-- iam.create_user.TC_14_user_able_to_create_admin_witout_userID -->
