<?xml version="1.0" encoding="UTF-8"?>
<!-- Generated by org.testng.reporters.JUnitReportReporter -->
<testsuite skipped="0" hostname="aravindramesh" name="iam.get.program_list.TC_08_get_program_list_by_created_by_checker" tests="1" failures="0" timestamp="28 May 2020 09:13:49 GMT" time="0.015" errors="0">
  <testcase name="TC__08_get_program_list_by_created_by_checker" time="0.015" classname="iam.get.program_list.TC_08_get_program_list_by_created_by_checker"/>
</testsuite> <!-- iam.get.program_list.TC_08_get_program_list_by_created_by_checker -->
