<?xml version="1.0" encoding="UTF-8"?>
<!-- Generated by org.testng.reporters.JUnitReportReporter -->
<testsuite skipped="0" hostname="aravindramesh" name="iam.PROFILE_update_profile.TC_17_update_profile_with_CHECKER_role" tests="1" failures="0" timestamp="09 Jul 2020 10:41:36 GMT" time="0.005" errors="0">
  <testcase name="TC_17__update_profile_with_CHECKER_role" time="0.005" classname="iam.PROFILE_update_profile.TC_17_update_profile_with_CHECKER_role"/>
</testsuite> <!-- iam.PROFILE_update_profile.TC_17_update_profile_with_CHECKER_role -->
