<?xml version="1.0" encoding="UTF-8"?>
<!-- Generated by org.testng.reporters.JUnitReportReporter -->
<testsuite skipped="0" hostname="aravindramesh" name="iam.USER_Delete_users.TC_01_3_5_8_9_delete_active_admin_maker_checker_inquirer_MAKER_CHECKER_user" tests="1" failures="0" timestamp="27 Jul 2020 08:06:58 GMT" time="0.006" errors="0">
  <testcase name="TC__01_delete_active_admin_user" time="0.006" classname="iam.USER_Delete_users.TC_01_3_5_8_9_delete_active_admin_maker_checker_inquirer_MAKER_CHECKER_user"/>
</testsuite> <!-- iam.USER_Delete_users.TC_01_3_5_8_9_delete_active_admin_maker_checker_inquirer_MAKER_CHECKER_user -->
