<?xml version="1.0" encoding="UTF-8"?>
<!-- Generated by org.testng.reporters.JUnitReportReporter -->
<testsuite skipped="0" hostname="aravindramesh" name="iam.PROFILE_Get_list_of_profile_detail.TC_01_get_list_profile_detail_created_by_admin" tests="1" failures="0" timestamp="09 Jul 2020 10:24:13 GMT" time="0.017" errors="0">
  <testcase name="TC_01__get_list_profile_detail_created_by_admin" time="0.017" classname="iam.PROFILE_Get_list_of_profile_detail.TC_01_get_list_profile_detail_created_by_admin"/>
</testsuite> <!-- iam.PROFILE_Get_list_of_profile_detail.TC_01_get_list_profile_detail_created_by_admin -->
