<?xml version="1.0" encoding="UTF-8"?>
<!-- Generated by org.testng.reporters.JUnitReportReporter -->
<testsuite skipped="0" hostname="aravindramesh" name="iam.USERS.update_users.TC_14_Update_user_by_flag" tests="1" failures="0" timestamp="02 Jun 2020 09:28:45 GMT" time="0.003" errors="0">
  <testcase name="TC_14_Update_user_by_flag" time="0.003" classname="iam.USERS.update_users.TC_14_Update_user_by_flag"/>
</testsuite> <!-- iam.USERS.update_users.TC_14_Update_user_by_flag -->
