<?xml version="1.0" encoding="UTF-8"?>
<!-- Generated by org.testng.reporters.JUnitReportReporter -->
<testsuite skipped="0" hostname="aravindramesh" name="iam.create_profile.TC_20_create_profile_with_createdby_as_50characters" tests="1" failures="0" timestamp="14 May 2020 06:58:55 GMT" time="0.010" errors="0">
  <testcase name="TC_20_create_profile_with_createdby_as_50characters" time="0.010" classname="iam.create_profile.TC_20_create_profile_with_createdby_as_50characters"/>
</testsuite> <!-- iam.create_profile.TC_20_create_profile_with_createdby_as_50characters -->
