<?xml version="1.0" encoding="UTF-8"?>
<!-- Generated by org.testng.reporters.JUnitReportReporter -->
<testsuite skipped="0" hostname="aravindramesh" name="iam.PROGRAM_Retrive_program_using_programId.TC_07Retrive_a_program_using_createby_admin_programID" tests="1" failures="0" timestamp="02 Jul 2020 09:37:47 GMT" time="0.004" errors="0">
  <testcase name="TC_07_Get_a_program_Details__by_createby_admin_programID" time="0.004" classname="iam.PROGRAM_Retrive_program_using_programId.TC_07Retrive_a_program_using_createby_admin_programID"/>
</testsuite> <!-- iam.PROGRAM_Retrive_program_using_programId.TC_07Retrive_a_program_using_createby_admin_programID -->
