<?xml version="1.0" encoding="UTF-8"?>
<!-- Generated by org.testng.reporters.JUnitReportReporter -->
<testsuite skipped="0" hostname="aravindramesh" name="iam.create_user.TC_48_To_verify_TwoFactorStatus_with_maximum_characters" tests="1" failures="0" timestamp="20 May 2020 07:30:22 GMT" time="0.005" errors="0">
  <testcase name="TC_48__To_verify_TwoFactorStatus_with_maximum_characters" time="0.005" classname="iam.create_user.TC_48_To_verify_TwoFactorStatus_with_maximum_characters"/>
</testsuite> <!-- iam.create_user.TC_48_To_verify_TwoFactorStatus_with_maximum_characters -->
